KST 08/09/24 16:32:02 INFO [info_mgr] > Created Logger. (info_mgr)
KST 08/09/24 16:32:02 INFO [info_mgr] > Logging start. <class 'module.info_manager.InfoManager'>
KST 08/09/24 16:32:02 INFO [info_mgr] >  * Regi station list : [{'keyword': '47307', 'stationDesc': 'TEST1', 'stationInfo': None, 'arvlBus': None, 'arvlBusInfo': [], 'arvlBusRouteInfo': [], 'weatherInfo': None, 'finedustInfo': None}, {'keyword': '00000', 'stationDesc': 'TEST2', 'stationInfo': None, 'arvlBus': None, 'arvlBusInfo': [], 'arvlBusRouteInfo': [], 'weatherInfo': None, 'finedustInfo': None}]
/home/admin/BITP_v2
.env Path='/home/admin/BITP_v2/src/.env'
SERVICE_KEY load successful [Y+K/PG7BzlPBzLKybehRrc2U90kkXQbkuDj3DrFrnXRgL2UWCO8uIyaHlZPaKPsHPn0nCF2fcRP6eVnAUn4mUA==]
.env Path='/home/admin/BITP_v2/src/.env'
GOOGLE_KEY load successful [AIzaSyBQ5CwmM5_l9VTsOgB1Ih6ej94Aw-I3JDw]
 * InfoManager Regi SERVICE_KEY :  Y+K/PG7BzlPBzLKybehRrc2U90kkXQbkuDj3DrFrnXRgL2UWCO8uIyaHlZPaKPsHPn0nCF2fcRP6eVnAUn4mUA==
Traceback (most recent call last):
  File "/home/admin/BITP_v2/app.py", line 51, in <module>
  File "/home/admin/BITP_v2/module/matrix_manager.py", line 113, in show_text_page
KeyboardInterrupt
KST 08/09/24 16:32:14 INFO [info_mgr] > Created Logger. (info_mgr)
KST 08/09/24 16:32:14 INFO [info_mgr] > Logging start. <class 'module.info_manager.InfoManager'>
KST 08/09/24 16:32:14 INFO [info_mgr] >  * Regi station list : [{'keyword': '47307', 'stationDesc': 'TEST1', 'stationInfo': None, 'arvlBus': None, 'arvlBusInfo': [], 'arvlBusRouteInfo': [], 'weatherInfo': None, 'finedustInfo': None}, {'keyword': '00000', 'stationDesc': 'TEST2', 'stationInfo': None, 'arvlBus': None, 'arvlBusInfo': [], 'arvlBusRouteInfo': [], 'weatherInfo': None, 'finedustInfo': None}]
/home/admin/BITP_v2
.env Path='/home/admin/BITP_v2/src/.env'
SERVICE_KEY load successful [Y+K/PG7BzlPBzLKybehRrc2U90kkXQbkuDj3DrFrnXRgL2UWCO8uIyaHlZPaKPsHPn0nCF2fcRP6eVnAUn4mUA==]
.env Path='/home/admin/BITP_v2/src/.env'
GOOGLE_KEY load successful [AIzaSyBQ5CwmM5_l9VTsOgB1Ih6ej94Aw-I3JDw]
 * InfoManager Regi SERVICE_KEY :  Y+K/PG7BzlPBzLKybehRrc2U90kkXQbkuDj3DrFrnXRgL2UWCO8uIyaHlZPaKPsHPn0nCF2fcRP6eVnAUn4mUA==
Traceback (most recent call last):
  File "/home/admin/BITP_v2/app.py", line 51, in <module>
  File "/home/admin/BITP_v2/module/matrix_manager.py", line 113, in show_text_page
KeyboardInterrupt
KST 08/09/24 16:32:28 INFO [info_mgr] > Created Logger. (info_mgr)
KST 08/09/24 16:32:28 INFO [info_mgr] > Logging start. <class 'module.info_manager.InfoManager'>
KST 08/09/24 16:32:28 INFO [info_mgr] >  * Regi station list : [{'keyword': '47307', 'stationDesc': 'TEST1', 'stationInfo': None, 'arvlBus': None, 'arvlBusInfo': [], 'arvlBusRouteInfo': [], 'weatherInfo': None, 'finedustInfo': None}, {'keyword': '00000', 'stationDesc': 'TEST2', 'stationInfo': None, 'arvlBus': None, 'arvlBusInfo': [], 'arvlBusRouteInfo': [], 'weatherInfo': None, 'finedustInfo': None}]
/home/admin/BITP_v2
.env Path='/home/admin/BITP_v2/src/.env'
SERVICE_KEY load successful [Y+K/PG7BzlPBzLKybehRrc2U90kkXQbkuDj3DrFrnXRgL2UWCO8uIyaHlZPaKPsHPn0nCF2fcRP6eVnAUn4mUA==]
.env Path='/home/admin/BITP_v2/src/.env'
GOOGLE_KEY load successful [AIzaSyBQ5CwmM5_l9VTsOgB1Ih6ej94Aw-I3JDw]
 * InfoManager Regi SERVICE_KEY :  Y+K/PG7BzlPBzLKybehRrc2U90kkXQbkuDj3DrFrnXRgL2UWCO8uIyaHlZPaKPsHPn0nCF2fcRP6eVnAUn4mUA==
Traceback (most recent call last):
  File "/home/admin/BITP_v2/app.py", line 53, in <module>
  File "/home/admin/BITP_v2/module/matrix_manager.py", line 76, in show_test_page
KeyboardInterrupt
KST 08/09/24 16:32:45 INFO [info_mgr] > Created Logger. (info_mgr)
KST 08/09/24 16:32:45 INFO [info_mgr] > Logging start. <class 'module.info_manager.InfoManager'>
KST 08/09/24 16:32:45 INFO [info_mgr] >  * Regi station list : [{'keyword': '47307', 'stationDesc': 'TEST1', 'stationInfo': None, 'arvlBus': None, 'arvlBusInfo': [], 'arvlBusRouteInfo': [], 'weatherInfo': None, 'finedustInfo': None}, {'keyword': '00000', 'stationDesc': 'TEST2', 'stationInfo': None, 'arvlBus': None, 'arvlBusInfo': [], 'arvlBusRouteInfo': [], 'weatherInfo': None, 'finedustInfo': None}]
/home/admin/BITP_v2
.env Path='/home/admin/BITP_v2/src/.env'
SERVICE_KEY load successful [Y+K/PG7BzlPBzLKybehRrc2U90kkXQbkuDj3DrFrnXRgL2UWCO8uIyaHlZPaKPsHPn0nCF2fcRP6eVnAUn4mUA==]
.env Path='/home/admin/BITP_v2/src/.env'
GOOGLE_KEY load successful [AIzaSyBQ5CwmM5_l9VTsOgB1Ih6ej94Aw-I3JDw]
 * InfoManager Regi SERVICE_KEY :  Y+K/PG7BzlPBzLKybehRrc2U90kkXQbkuDj3DrFrnXRgL2UWCO8uIyaHlZPaKPsHPn0nCF2fcRP6eVnAUn4mUA==
Traceback (most recent call last):
  File "/home/admin/BITP_v2/app.py", line 52, in <module>
  File "/home/admin/BITP_v2/module/matrix_manager.py", line 70, in show_test_page
KeyboardInterrupt
KST 08/09/24 16:32:59 INFO [info_mgr] > Created Logger. (info_mgr)
KST 08/09/24 16:32:59 INFO [info_mgr] > Logging start. <class 'module.info_manager.InfoManager'>
KST 08/09/24 16:32:59 INFO [info_mgr] >  * Regi station list : [{'keyword': '47307', 'stationDesc': 'TEST1', 'stationInfo': None, 'arvlBus': None, 'arvlBusInfo': [], 'arvlBusRouteInfo': [], 'weatherInfo': None, 'finedustInfo': None}, {'keyword': '00000', 'stationDesc': 'TEST2', 'stationInfo': None, 'arvlBus': None, 'arvlBusInfo': [], 'arvlBusRouteInfo': [], 'weatherInfo': None, 'finedustInfo': None}]
/home/admin/BITP_v2
.env Path='/home/admin/BITP_v2/src/.env'
SERVICE_KEY load successful [Y+K/PG7BzlPBzLKybehRrc2U90kkXQbkuDj3DrFrnXRgL2UWCO8uIyaHlZPaKPsHPn0nCF2fcRP6eVnAUn4mUA==]
.env Path='/home/admin/BITP_v2/src/.env'
GOOGLE_KEY load successful [AIzaSyBQ5CwmM5_l9VTsOgB1Ih6ej94Aw-I3JDw]
 * InfoManager Regi SERVICE_KEY :  Y+K/PG7BzlPBzLKybehRrc2U90kkXQbkuDj3DrFrnXRgL2UWCO8uIyaHlZPaKPsHPn0nCF2fcRP6eVnAUn4mUA==
Traceback (most recent call last):
  File "/home/admin/BITP_v2/app.py", line 51, in <module>
  File "/home/admin/BITP_v2/module/matrix_manager.py", line 113, in show_text_page
KeyboardInterrupt
KST 08/09/24 16:33:08 INFO [info_mgr] > Created Logger. (info_mgr)
KST 08/09/24 16:33:08 INFO [info_mgr] > Logging start. <class 'module.info_manager.InfoManager'>
KST 08/09/24 16:33:08 INFO [info_mgr] >  * Regi station list : [{'keyword': '47307', 'stationDesc': 'TEST1', 'stationInfo': None, 'arvlBus': None, 'arvlBusInfo': [], 'arvlBusRouteInfo': [], 'weatherInfo': None, 'finedustInfo': None}, {'keyword': '00000', 'stationDesc': 'TEST2', 'stationInfo': None, 'arvlBus': None, 'arvlBusInfo': [], 'arvlBusRouteInfo': [], 'weatherInfo': None, 'finedustInfo': None}]
/home/admin/BITP_v2
.env Path='/home/admin/BITP_v2/src/.env'
SERVICE_KEY load successful [Y+K/PG7BzlPBzLKybehRrc2U90kkXQbkuDj3DrFrnXRgL2UWCO8uIyaHlZPaKPsHPn0nCF2fcRP6eVnAUn4mUA==]
.env Path='/home/admin/BITP_v2/src/.env'
GOOGLE_KEY load successful [AIzaSyBQ5CwmM5_l9VTsOgB1Ih6ej94Aw-I3JDw]
 * InfoManager Regi SERVICE_KEY :  Y+K/PG7BzlPBzLKybehRrc2U90kkXQbkuDj3DrFrnXRgL2UWCO8uIyaHlZPaKPsHPn0nCF2fcRP6eVnAUn4mUA==
Traceback (most recent call last):
  File "/home/admin/BITP_v2/app.py", line 51, in <module>
  File "/home/admin/BITP_v2/module/matrix_manager.py", line 107, in show_text_page
KeyboardInterrupt
KST 08/09/24 16:33:15 INFO [info_mgr] > Created Logger. (info_mgr)
KST 08/09/24 16:33:15 INFO [info_mgr] > Logging start. <class 'module.info_manager.InfoManager'>
KST 08/09/24 16:33:15 INFO [info_mgr] >  * Regi station list : [{'keyword': '47307', 'stationDesc': 'TEST1', 'stationInfo': None, 'arvlBus': None, 'arvlBusInfo': [], 'arvlBusRouteInfo': [], 'weatherInfo': None, 'finedustInfo': None}, {'keyword': '00000', 'stationDesc': 'TEST2', 'stationInfo': None, 'arvlBus': None, 'arvlBusInfo': [], 'arvlBusRouteInfo': [], 'weatherInfo': None, 'finedustInfo': None}]
/home/admin/BITP_v2
.env Path='/home/admin/BITP_v2/src/.env'
SERVICE_KEY load successful [Y+K/PG7BzlPBzLKybehRrc2U90kkXQbkuDj3DrFrnXRgL2UWCO8uIyaHlZPaKPsHPn0nCF2fcRP6eVnAUn4mUA==]
.env Path='/home/admin/BITP_v2/src/.env'
GOOGLE_KEY load successful [AIzaSyBQ5CwmM5_l9VTsOgB1Ih6ej94Aw-I3JDw]
 * InfoManager Regi SERVICE_KEY :  Y+K/PG7BzlPBzLKybehRrc2U90kkXQbkuDj3DrFrnXRgL2UWCO8uIyaHlZPaKPsHPn0nCF2fcRP6eVnAUn4mUA==
Traceback (most recent call last):
  File "/home/admin/BITP_v2/app.py", line 51, in <module>
  File "/home/admin/BITP_v2/module/matrix_manager.py", line 104, in show_text_page
  File "/usr/lib/python3/dist-packages/PIL/ImageDraw.py", line 520, in text
    draw_text(ink)
  File "/usr/lib/python3/dist-packages/PIL/ImageDraw.py", line 463, in draw_text
    mask, offset = font.getmask2(
                   ^^^^^^^^^^^^^^
  File "/usr/lib/python3/dist-packages/PIL/ImageFont.py", line 778, in getmask2
    self.font.render(
KeyboardInterrupt
KST 08/09/24 16:33:24 INFO [info_mgr] > Created Logger. (info_mgr)
KST 08/09/24 16:33:24 INFO [info_mgr] > Logging start. <class 'module.info_manager.InfoManager'>
KST 08/09/24 16:33:24 INFO [info_mgr] >  * Regi station list : [{'keyword': '47307', 'stationDesc': 'TEST1', 'stationInfo': None, 'arvlBus': None, 'arvlBusInfo': [], 'arvlBusRouteInfo': [], 'weatherInfo': None, 'finedustInfo': None}, {'keyword': '00000', 'stationDesc': 'TEST2', 'stationInfo': None, 'arvlBus': None, 'arvlBusInfo': [], 'arvlBusRouteInfo': [], 'weatherInfo': None, 'finedustInfo': None}]
/home/admin/BITP_v2
.env Path='/home/admin/BITP_v2/src/.env'
SERVICE_KEY load successful [Y+K/PG7BzlPBzLKybehRrc2U90kkXQbkuDj3DrFrnXRgL2UWCO8uIyaHlZPaKPsHPn0nCF2fcRP6eVnAUn4mUA==]
.env Path='/home/admin/BITP_v2/src/.env'
GOOGLE_KEY load successful [AIzaSyBQ5CwmM5_l9VTsOgB1Ih6ej94Aw-I3JDw]
 * InfoManager Regi SERVICE_KEY :  Y+K/PG7BzlPBzLKybehRrc2U90kkXQbkuDj3DrFrnXRgL2UWCO8uIyaHlZPaKPsHPn0nCF2fcRP6eVnAUn4mUA==
Traceback (most recent call last):
  File "/home/admin/BITP_v2/app.py", line 51, in <module>
  File "/home/admin/BITP_v2/module/matrix_manager.py", line 113, in show_text_page
KeyboardInterrupt
KST 08/09/24 16:33:36 INFO [info_mgr] > Created Logger. (info_mgr)
KST 08/09/24 16:33:36 INFO [info_mgr] > Logging start. <class 'module.info_manager.InfoManager'>
KST 08/09/24 16:33:36 INFO [info_mgr] >  * Regi station list : [{'keyword': '47307', 'stationDesc': 'TEST1', 'stationInfo': None, 'arvlBus': None, 'arvlBusInfo': [], 'arvlBusRouteInfo': [], 'weatherInfo': None, 'finedustInfo': None}, {'keyword': '00000', 'stationDesc': 'TEST2', 'stationInfo': None, 'arvlBus': None, 'arvlBusInfo': [], 'arvlBusRouteInfo': [], 'weatherInfo': None, 'finedustInfo': None}]
KST 08/09/24 16:34:00 INFO [info_mgr] > [UpdateStationInfo] - Start updating . . .
KST 08/09/24 16:34:00 INFO [info_mgr] > [UpdateStationInfo] - Updating . . . [47307](1/2)
KST 08/09/24 16:34:00 INFO [info_mgr] > [UpdateStationInfo] - Updated. [47307](1/2)
KST 08/09/24 16:34:00 INFO [info_mgr] > [UpdateStationInfo] - Updating . . . [00000](2/2)
KST 08/09/24 16:34:01 INFO [info_mgr] > [UpdateStationInfo] - Updated. [00000](2/2)
KST 08/09/24 16:34:01 INFO [info_mgr] > [UpdateStationInfo] - Updating complete.
KST 08/09/24 16:34:01 INFO [info_mgr] > [UpdateStationArvlBus] - Start updating . . . 
KST 08/09/24 16:34:01 INFO [info_mgr] > [UpdateStationArvlBus] - Updating . . . [47307](1/2)
KST 08/09/24 16:34:01 INFO [info_mgr] > [UpdateStationArvlBus] - Updated. [47307](1/2)
KST 08/09/24 16:34:01 INFO [info_mgr] > [UpdateStationArvlBus] - Updating . . . [00000](2/2)
KST 08/09/24 16:34:01 INFO [info_mgr] > [UpdateStationArvlBus] - Update Fail. [00000](2/2)
KST 08/09/24 16:34:01 INFO [info_mgr] > [UpdateStationArvlBus] - Updated. [00000](2/2)
KST 08/09/24 16:34:01 INFO [info_mgr] > [UpdateStationArvlBus] - Updating complete.
KST 08/09/24 16:34:01 INFO [info_mgr] > [UpdateStationArvlBusInfo] - Start updating . . . 
KST 08/09/24 16:34:01 INFO [info_mgr] > [UpdateStationArvlBusInfo] - Updating [228000021](1/3)[47307](1/2)
KST 08/09/24 16:34:01 INFO [info_mgr] > [UpdateStationArvlBusInfo] - Updated. (1/3)[228000021](1/2)[47307]
KST 08/09/24 16:34:01 INFO [info_mgr] > [UpdateStationArvlBusInfo] - Updating [228000132](2/3)[47307](1/2)
KST 08/09/24 16:34:01 INFO [info_mgr] > [UpdateStationArvlBusInfo] - Updated. (2/3)[228000132](1/2)[47307]
KST 08/09/24 16:34:01 INFO [info_mgr] > [UpdateStationArvlBusInfo] - Updating [241426001](3/3)[47307](1/2)
KST 08/09/24 16:34:01 INFO [info_mgr] > [UpdateStationArvlBusInfo] - Updated. (3/3)[241426001](1/2)[47307]
KST 08/09/24 16:34:01 WARNING [info_mgr] > [UpdateStationArvlBusInfo] - Skip. [00000](2/2)
KST 08/09/24 16:34:01 INFO [info_mgr] > [UpdateStationArvlBusInfo] - Updating complete.
KST 08/09/24 16:34:01 INFO [info_mgr] > [UpdateStationArvlBusRouteInfo] - Start updating . . . 
KST 08/09/24 16:34:01 INFO [info_mgr] > [UpdateStationArvlBusRouteInfo] - Updating . . . [](/)
KST 08/09/24 16:34:01 INFO [info_mgr] > [UpdateStationArvlBusRouteInfo] - Updated. [47307](1/2)
KST 08/09/24 16:34:01 INFO [info_mgr] > [UpdateStationArvlBusRouteInfo] - Updating . . . [](/)
KST 08/09/24 16:34:01 INFO [info_mgr] > [UpdateStationArvlBusRouteInfo] - Updated. [47307](1/2)
KST 08/09/24 16:34:01 INFO [info_mgr] > [UpdateStationArvlBusRouteInfo] - Updating . . . [](/)
KST 08/09/24 16:34:02 INFO [info_mgr] > [UpdateStationArvlBusRouteInfo] - Updated. [47307](1/2)
KST 08/09/24 16:34:02 WARNING [info_mgr] > [UpdateStationArvlBusRouteInfo] - Skip. Not a good status code(4). [00000](2/2)
KST 08/09/24 16:34:02 INFO [info_mgr] > [UpdateStationArvlBusRouteInfo] - Updating complete.
KST 08/09/24 16:34:02 INFO [info_mgr] > [updateWeatherInfo] - Start updating . . . 
KST 08/09/24 16:34:02 INFO [info_mgr] > [UpdateWeatherInfo] - Updating . . . [47307](1/2)
KST 08/09/24 16:34:03 INFO [info_mgr] > [UpdateWeatherInfo] - Updated. [47307](1/2)
KST 08/09/24 16:34:03 INFO [info_mgr] > [UpdateWeatherInfo] - Updating . . . [00000](2/2)
KST 08/09/24 16:34:05 INFO [info_mgr] > [UpdateWeatherInfo] - Updated. [00000](2/2)
KST 08/09/24 16:34:05 INFO [info_mgr] > [UpdateWeatherInfo] - Updating complete.
KST 08/09/24 16:34:05 INFO [info_mgr] > [UpdateFineDustInfo] - Start updating . . . 
KST 08/09/24 16:34:05 INFO [info_mgr] > [UpdateFineDustInfo] - Updating . . . [47307](1/2)
KST 08/09/24 16:34:05 INFO [info_mgr] > [UpdateFineDustInfo] - Updated. [47307](1/2)
KST 08/09/24 16:34:05 INFO [info_mgr] > [UpdateFineDustInfo] - Updating . . . [00000](2/2)
KST 08/09/24 16:34:06 INFO [info_mgr] > [UpdateFineDustInfo] - Updated. [00000](2/2)
KST 08/09/24 16:34:06 INFO [info_mgr] > [UpdateFineDustInfo] - Updating complete.
/home/admin/BITP_v2
.env Path='/home/admin/BITP_v2/src/.env'
SERVICE_KEY load successful [Y+K/PG7BzlPBzLKybehRrc2U90kkXQbkuDj3DrFrnXRgL2UWCO8uIyaHlZPaKPsHPn0nCF2fcRP6eVnAUn4mUA==]
.env Path='/home/admin/BITP_v2/src/.env'
GOOGLE_KEY load successful [AIzaSyBQ5CwmM5_l9VTsOgB1Ih6ej94Aw-I3JDw]
 * InfoManager Regi SERVICE_KEY :  Y+K/PG7BzlPBzLKybehRrc2U90kkXQbkuDj3DrFrnXRgL2UWCO8uIyaHlZPaKPsHPn0nCF2fcRP6eVnAUn4mUA==
FUNC END
FUNC END
ROOF END
FUNC END
FUNC END
ROOF END
FUNC END
FUNC END
ROOF END
FUNC END
FUNC END
ROOF END
FUNC END
FUNC END
ROOF END
FUNC END
FUNC END
ROOF END
FUNC END
FUNC END
ROOF END
FUNC END
FUNC END
ROOF END
FUNC END
FUNC END
ROOF END
FUNC END
FUNC END
ROOF END
FUNC END
FUNC END
ROOF END
FUNC END
FUNC END
ROOF END
FUNC END
FUNC END
ROOF END
FUNC END
FUNC END
ROOF END
FUNC END
FUNC END
ROOF END
FUNC END
FUNC END
ROOF END
FUNC END
FUNC END
ROOF END
FUNC END
FUNC END
ROOF END
FUNC END
FUNC END
ROOF END
FUNC END
FUNC END
ROOF END
FUNC END
FUNC END
ROOF END
FUNC END
FUNC END
ROOF END
FUNC END
FUNC END
ROOF END
FUNC END
FUNC END
ROOF END
FUNC END
FUNC END
ROOF END
FUNC END
FUNC END
ROOF END
FUNC END
FUNC END
ROOF END
FUNC END
FUNC END
ROOF END
FUNC END
FUNC END
ROOF END
FUNC END
FUNC END
ROOF END
FUNC END
FUNC END
ROOF END
FUNC END
FUNC END
ROOF END
FUNC END
FUNC END
ROOF END
FUNC END
FUNC END
ROOF END
FUNC END
FUNC END
ROOF END
FUNC END
FUNC END
ROOF END
FUNC END
FUNC END
ROOF END
FUNC END
FUNC END
ROOF END
FUNC END
FUNC END
ROOF END
FUNC END
FUNC END
ROOF END
FUNC END
FUNC END
ROOF END
FUNC END
FUNC END
ROOF END
FUNC END
FUNC END
ROOF END
FUNC END
FUNC END
ROOF END
FUNC END
FUNC END
ROOF END
FUNC END
FUNC END
ROOF END
FUNC END
FUNC END
ROOF END
FUNC END
FUNC END
ROOF END
FUNC END
FUNC END
ROOF END
FUNC END
FUNC END
ROOF END
FUNC END
FUNC END
ROOF END
FUNC END
FUNC END
ROOF END
FUNC END
FUNC END
Traceback (most recent call last):
  File "/home/admin/BITP_v2/app.py", line 75, in <module>
  File "/home/admin/BITP_v2/module/matrix_manager.py", line 204, in show_station_page
KeyboardInterrupt
KST 08/09/24 16:36:13 INFO [info_mgr] > Created Logger. (info_mgr)
KST 08/09/24 16:36:13 INFO [info_mgr] > Logging start. <class 'module.info_manager.InfoManager'>
KST 08/09/24 16:36:13 INFO [info_mgr] >  * Regi station list : [{'keyword': '47307', 'stationDesc': 'TEST1', 'stationInfo': None, 'arvlBus': None, 'arvlBusInfo': [], 'arvlBusRouteInfo': [], 'weatherInfo': None, 'finedustInfo': None}, {'keyword': '00000', 'stationDesc': 'TEST2', 'stationInfo': None, 'arvlBus': None, 'arvlBusInfo': [], 'arvlBusRouteInfo': [], 'weatherInfo': None, 'finedustInfo': None}]
/home/admin/BITP_v2
.env Path='/home/admin/BITP_v2/src/.env'
SERVICE_KEY load successful [Y+K/PG7BzlPBzLKybehRrc2U90kkXQbkuDj3DrFrnXRgL2UWCO8uIyaHlZPaKPsHPn0nCF2fcRP6eVnAUn4mUA==]
.env Path='/home/admin/BITP_v2/src/.env'
GOOGLE_KEY load successful [AIzaSyBQ5CwmM5_l9VTsOgB1Ih6ej94Aw-I3JDw]
 * InfoManager Regi SERVICE_KEY :  Y+K/PG7BzlPBzLKybehRrc2U90kkXQbkuDj3DrFrnXRgL2UWCO8uIyaHlZPaKPsHPn0nCF2fcRP6eVnAUn4mUA==
Traceback (most recent call last):
  File "/home/admin/BITP_v2/app.py", line 50, in <module>
  File "/home/admin/BITP_v2/module/matrix_manager.py", line 107, in show_text_page
KeyboardInterrupt
KST 08/09/24 16:37:30 INFO [info_mgr] > Created Logger. (info_mgr)
KST 08/09/24 16:37:30 INFO [info_mgr] > Logging start. <class 'module.info_manager.InfoManager'>
KST 08/09/24 16:37:30 INFO [info_mgr] >  * Regi station list : [{'keyword': '47307', 'stationDesc': 'TEST1', 'stationInfo': None, 'arvlBus': None, 'arvlBusInfo': [], 'arvlBusRouteInfo': [], 'weatherInfo': None, 'finedustInfo': None}, {'keyword': '00000', 'stationDesc': 'TEST2', 'stationInfo': None, 'arvlBus': None, 'arvlBusInfo': [], 'arvlBusRouteInfo': [], 'weatherInfo': None, 'finedustInfo': None}]
/home/admin/BITP_v2
.env Path='/home/admin/BITP_v2/src/.env'
SERVICE_KEY load successful [Y+K/PG7BzlPBzLKybehRrc2U90kkXQbkuDj3DrFrnXRgL2UWCO8uIyaHlZPaKPsHPn0nCF2fcRP6eVnAUn4mUA==]
.env Path='/home/admin/BITP_v2/src/.env'
GOOGLE_KEY load successful [AIzaSyBQ5CwmM5_l9VTsOgB1Ih6ej94Aw-I3JDw]
 * InfoManager Regi SERVICE_KEY :  Y+K/PG7BzlPBzLKybehRrc2U90kkXQbkuDj3DrFrnXRgL2UWCO8uIyaHlZPaKPsHPn0nCF2fcRP6eVnAUn4mUA==
Traceback (most recent call last):
  File "/home/admin/BITP_v2/app.py", line 50, in <module>
  File "/home/admin/BITP_v2/module/matrix_manager.py", line 137, in show_text_page
KeyboardInterrupt
KST 08/09/24 16:38:15 INFO [info_mgr] > Created Logger. (info_mgr)
KST 08/09/24 16:38:15 INFO [info_mgr] > Logging start. <class 'module.info_manager.InfoManager'>
KST 08/09/24 16:38:15 INFO [info_mgr] >  * Regi station list : [{'keyword': '47307', 'stationDesc': 'TEST1', 'stationInfo': None, 'arvlBus': None, 'arvlBusInfo': [], 'arvlBusRouteInfo': [], 'weatherInfo': None, 'finedustInfo': None}, {'keyword': '00000', 'stationDesc': 'TEST2', 'stationInfo': None, 'arvlBus': None, 'arvlBusInfo': [], 'arvlBusRouteInfo': [], 'weatherInfo': None, 'finedustInfo': None}]
/home/admin/BITP_v2
.env Path='/home/admin/BITP_v2/src/.env'
SERVICE_KEY load successful [Y+K/PG7BzlPBzLKybehRrc2U90kkXQbkuDj3DrFrnXRgL2UWCO8uIyaHlZPaKPsHPn0nCF2fcRP6eVnAUn4mUA==]
.env Path='/home/admin/BITP_v2/src/.env'
GOOGLE_KEY load successful [AIzaSyBQ5CwmM5_l9VTsOgB1Ih6ej94Aw-I3JDw]
 * InfoManager Regi SERVICE_KEY :  Y+K/PG7BzlPBzLKybehRrc2U90kkXQbkuDj3DrFrnXRgL2UWCO8uIyaHlZPaKPsHPn0nCF2fcRP6eVnAUn4mUA==
Traceback (most recent call last):
  File "/home/admin/BITP_v2/app.py", line 53, in <module>
  File "/home/admin/BITP_v2/module/matrix_manager.py", line 113, in show_text_page
KeyboardInterrupt
KST 08/09/24 16:38:45 INFO [info_mgr] > Created Logger. (info_mgr)
KST 08/09/24 16:38:45 INFO [info_mgr] > Logging start. <class 'module.info_manager.InfoManager'>
KST 08/09/24 16:38:45 INFO [info_mgr] >  * Regi station list : [{'keyword': '47307', 'stationDesc': 'TEST1', 'stationInfo': None, 'arvlBus': None, 'arvlBusInfo': [], 'arvlBusRouteInfo': [], 'weatherInfo': None, 'finedustInfo': None}, {'keyword': '00000', 'stationDesc': 'TEST2', 'stationInfo': None, 'arvlBus': None, 'arvlBusInfo': [], 'arvlBusRouteInfo': [], 'weatherInfo': None, 'finedustInfo': None}]
/home/admin/BITP_v2
.env Path='/home/admin/BITP_v2/src/.env'
SERVICE_KEY load successful [Y+K/PG7BzlPBzLKybehRrc2U90kkXQbkuDj3DrFrnXRgL2UWCO8uIyaHlZPaKPsHPn0nCF2fcRP6eVnAUn4mUA==]
.env Path='/home/admin/BITP_v2/src/.env'
GOOGLE_KEY load successful [AIzaSyBQ5CwmM5_l9VTsOgB1Ih6ej94Aw-I3JDw]
 * InfoManager Regi SERVICE_KEY :  Y+K/PG7BzlPBzLKybehRrc2U90kkXQbkuDj3DrFrnXRgL2UWCO8uIyaHlZPaKPsHPn0nCF2fcRP6eVnAUn4mUA==
Traceback (most recent call last):
  File "/home/admin/BITP_v2/app.py", line 55, in <module>
  File "/home/admin/BITP_v2/module/matrix_manager.py", line 84, in show_test_page
KeyboardInterrupt
KST 08/09/24 16:39:10 INFO [info_mgr] > Created Logger. (info_mgr)
KST 08/09/24 16:39:10 INFO [info_mgr] > Logging start. <class 'module.info_manager.InfoManager'>
KST 08/09/24 16:39:10 INFO [info_mgr] >  * Regi station list : [{'keyword': '47307', 'stationDesc': 'TEST1', 'stationInfo': None, 'arvlBus': None, 'arvlBusInfo': [], 'arvlBusRouteInfo': [], 'weatherInfo': None, 'finedustInfo': None}, {'keyword': '00000', 'stationDesc': 'TEST2', 'stationInfo': None, 'arvlBus': None, 'arvlBusInfo': [], 'arvlBusRouteInfo': [], 'weatherInfo': None, 'finedustInfo': None}]
KST 08/09/24 16:39:22 INFO [info_mgr] > [UpdateStationInfo] - Start updating . . .
KST 08/09/24 16:39:22 INFO [info_mgr] > [UpdateStationInfo] - Updating . . . [47307](1/2)
KST 08/09/24 16:39:22 INFO [info_mgr] > [UpdateStationInfo] - Updated. [47307](1/2)
KST 08/09/24 16:39:22 INFO [info_mgr] > [UpdateStationInfo] - Updating . . . [00000](2/2)
KST 08/09/24 16:39:23 INFO [info_mgr] > [UpdateStationInfo] - Updated. [00000](2/2)
KST 08/09/24 16:39:23 INFO [info_mgr] > [UpdateStationInfo] - Updating complete.
KST 08/09/24 16:39:23 INFO [info_mgr] > [UpdateStationArvlBus] - Start updating . . . 
KST 08/09/24 16:39:23 INFO [info_mgr] > [UpdateStationArvlBus] - Updating . . . [47307](1/2)
KST 08/09/24 16:39:23 INFO [info_mgr] > [UpdateStationArvlBus] - Updated. [47307](1/2)
KST 08/09/24 16:39:23 INFO [info_mgr] > [UpdateStationArvlBus] - Updating . . . [00000](2/2)
KST 08/09/24 16:39:23 INFO [info_mgr] > [UpdateStationArvlBus] - Update Fail. [00000](2/2)
KST 08/09/24 16:39:23 INFO [info_mgr] > [UpdateStationArvlBus] - Updated. [00000](2/2)
KST 08/09/24 16:39:23 INFO [info_mgr] > [UpdateStationArvlBus] - Updating complete.
KST 08/09/24 16:39:23 INFO [info_mgr] > [UpdateStationArvlBusInfo] - Start updating . . . 
KST 08/09/24 16:39:23 INFO [info_mgr] > [UpdateStationArvlBusInfo] - Updating [241426001](1/1)[47307](1/2)
KST 08/09/24 16:39:23 INFO [info_mgr] > [UpdateStationArvlBusInfo] - Updated. (1/1)[241426001](1/2)[47307]
KST 08/09/24 16:39:23 WARNING [info_mgr] > [UpdateStationArvlBusInfo] - Skip. [00000](2/2)
KST 08/09/24 16:39:23 INFO [info_mgr] > [UpdateStationArvlBusInfo] - Updating complete.
KST 08/09/24 16:39:23 INFO [info_mgr] > [UpdateStationArvlBusRouteInfo] - Start updating . . . 
KST 08/09/24 16:39:23 INFO [info_mgr] > [UpdateStationArvlBusRouteInfo] - Updating . . . [](/)
KST 08/09/24 16:39:23 INFO [info_mgr] > [UpdateStationArvlBusRouteInfo] - Updated. [47307](1/2)
KST 08/09/24 16:39:23 WARNING [info_mgr] > [UpdateStationArvlBusRouteInfo] - Skip. Not a good status code(4). [00000](2/2)
KST 08/09/24 16:39:23 INFO [info_mgr] > [UpdateStationArvlBusRouteInfo] - Updating complete.
KST 08/09/24 16:39:23 INFO [info_mgr] > [updateWeatherInfo] - Start updating . . . 
KST 08/09/24 16:39:23 INFO [info_mgr] > [UpdateWeatherInfo] - Updating . . . [47307](1/2)
KST 08/09/24 16:39:24 INFO [info_mgr] > [UpdateWeatherInfo] - Updated. [47307](1/2)
KST 08/09/24 16:39:24 INFO [info_mgr] > [UpdateWeatherInfo] - Updating . . . [00000](2/2)
KST 08/09/24 16:39:26 INFO [info_mgr] > [UpdateWeatherInfo] - Updated. [00000](2/2)
KST 08/09/24 16:39:26 INFO [info_mgr] > [UpdateWeatherInfo] - Updating complete.
KST 08/09/24 16:39:26 INFO [info_mgr] > [UpdateFineDustInfo] - Start updating . . . 
KST 08/09/24 16:39:26 INFO [info_mgr] > [UpdateFineDustInfo] - Updating . . . [47307](1/2)
KST 08/09/24 16:39:26 INFO [info_mgr] > [UpdateFineDustInfo] - Updated. [47307](1/2)
KST 08/09/24 16:39:26 INFO [info_mgr] > [UpdateFineDustInfo] - Updating . . . [00000](2/2)
KST 08/09/24 16:39:27 INFO [info_mgr] > [UpdateFineDustInfo] - Updated. [00000](2/2)
KST 08/09/24 16:39:27 INFO [info_mgr] > [UpdateFineDustInfo] - Updating complete.
/home/admin/BITP_v2
.env Path='/home/admin/BITP_v2/src/.env'
SERVICE_KEY load successful [Y+K/PG7BzlPBzLKybehRrc2U90kkXQbkuDj3DrFrnXRgL2UWCO8uIyaHlZPaKPsHPn0nCF2fcRP6eVnAUn4mUA==]
.env Path='/home/admin/BITP_v2/src/.env'
GOOGLE_KEY load successful [AIzaSyBQ5CwmM5_l9VTsOgB1Ih6ej94Aw-I3JDw]
 * InfoManager Regi SERVICE_KEY :  Y+K/PG7BzlPBzLKybehRrc2U90kkXQbkuDj3DrFrnXRgL2UWCO8uIyaHlZPaKPsHPn0nCF2fcRP6eVnAUn4mUA==
Traceback (most recent call last):
  File "/home/admin/BITP_v2/app.py", line 73, in <module>
  File "/home/admin/BITP_v2/module/matrix_manager.py", line 133, in show_text_page
  File "/usr/lib/python3/dist-packages/PIL/ImageDraw.py", line 520, in text
    draw_text(ink)
  File "/usr/lib/python3/dist-packages/PIL/ImageDraw.py", line 463, in draw_text
    mask, offset = font.getmask2(
                   ^^^^^^^^^^^^^^
  File "/usr/lib/python3/dist-packages/PIL/ImageFont.py", line 778, in getmask2
    self.font.render(
KeyboardInterrupt
KST 08/09/24 16:39:45 INFO [info_mgr] > Created Logger. (info_mgr)
KST 08/09/24 16:39:45 INFO [info_mgr] > Logging start. <class 'module.info_manager.InfoManager'>
KST 08/09/24 16:39:45 INFO [info_mgr] >  * Regi station list : [{'keyword': '47307', 'stationDesc': 'TEST1', 'stationInfo': None, 'arvlBus': None, 'arvlBusInfo': [], 'arvlBusRouteInfo': [], 'weatherInfo': None, 'finedustInfo': None}, {'keyword': '00000', 'stationDesc': 'TEST2', 'stationInfo': None, 'arvlBus': None, 'arvlBusInfo': [], 'arvlBusRouteInfo': [], 'weatherInfo': None, 'finedustInfo': None}]
/home/admin/BITP_v2
.env Path='/home/admin/BITP_v2/src/.env'
SERVICE_KEY load successful [Y+K/PG7BzlPBzLKybehRrc2U90kkXQbkuDj3DrFrnXRgL2UWCO8uIyaHlZPaKPsHPn0nCF2fcRP6eVnAUn4mUA==]
.env Path='/home/admin/BITP_v2/src/.env'
GOOGLE_KEY load successful [AIzaSyBQ5CwmM5_l9VTsOgB1Ih6ej94Aw-I3JDw]
 * InfoManager Regi SERVICE_KEY :  Y+K/PG7BzlPBzLKybehRrc2U90kkXQbkuDj3DrFrnXRgL2UWCO8uIyaHlZPaKPsHPn0nCF2fcRP6eVnAUn4mUA==
Traceback (most recent call last):
  File "/home/admin/BITP_v2/app.py", line 52, in <module>
  File "/home/admin/BITP_v2/module/matrix_manager.py", line 113, in show_text_page
KeyboardInterrupt
KST 08/09/24 16:39:51 INFO [info_mgr] > Created Logger. (info_mgr)
KST 08/09/24 16:39:51 INFO [info_mgr] > Logging start. <class 'module.info_manager.InfoManager'>
KST 08/09/24 16:39:51 INFO [info_mgr] >  * Regi station list : [{'keyword': '47307', 'stationDesc': 'TEST1', 'stationInfo': None, 'arvlBus': None, 'arvlBusInfo': [], 'arvlBusRouteInfo': [], 'weatherInfo': None, 'finedustInfo': None}, {'keyword': '00000', 'stationDesc': 'TEST2', 'stationInfo': None, 'arvlBus': None, 'arvlBusInfo': [], 'arvlBusRouteInfo': [], 'weatherInfo': None, 'finedustInfo': None}]
KST 08/09/24 16:40:02 INFO [info_mgr] > [UpdateStationInfo] - Start updating . . .
KST 08/09/24 16:40:02 INFO [info_mgr] > [UpdateStationInfo] - Updating . . . [47307](1/2)
KST 08/09/24 16:40:02 INFO [info_mgr] > [UpdateStationInfo] - Updated. [47307](1/2)
KST 08/09/24 16:40:02 INFO [info_mgr] > [UpdateStationInfo] - Updating . . . [00000](2/2)
KST 08/09/24 16:40:03 INFO [info_mgr] > [UpdateStationInfo] - Updated. [00000](2/2)
KST 08/09/24 16:40:03 INFO [info_mgr] > [UpdateStationInfo] - Updating complete.
KST 08/09/24 16:40:03 INFO [info_mgr] > [UpdateStationArvlBus] - Start updating . . . 
KST 08/09/24 16:40:03 INFO [info_mgr] > [UpdateStationArvlBus] - Updating . . . [47307](1/2)
KST 08/09/24 16:40:04 INFO [info_mgr] > [UpdateStationArvlBus] - Updated. [47307](1/2)
KST 08/09/24 16:40:04 INFO [info_mgr] > [UpdateStationArvlBus] - Updating . . . [00000](2/2)
KST 08/09/24 16:40:05 INFO [info_mgr] > [UpdateStationArvlBus] - Update Fail. [00000](2/2)
KST 08/09/24 16:40:05 INFO [info_mgr] > [UpdateStationArvlBus] - Updated. [00000](2/2)
KST 08/09/24 16:40:05 INFO [info_mgr] > [UpdateStationArvlBus] - Updating complete.
KST 08/09/24 16:40:05 INFO [info_mgr] > [UpdateStationArvlBusInfo] - Start updating . . . 
KST 08/09/24 16:40:05 INFO [info_mgr] > [UpdateStationArvlBusInfo] - Updating [241426001](1/1)[47307](1/2)
KST 08/09/24 16:40:05 INFO [info_mgr] > [UpdateStationArvlBusInfo] - Updated. (1/1)[241426001](1/2)[47307]
KST 08/09/24 16:40:05 WARNING [info_mgr] > [UpdateStationArvlBusInfo] - Skip. [00000](2/2)
KST 08/09/24 16:40:05 INFO [info_mgr] > [UpdateStationArvlBusInfo] - Updating complete.
KST 08/09/24 16:40:05 INFO [info_mgr] > [UpdateStationArvlBusRouteInfo] - Start updating . . . 
KST 08/09/24 16:40:05 INFO [info_mgr] > [UpdateStationArvlBusRouteInfo] - Updating . . . [](/)
KST 08/09/24 16:40:05 INFO [info_mgr] > [UpdateStationArvlBusRouteInfo] - Updated. [47307](1/2)
KST 08/09/24 16:40:05 WARNING [info_mgr] > [UpdateStationArvlBusRouteInfo] - Skip. Not a good status code(4). [00000](2/2)
KST 08/09/24 16:40:05 INFO [info_mgr] > [UpdateStationArvlBusRouteInfo] - Updating complete.
KST 08/09/24 16:40:05 INFO [info_mgr] > [updateWeatherInfo] - Start updating . . . 
KST 08/09/24 16:40:05 INFO [info_mgr] > [UpdateWeatherInfo] - Updating . . . [47307](1/2)
/home/admin/BITP_v2
.env Path='/home/admin/BITP_v2/src/.env'
SERVICE_KEY load successful [Y+K/PG7BzlPBzLKybehRrc2U90kkXQbkuDj3DrFrnXRgL2UWCO8uIyaHlZPaKPsHPn0nCF2fcRP6eVnAUn4mUA==]
.env Path='/home/admin/BITP_v2/src/.env'
GOOGLE_KEY load successful [AIzaSyBQ5CwmM5_l9VTsOgB1Ih6ej94Aw-I3JDw]
 * InfoManager Regi SERVICE_KEY :  Y+K/PG7BzlPBzLKybehRrc2U90kkXQbkuDj3DrFrnXRgL2UWCO8uIyaHlZPaKPsHPn0nCF2fcRP6eVnAUn4mUA==
Traceback (most recent call last):
  File "/home/admin/BITP_v2/app.py", line 69, in <module>
  File "/home/admin/BITP_v2/module/info_manager.py", line 323, in update_weather_info
  File "/home/admin/BITP_v2/module/api_modules/weather.py", line 109, in get_vilage_fcst
  File "/usr/lib/python3/dist-packages/requests/api.py", line 73, in get
    return request("get", url, params=params, **kwargs)
           ^^^^^^^^^^^^^^^^^^^^^^^^^^^^^^^^^^^^^^^^^^^^
  File "/usr/lib/python3/dist-packages/requests/api.py", line 59, in request
    return session.request(method=method, url=url, **kwargs)
           ^^^^^^^^^^^^^^^^^^^^^^^^^^^^^^^^^^^^^^^^^^^^^^^^^
  File "/usr/lib/python3/dist-packages/requests/sessions.py", line 587, in request
    resp = self.send(prep, **send_kwargs)
           ^^^^^^^^^^^^^^^^^^^^^^^^^^^^^^
  File "/usr/lib/python3/dist-packages/requests/sessions.py", line 701, in send
    r = adapter.send(request, **kwargs)
        ^^^^^^^^^^^^^^^^^^^^^^^^^^^^^^^
  File "/usr/lib/python3/dist-packages/requests/adapters.py", line 489, in send
    resp = conn.urlopen(
           ^^^^^^^^^^^^^
  File "/usr/lib/python3/dist-packages/urllib3/connectionpool.py", line 704, in urlopen
    httplib_response = self._make_request(
                       ^^^^^^^^^^^^^^^^^^^
  File "/usr/lib/python3/dist-packages/urllib3/connectionpool.py", line 450, in _make_request
    six.raise_from(e, None)
  File "<string>", line 3, in raise_from
  File "/usr/lib/python3/dist-packages/urllib3/connectionpool.py", line 445, in _make_request
    httplib_response = conn.getresponse()
                       ^^^^^^^^^^^^^^^^^^
  File "/usr/lib/python3.11/http/client.py", line 1374, in getresponse
    response.begin()
  File "/usr/lib/python3.11/http/client.py", line 318, in begin
    version, status, reason = self._read_status()
                              ^^^^^^^^^^^^^^^^^^^
  File "/usr/lib/python3.11/http/client.py", line 279, in _read_status
    line = str(self.fp.readline(_MAXLINE + 1), "iso-8859-1")
               ^^^^^^^^^^^^^^^^^^^^^^^^^^^^^^
  File "/usr/lib/python3.11/socket.py", line 706, in readinto
    return self._sock.recv_into(b)
           ^^^^^^^^^^^^^^^^^^^^^^^
KeyboardInterrupt
KST 08/09/24 16:40:39 INFO [info_mgr] > Created Logger. (info_mgr)
KST 08/09/24 16:40:39 INFO [info_mgr] > Logging start. <class 'module.info_manager.InfoManager'>
KST 08/09/24 16:40:39 INFO [info_mgr] >  * Regi station list : [{'keyword': '47307', 'stationDesc': 'TEST1', 'stationInfo': None, 'arvlBus': None, 'arvlBusInfo': [], 'arvlBusRouteInfo': [], 'weatherInfo': None, 'finedustInfo': None}, {'keyword': '00000', 'stationDesc': 'TEST2', 'stationInfo': None, 'arvlBus': None, 'arvlBusInfo': [], 'arvlBusRouteInfo': [], 'weatherInfo': None, 'finedustInfo': None}]
KST 08/09/24 16:40:50 INFO [info_mgr] > [UpdateStationInfo] - Start updating . . .
KST 08/09/24 16:40:50 INFO [info_mgr] > [UpdateStationInfo] - Updating . . . [47307](1/2)
KST 08/09/24 16:40:50 INFO [info_mgr] > [UpdateStationInfo] - Updated. [47307](1/2)
KST 08/09/24 16:40:50 INFO [info_mgr] > [UpdateStationInfo] - Updating . . . [00000](2/2)
KST 08/09/24 16:40:51 INFO [info_mgr] > [UpdateStationInfo] - Updated. [00000](2/2)
KST 08/09/24 16:40:51 INFO [info_mgr] > [UpdateStationInfo] - Updating complete.
KST 08/09/24 16:40:51 INFO [info_mgr] > [UpdateStationArvlBus] - Start updating . . . 
KST 08/09/24 16:40:51 INFO [info_mgr] > [UpdateStationArvlBus] - Updating . . . [47307](1/2)
KST 08/09/24 16:40:51 INFO [info_mgr] > [UpdateStationArvlBus] - Updated. [47307](1/2)
KST 08/09/24 16:40:51 INFO [info_mgr] > [UpdateStationArvlBus] - Updating . . . [00000](2/2)
KST 08/09/24 16:40:51 INFO [info_mgr] > [UpdateStationArvlBus] - Update Fail. [00000](2/2)
KST 08/09/24 16:40:51 INFO [info_mgr] > [UpdateStationArvlBus] - Updated. [00000](2/2)
KST 08/09/24 16:40:51 INFO [info_mgr] > [UpdateStationArvlBus] - Updating complete.
KST 08/09/24 16:40:51 INFO [info_mgr] > [UpdateStationArvlBusInfo] - Start updating . . . 
KST 08/09/24 16:40:51 INFO [info_mgr] > [UpdateStationArvlBusInfo] - Updating [241426001](1/1)[47307](1/2)
KST 08/09/24 16:40:51 INFO [info_mgr] > [UpdateStationArvlBusInfo] - Updated. (1/1)[241426001](1/2)[47307]
KST 08/09/24 16:40:51 WARNING [info_mgr] > [UpdateStationArvlBusInfo] - Skip. [00000](2/2)
KST 08/09/24 16:40:51 INFO [info_mgr] > [UpdateStationArvlBusInfo] - Updating complete.
KST 08/09/24 16:40:51 INFO [info_mgr] > [UpdateStationArvlBusRouteInfo] - Start updating . . . 
KST 08/09/24 16:40:51 INFO [info_mgr] > [UpdateStationArvlBusRouteInfo] - Updating . . . [](/)
KST 08/09/24 16:40:51 INFO [info_mgr] > [UpdateStationArvlBusRouteInfo] - Updated. [47307](1/2)
KST 08/09/24 16:40:51 WARNING [info_mgr] > [UpdateStationArvlBusRouteInfo] - Skip. Not a good status code(4). [00000](2/2)
KST 08/09/24 16:40:51 INFO [info_mgr] > [UpdateStationArvlBusRouteInfo] - Updating complete.
KST 08/09/24 16:40:51 INFO [info_mgr] > [updateWeatherInfo] - Start updating . . . 
KST 08/09/24 16:40:51 INFO [info_mgr] > [UpdateWeatherInfo] - Updating . . . [47307](1/2)
/home/admin/BITP_v2
.env Path='/home/admin/BITP_v2/src/.env'
SERVICE_KEY load successful [Y+K/PG7BzlPBzLKybehRrc2U90kkXQbkuDj3DrFrnXRgL2UWCO8uIyaHlZPaKPsHPn0nCF2fcRP6eVnAUn4mUA==]
.env Path='/home/admin/BITP_v2/src/.env'
GOOGLE_KEY load successful [AIzaSyBQ5CwmM5_l9VTsOgB1Ih6ej94Aw-I3JDw]
 * InfoManager Regi SERVICE_KEY :  Y+K/PG7BzlPBzLKybehRrc2U90kkXQbkuDj3DrFrnXRgL2UWCO8uIyaHlZPaKPsHPn0nCF2fcRP6eVnAUn4mUA==
Traceback (most recent call last):
  File "/home/admin/BITP_v2/app.py", line 69, in <module>
  File "/home/admin/BITP_v2/module/info_manager.py", line 323, in update_weather_info
  File "/home/admin/BITP_v2/module/api_modules/weather.py", line 109, in get_vilage_fcst
  File "/usr/lib/python3/dist-packages/requests/api.py", line 73, in get
    return request("get", url, params=params, **kwargs)
           ^^^^^^^^^^^^^^^^^^^^^^^^^^^^^^^^^^^^^^^^^^^^
  File "/usr/lib/python3/dist-packages/requests/api.py", line 59, in request
    return session.request(method=method, url=url, **kwargs)
           ^^^^^^^^^^^^^^^^^^^^^^^^^^^^^^^^^^^^^^^^^^^^^^^^^
  File "/usr/lib/python3/dist-packages/requests/sessions.py", line 587, in request
    resp = self.send(prep, **send_kwargs)
           ^^^^^^^^^^^^^^^^^^^^^^^^^^^^^^
  File "/usr/lib/python3/dist-packages/requests/sessions.py", line 701, in send
    r = adapter.send(request, **kwargs)
        ^^^^^^^^^^^^^^^^^^^^^^^^^^^^^^^
  File "/usr/lib/python3/dist-packages/requests/adapters.py", line 489, in send
    resp = conn.urlopen(
           ^^^^^^^^^^^^^
  File "/usr/lib/python3/dist-packages/urllib3/connectionpool.py", line 704, in urlopen
    httplib_response = self._make_request(
                       ^^^^^^^^^^^^^^^^^^^
  File "/usr/lib/python3/dist-packages/urllib3/connectionpool.py", line 450, in _make_request
    six.raise_from(e, None)
  File "<string>", line 3, in raise_from
  File "/usr/lib/python3/dist-packages/urllib3/connectionpool.py", line 445, in _make_request
    httplib_response = conn.getresponse()
                       ^^^^^^^^^^^^^^^^^^
  File "/usr/lib/python3.11/http/client.py", line 1374, in getresponse
    response.begin()
  File "/usr/lib/python3.11/http/client.py", line 318, in begin
    version, status, reason = self._read_status()
                              ^^^^^^^^^^^^^^^^^^^
  File "/usr/lib/python3.11/http/client.py", line 279, in _read_status
    line = str(self.fp.readline(_MAXLINE + 1), "iso-8859-1")
               ^^^^^^^^^^^^^^^^^^^^^^^^^^^^^^
  File "/usr/lib/python3.11/socket.py", line 706, in readinto
    return self._sock.recv_into(b)
           ^^^^^^^^^^^^^^^^^^^^^^^
KeyboardInterrupt
KST 08/09/24 16:42:09 INFO [info_mgr] > Created Logger. (info_mgr)
KST 08/09/24 16:42:09 INFO [info_mgr] > Logging start. <class 'module.info_manager.InfoManager'>
KST 08/09/24 16:42:09 INFO [info_mgr] >  * Regi station list : [{'keyword': '47307', 'stationDesc': 'TEST1', 'stationInfo': None, 'arvlBus': None, 'arvlBusInfo': [], 'arvlBusRouteInfo': [], 'weatherInfo': None, 'finedustInfo': None}, {'keyword': '00000', 'stationDesc': 'TEST2', 'stationInfo': None, 'arvlBus': None, 'arvlBusInfo': [], 'arvlBusRouteInfo': [], 'weatherInfo': None, 'finedustInfo': None}]
KST 08/09/24 16:42:20 INFO [info_mgr] > [UpdateStationInfo] - Start updating . . .
KST 08/09/24 16:42:20 INFO [info_mgr] > [UpdateStationInfo] - Updating . . . [47307](1/2)
KST 08/09/24 16:42:20 INFO [info_mgr] > [UpdateStationInfo] - Updated. [47307](1/2)
KST 08/09/24 16:42:20 INFO [info_mgr] > [UpdateStationInfo] - Updating . . . [00000](2/2)
KST 08/09/24 16:42:21 INFO [info_mgr] > [UpdateStationInfo] - Updated. [00000](2/2)
KST 08/09/24 16:42:21 INFO [info_mgr] > [UpdateStationInfo] - Updating complete.
KST 08/09/24 16:42:21 INFO [info_mgr] > [UpdateStationArvlBus] - Start updating . . . 
KST 08/09/24 16:42:21 INFO [info_mgr] > [UpdateStationArvlBus] - Updating . . . [47307](1/2)
KST 08/09/24 16:42:21 INFO [info_mgr] > [UpdateStationArvlBus] - Updated. [47307](1/2)
KST 08/09/24 16:42:21 INFO [info_mgr] > [UpdateStationArvlBus] - Updating . . . [00000](2/2)
KST 08/09/24 16:42:21 INFO [info_mgr] > [UpdateStationArvlBus] - Update Fail. [00000](2/2)
KST 08/09/24 16:42:21 INFO [info_mgr] > [UpdateStationArvlBus] - Updated. [00000](2/2)
KST 08/09/24 16:42:21 INFO [info_mgr] > [UpdateStationArvlBus] - Updating complete.
KST 08/09/24 16:42:21 INFO [info_mgr] > [UpdateStationArvlBusInfo] - Start updating . . . 
KST 08/09/24 16:42:21 INFO [info_mgr] > [UpdateStationArvlBusInfo] - Updating [241426001](1/1)[47307](1/2)
KST 08/09/24 16:42:21 INFO [info_mgr] > [UpdateStationArvlBusInfo] - Updated. (1/1)[241426001](1/2)[47307]
KST 08/09/24 16:42:21 WARNING [info_mgr] > [UpdateStationArvlBusInfo] - Skip. [00000](2/2)
KST 08/09/24 16:42:21 INFO [info_mgr] > [UpdateStationArvlBusInfo] - Updating complete.
KST 08/09/24 16:42:21 INFO [info_mgr] > [UpdateStationArvlBusRouteInfo] - Start updating . . . 
KST 08/09/24 16:42:21 INFO [info_mgr] > [UpdateStationArvlBusRouteInfo] - Updating . . . [](/)
KST 08/09/24 16:42:21 INFO [info_mgr] > [UpdateStationArvlBusRouteInfo] - Updated. [47307](1/2)
KST 08/09/24 16:42:21 WARNING [info_mgr] > [UpdateStationArvlBusRouteInfo] - Skip. Not a good status code(None). [00000](2/2)
KST 08/09/24 16:42:21 INFO [info_mgr] > [UpdateStationArvlBusRouteInfo] - Updating complete.
KST 08/09/24 16:42:21 INFO [info_mgr] > [updateWeatherInfo] - Start updating . . . 
KST 08/09/24 16:42:21 INFO [info_mgr] > [UpdateWeatherInfo] - Updating . . . [47307](1/2)
KST 08/09/24 16:42:22 INFO [info_mgr] > [UpdateWeatherInfo] - Updated. [47307](1/2)
KST 08/09/24 16:42:22 INFO [info_mgr] > [UpdateWeatherInfo] - Updating . . . [00000](2/2)
KST 08/09/24 16:42:23 INFO [info_mgr] > [UpdateWeatherInfo] - Updated. [00000](2/2)
KST 08/09/24 16:42:23 INFO [info_mgr] > [UpdateWeatherInfo] - Updating complete.
KST 08/09/24 16:42:23 INFO [info_mgr] > [UpdateFineDustInfo] - Start updating . . . 
KST 08/09/24 16:42:23 INFO [info_mgr] > [UpdateFineDustInfo] - Updating . . . [47307](1/2)
KST 08/09/24 16:42:24 INFO [info_mgr] > [UpdateFineDustInfo] - Updated. [47307](1/2)
KST 08/09/24 16:42:24 INFO [info_mgr] > [UpdateFineDustInfo] - Updating . . . [00000](2/2)
KST 08/09/24 16:42:25 INFO [info_mgr] > [UpdateFineDustInfo] - Updated. [00000](2/2)
KST 08/09/24 16:42:25 INFO [info_mgr] > [UpdateFineDustInfo] - Updating complete.
/home/admin/BITP_v2
.env Path='/home/admin/BITP_v2/src/.env'
SERVICE_KEY load successful [Y+K/PG7BzlPBzLKybehRrc2U90kkXQbkuDj3DrFrnXRgL2UWCO8uIyaHlZPaKPsHPn0nCF2fcRP6eVnAUn4mUA==]
.env Path='/home/admin/BITP_v2/src/.env'
GOOGLE_KEY load successful [AIzaSyBQ5CwmM5_l9VTsOgB1Ih6ej94Aw-I3JDw]
 * InfoManager Regi SERVICE_KEY :  Y+K/PG7BzlPBzLKybehRrc2U90kkXQbkuDj3DrFrnXRgL2UWCO8uIyaHlZPaKPsHPn0nCF2fcRP6eVnAUn4mUA==
Traceback (most recent call last):
  File "/home/admin/BITP_v2/app.py", line 74, in <module>
  File "/home/admin/BITP_v2/module/matrix_manager.py", line 135, in show_text_page
  File "/home/admin/BITP_v2/module/matrix_manager.py", line 232, in refresh
KeyboardInterrupt
KST 08/09/24 16:42:55 INFO [info_mgr] > Created Logger. (info_mgr)
KST 08/09/24 16:42:55 INFO [info_mgr] > Logging start. <class 'module.info_manager.InfoManager'>
KST 08/09/24 16:42:55 INFO [info_mgr] >  * Regi station list : [{'keyword': '47307', 'stationDesc': 'TEST1', 'stationInfo': None, 'arvlBus': None, 'arvlBusInfo': [], 'arvlBusRouteInfo': [], 'weatherInfo': None, 'finedustInfo': None}, {'keyword': '00000', 'stationDesc': 'TEST2', 'stationInfo': None, 'arvlBus': None, 'arvlBusInfo': [], 'arvlBusRouteInfo': [], 'weatherInfo': None, 'finedustInfo': None}]
KST 08/09/24 16:43:06 INFO [info_mgr] > [UpdateStationInfo] - Start updating . . .
KST 08/09/24 16:43:06 INFO [info_mgr] > [UpdateStationInfo] - Updating . . . [47307](1/2)
KST 08/09/24 16:43:06 INFO [info_mgr] > [UpdateStationInfo] - Updated. [47307](1/2)
KST 08/09/24 16:43:06 INFO [info_mgr] > [UpdateStationInfo] - Updating . . . [00000](2/2)
KST 08/09/24 16:43:07 INFO [info_mgr] > [UpdateStationInfo] - Updated. [00000](2/2)
KST 08/09/24 16:43:07 INFO [info_mgr] > [UpdateStationInfo] - Updating complete.
KST 08/09/24 16:43:07 INFO [info_mgr] > [UpdateStationArvlBus] - Start updating . . . 
KST 08/09/24 16:43:07 INFO [info_mgr] > [UpdateStationArvlBus] - Updating . . . [47307](1/2)
KST 08/09/24 16:43:07 INFO [info_mgr] > [UpdateStationArvlBus] - Updated. [47307](1/2)
KST 08/09/24 16:43:07 INFO [info_mgr] > [UpdateStationArvlBus] - Updating . . . [00000](2/2)
KST 08/09/24 16:43:07 INFO [info_mgr] > [UpdateStationArvlBus] - Update Fail. [00000](2/2)
KST 08/09/24 16:43:07 INFO [info_mgr] > [UpdateStationArvlBus] - Updated. [00000](2/2)
KST 08/09/24 16:43:07 INFO [info_mgr] > [UpdateStationArvlBus] - Updating complete.
KST 08/09/24 16:43:07 INFO [info_mgr] > [UpdateStationArvlBusInfo] - Start updating . . . 
KST 08/09/24 16:43:07 INFO [info_mgr] > [UpdateStationArvlBusInfo] - Updating [241426001](1/1)[47307](1/2)
KST 08/09/24 16:43:07 INFO [info_mgr] > [UpdateStationArvlBusInfo] - Updated. (1/1)[241426001](1/2)[47307]
KST 08/09/24 16:43:07 WARNING [info_mgr] > [UpdateStationArvlBusInfo] - Skip. [00000](2/2)
KST 08/09/24 16:43:07 INFO [info_mgr] > [UpdateStationArvlBusInfo] - Updating complete.
KST 08/09/24 16:43:07 INFO [info_mgr] > [UpdateStationArvlBusRouteInfo] - Start updating . . . 
KST 08/09/24 16:43:07 INFO [info_mgr] > [UpdateStationArvlBusRouteInfo] - Updating . . . [](/)
KST 08/09/24 16:43:07 INFO [info_mgr] > [UpdateStationArvlBusRouteInfo] - Updated. [47307](1/2)
KST 08/09/24 16:43:07 WARNING [info_mgr] > [UpdateStationArvlBusRouteInfo] - Skip. Not a good status code(4). [00000](2/2)
KST 08/09/24 16:43:07 INFO [info_mgr] > [UpdateStationArvlBusRouteInfo] - Updating complete.
KST 08/09/24 16:43:07 INFO [info_mgr] > [updateWeatherInfo] - Start updating . . . 
KST 08/09/24 16:43:07 INFO [info_mgr] > [UpdateWeatherInfo] - Updating . . . [47307](1/2)
/home/admin/BITP_v2
.env Path='/home/admin/BITP_v2/src/.env'
SERVICE_KEY load successful [Y+K/PG7BzlPBzLKybehRrc2U90kkXQbkuDj3DrFrnXRgL2UWCO8uIyaHlZPaKPsHPn0nCF2fcRP6eVnAUn4mUA==]
.env Path='/home/admin/BITP_v2/src/.env'
GOOGLE_KEY load successful [AIzaSyBQ5CwmM5_l9VTsOgB1Ih6ej94Aw-I3JDw]
 * InfoManager Regi SERVICE_KEY :  Y+K/PG7BzlPBzLKybehRrc2U90kkXQbkuDj3DrFrnXRgL2UWCO8uIyaHlZPaKPsHPn0nCF2fcRP6eVnAUn4mUA==
Traceback (most recent call last):
  File "/home/admin/BITP_v2/app.py", line 69, in <module>
  File "/home/admin/BITP_v2/module/info_manager.py", line 323, in update_weather_info
  File "/home/admin/BITP_v2/module/api_modules/weather.py", line 109, in get_vilage_fcst
  File "/usr/lib/python3/dist-packages/requests/api.py", line 73, in get
    return request("get", url, params=params, **kwargs)
           ^^^^^^^^^^^^^^^^^^^^^^^^^^^^^^^^^^^^^^^^^^^^
  File "/usr/lib/python3/dist-packages/requests/api.py", line 59, in request
    return session.request(method=method, url=url, **kwargs)
           ^^^^^^^^^^^^^^^^^^^^^^^^^^^^^^^^^^^^^^^^^^^^^^^^^
  File "/usr/lib/python3/dist-packages/requests/sessions.py", line 587, in request
    resp = self.send(prep, **send_kwargs)
           ^^^^^^^^^^^^^^^^^^^^^^^^^^^^^^
  File "/usr/lib/python3/dist-packages/requests/sessions.py", line 701, in send
    r = adapter.send(request, **kwargs)
        ^^^^^^^^^^^^^^^^^^^^^^^^^^^^^^^
  File "/usr/lib/python3/dist-packages/requests/adapters.py", line 489, in send
    resp = conn.urlopen(
           ^^^^^^^^^^^^^
  File "/usr/lib/python3/dist-packages/urllib3/connectionpool.py", line 704, in urlopen
    httplib_response = self._make_request(
                       ^^^^^^^^^^^^^^^^^^^
  File "/usr/lib/python3/dist-packages/urllib3/connectionpool.py", line 450, in _make_request
    six.raise_from(e, None)
  File "<string>", line 3, in raise_from
  File "/usr/lib/python3/dist-packages/urllib3/connectionpool.py", line 445, in _make_request
    httplib_response = conn.getresponse()
                       ^^^^^^^^^^^^^^^^^^
  File "/usr/lib/python3.11/http/client.py", line 1374, in getresponse
    response.begin()
  File "/usr/lib/python3.11/http/client.py", line 318, in begin
    version, status, reason = self._read_status()
                              ^^^^^^^^^^^^^^^^^^^
  File "/usr/lib/python3.11/http/client.py", line 279, in _read_status
    line = str(self.fp.readline(_MAXLINE + 1), "iso-8859-1")
               ^^^^^^^^^^^^^^^^^^^^^^^^^^^^^^
  File "/usr/lib/python3.11/socket.py", line 706, in readinto
    return self._sock.recv_into(b)
           ^^^^^^^^^^^^^^^^^^^^^^^
KeyboardInterrupt
KST 08/09/24 16:43:43 INFO [info_mgr] > Created Logger. (info_mgr)
KST 08/09/24 16:43:43 INFO [info_mgr] > Logging start. <class 'module.info_manager.InfoManager'>
KST 08/09/24 16:43:43 INFO [info_mgr] >  * Regi station list : [{'keyword': '47307', 'stationDesc': 'TEST1', 'stationInfo': None, 'arvlBus': None, 'arvlBusInfo': [], 'arvlBusRouteInfo': [], 'weatherInfo': None, 'finedustInfo': None}, {'keyword': '00000', 'stationDesc': 'TEST2', 'stationInfo': None, 'arvlBus': None, 'arvlBusInfo': [], 'arvlBusRouteInfo': [], 'weatherInfo': None, 'finedustInfo': None}]
KST 08/09/24 16:43:54 INFO [info_mgr] > [UpdateStationInfo] - Start updating . . .
KST 08/09/24 16:43:54 INFO [info_mgr] > [UpdateStationInfo] - Updating . . . [47307](1/2)
KST 08/09/24 16:43:54 INFO [info_mgr] > [UpdateStationInfo] - Updated. [47307](1/2)
KST 08/09/24 16:43:54 INFO [info_mgr] > [UpdateStationInfo] - Updating . . . [00000](2/2)
KST 08/09/24 16:43:54 INFO [info_mgr] > [UpdateStationInfo] - Updated. [00000](2/2)
KST 08/09/24 16:43:54 INFO [info_mgr] > [UpdateStationInfo] - Updating complete.
KST 08/09/24 16:43:54 INFO [info_mgr] > [UpdateStationArvlBus] - Start updating . . . 
KST 08/09/24 16:43:54 INFO [info_mgr] > [UpdateStationArvlBus] - Updating . . . [47307](1/2)
KST 08/09/24 16:43:55 INFO [info_mgr] > [UpdateStationArvlBus] - Updated. [47307](1/2)
KST 08/09/24 16:43:55 INFO [info_mgr] > [UpdateStationArvlBus] - Updating . . . [00000](2/2)
KST 08/09/24 16:43:55 INFO [info_mgr] > [UpdateStationArvlBus] - Update Fail. [00000](2/2)
KST 08/09/24 16:43:55 INFO [info_mgr] > [UpdateStationArvlBus] - Updated. [00000](2/2)
KST 08/09/24 16:43:55 INFO [info_mgr] > [UpdateStationArvlBus] - Updating complete.
KST 08/09/24 16:43:55 INFO [info_mgr] > [UpdateStationArvlBusInfo] - Start updating . . . 
KST 08/09/24 16:43:55 INFO [info_mgr] > [UpdateStationArvlBusInfo] - Updating [241426001](1/1)[47307](1/2)
KST 08/09/24 16:43:55 INFO [info_mgr] > [UpdateStationArvlBusInfo] - Updated. (1/1)[241426001](1/2)[47307]
KST 08/09/24 16:43:55 WARNING [info_mgr] > [UpdateStationArvlBusInfo] - Skip. [00000](2/2)
KST 08/09/24 16:43:55 INFO [info_mgr] > [UpdateStationArvlBusInfo] - Updating complete.
KST 08/09/24 16:43:55 INFO [info_mgr] > [UpdateStationArvlBusRouteInfo] - Start updating . . . 
KST 08/09/24 16:43:55 INFO [info_mgr] > [UpdateStationArvlBusRouteInfo] - Updating . . . [](/)
KST 08/09/24 16:43:55 INFO [info_mgr] > [UpdateStationArvlBusRouteInfo] - Updated. [47307](1/2)
KST 08/09/24 16:43:55 WARNING [info_mgr] > [UpdateStationArvlBusRouteInfo] - Skip. Not a good status code(4). [00000](2/2)
KST 08/09/24 16:43:55 INFO [info_mgr] > [UpdateStationArvlBusRouteInfo] - Updating complete.
KST 08/09/24 16:43:55 INFO [info_mgr] > [updateWeatherInfo] - Start updating . . . 
KST 08/09/24 16:43:55 INFO [info_mgr] > [UpdateWeatherInfo] - Updating . . . [47307](1/2)
KST 08/09/24 16:44:38 INFO [info_mgr] > [UpdateWeatherInfo] - Updated. [47307](1/2)
KST 08/09/24 16:44:38 INFO [info_mgr] > [UpdateWeatherInfo] - Updating . . . [00000](2/2)
KST 08/09/24 16:45:12 INFO [info_mgr] > [UpdateWeatherInfo] - Updated. [00000](2/2)
KST 08/09/24 16:45:12 INFO [info_mgr] > [UpdateWeatherInfo] - Updating complete.
KST 08/09/24 16:45:12 INFO [info_mgr] > [UpdateFineDustInfo] - Start updating . . . 
KST 08/09/24 16:45:12 INFO [info_mgr] > [UpdateFineDustInfo] - Updating . . . [47307](1/2)
KST 08/09/24 16:45:13 INFO [info_mgr] > [UpdateFineDustInfo] - Updated. [47307](1/2)
KST 08/09/24 16:45:13 INFO [info_mgr] > [UpdateFineDustInfo] - Updating . . . [00000](2/2)
KST 08/09/24 16:45:13 INFO [info_mgr] > [UpdateFineDustInfo] - Updated. [00000](2/2)
KST 08/09/24 16:45:13 INFO [info_mgr] > [UpdateFineDustInfo] - Updating complete.
/home/admin/BITP_v2
.env Path='/home/admin/BITP_v2/src/.env'
SERVICE_KEY load successful [Y+K/PG7BzlPBzLKybehRrc2U90kkXQbkuDj3DrFrnXRgL2UWCO8uIyaHlZPaKPsHPn0nCF2fcRP6eVnAUn4mUA==]
.env Path='/home/admin/BITP_v2/src/.env'
GOOGLE_KEY load successful [AIzaSyBQ5CwmM5_l9VTsOgB1Ih6ej94Aw-I3JDw]
 * InfoManager Regi SERVICE_KEY :  Y+K/PG7BzlPBzLKybehRrc2U90kkXQbkuDj3DrFrnXRgL2UWCO8uIyaHlZPaKPsHPn0nCF2fcRP6eVnAUn4mUA==
FUNC END
FUNC END
ROOF END
FUNC END
FUNC END
ROOF END
FUNC END
FUNC END
ROOF END
FUNC END
FUNC END
ROOF END
FUNC END
FUNC END
ROOF END
FUNC END
FUNC END
ROOF END
FUNC END
FUNC END
Traceback (most recent call last):
  File "/home/admin/BITP_v2/app.py", line 79, in <module>
  File "/home/admin/BITP_v2/module/matrix_manager.py", line 204, in show_station_page
KeyboardInterrupt
KST 08/09/24 16:46:01 INFO [info_mgr] > Created Logger. (info_mgr)
KST 08/09/24 16:46:01 INFO [info_mgr] > Logging start. <class 'module.info_manager.InfoManager'>
KST 08/09/24 16:46:01 INFO [info_mgr] >  * Regi station list : [{'keyword': '47307', 'stationDesc': 'TEST1', 'stationInfo': None, 'arvlBus': None, 'arvlBusInfo': [], 'arvlBusRouteInfo': [], 'weatherInfo': None, 'finedustInfo': None}, {'keyword': '00000', 'stationDesc': 'TEST2', 'stationInfo': None, 'arvlBus': None, 'arvlBusInfo': [], 'arvlBusRouteInfo': [], 'weatherInfo': None, 'finedustInfo': None}]
KST 08/09/24 16:46:12 INFO [info_mgr] > [UpdateStationInfo] - Start updating . . .
KST 08/09/24 16:46:12 INFO [info_mgr] > [UpdateStationInfo] - Updating . . . [47307](1/2)
KST 08/09/24 16:46:12 INFO [info_mgr] > [UpdateStationInfo] - Updated. [47307](1/2)
KST 08/09/24 16:46:12 INFO [info_mgr] > [UpdateStationInfo] - Updating . . . [00000](2/2)
KST 08/09/24 16:46:12 INFO [info_mgr] > [UpdateStationInfo] - Updated. [00000](2/2)
KST 08/09/24 16:46:12 INFO [info_mgr] > [UpdateStationInfo] - Updating complete.
KST 08/09/24 16:46:12 INFO [info_mgr] > [UpdateStationArvlBus] - Start updating . . . 
KST 08/09/24 16:46:12 INFO [info_mgr] > [UpdateStationArvlBus] - Updating . . . [47307](1/2)
KST 08/09/24 16:46:12 INFO [info_mgr] > [UpdateStationArvlBus] - Updated. [47307](1/2)
KST 08/09/24 16:46:12 INFO [info_mgr] > [UpdateStationArvlBus] - Updating . . . [00000](2/2)
KST 08/09/24 16:46:12 INFO [info_mgr] > [UpdateStationArvlBus] - Update Fail. [00000](2/2)
KST 08/09/24 16:46:12 INFO [info_mgr] > [UpdateStationArvlBus] - Updated. [00000](2/2)
KST 08/09/24 16:46:12 INFO [info_mgr] > [UpdateStationArvlBus] - Updating complete.
KST 08/09/24 16:46:12 INFO [info_mgr] > [UpdateStationArvlBusInfo] - Start updating . . . 
KST 08/09/24 16:46:12 INFO [info_mgr] > [UpdateStationArvlBusInfo] - Updating [228000021](1/2)[47307](1/2)
KST 08/09/24 16:46:13 INFO [info_mgr] > [UpdateStationArvlBusInfo] - Updated. (1/2)[228000021](1/2)[47307]
KST 08/09/24 16:46:13 INFO [info_mgr] > [UpdateStationArvlBusInfo] - Updating [241426001](2/2)[47307](1/2)
KST 08/09/24 16:46:13 INFO [info_mgr] > [UpdateStationArvlBusInfo] - Updated. (2/2)[241426001](1/2)[47307]
KST 08/09/24 16:46:13 WARNING [info_mgr] > [UpdateStationArvlBusInfo] - Skip. [00000](2/2)
KST 08/09/24 16:46:13 INFO [info_mgr] > [UpdateStationArvlBusInfo] - Updating complete.
KST 08/09/24 16:46:13 INFO [info_mgr] > [UpdateStationArvlBusRouteInfo] - Start updating . . . 
KST 08/09/24 16:46:13 INFO [info_mgr] > [UpdateStationArvlBusRouteInfo] - Updating . . . [](/)
KST 08/09/24 16:46:13 INFO [info_mgr] > [UpdateStationArvlBusRouteInfo] - Updated. [47307](1/2)
KST 08/09/24 16:46:13 INFO [info_mgr] > [UpdateStationArvlBusRouteInfo] - Updating . . . [](/)
KST 08/09/24 16:46:13 INFO [info_mgr] > [UpdateStationArvlBusRouteInfo] - Updated. [47307](1/2)
KST 08/09/24 16:46:13 WARNING [info_mgr] > [UpdateStationArvlBusRouteInfo] - Skip. Not a good status code(4). [00000](2/2)
KST 08/09/24 16:46:13 INFO [info_mgr] > [UpdateStationArvlBusRouteInfo] - Updating complete.
KST 08/09/24 16:46:13 INFO [info_mgr] > [updateWeatherInfo] - Start updating . . . 
KST 08/09/24 16:46:13 INFO [info_mgr] > [UpdateWeatherInfo] - Updating . . . [47307](1/2)
KST 08/09/24 16:46:15 INFO [info_mgr] > [UpdateWeatherInfo] - Updated. [47307](1/2)
KST 08/09/24 16:46:15 INFO [info_mgr] > [UpdateWeatherInfo] - Updating . . . [00000](2/2)
KST 08/09/24 16:46:19 INFO [info_mgr] > [UpdateWeatherInfo] - Updated. [00000](2/2)
KST 08/09/24 16:46:19 INFO [info_mgr] > [UpdateWeatherInfo] - Updating complete.
KST 08/09/24 16:46:19 INFO [info_mgr] > [UpdateFineDustInfo] - Start updating . . . 
KST 08/09/24 16:46:19 INFO [info_mgr] > [UpdateFineDustInfo] - Updating . . . [47307](1/2)
KST 08/09/24 16:46:19 INFO [info_mgr] > [UpdateFineDustInfo] - Updated. [47307](1/2)
KST 08/09/24 16:46:19 INFO [info_mgr] > [UpdateFineDustInfo] - Updating . . . [00000](2/2)
KST 08/09/24 16:46:20 INFO [info_mgr] > [UpdateFineDustInfo] - Updated. [00000](2/2)
KST 08/09/24 16:46:20 INFO [info_mgr] > [UpdateFineDustInfo] - Updating complete.
/home/admin/BITP_v2
.env Path='/home/admin/BITP_v2/src/.env'
SERVICE_KEY load successful [Y+K/PG7BzlPBzLKybehRrc2U90kkXQbkuDj3DrFrnXRgL2UWCO8uIyaHlZPaKPsHPn0nCF2fcRP6eVnAUn4mUA==]
.env Path='/home/admin/BITP_v2/src/.env'
GOOGLE_KEY load successful [AIzaSyBQ5CwmM5_l9VTsOgB1Ih6ej94Aw-I3JDw]
 * InfoManager Regi SERVICE_KEY :  Y+K/PG7BzlPBzLKybehRrc2U90kkXQbkuDj3DrFrnXRgL2UWCO8uIyaHlZPaKPsHPn0nCF2fcRP6eVnAUn4mUA==
Traceback (most recent call last):
  File "/home/admin/BITP_v2/app.py", line 72, in <module>
  File "/home/admin/BITP_v2/module/matrix_manager.py", line 113, in show_text_page
KeyboardInterrupt
KST 08/09/24 16:46:21 INFO [info_mgr] > Created Logger. (info_mgr)
KST 08/09/24 16:46:21 INFO [info_mgr] > Logging start. <class 'module.info_manager.InfoManager'>
KST 08/09/24 16:46:21 INFO [info_mgr] >  * Regi station list : [{'keyword': '47307', 'stationDesc': 'TEST1', 'stationInfo': None, 'arvlBus': None, 'arvlBusInfo': [], 'arvlBusRouteInfo': [], 'weatherInfo': None, 'finedustInfo': None}, {'keyword': '00000', 'stationDesc': 'TEST2', 'stationInfo': None, 'arvlBus': None, 'arvlBusInfo': [], 'arvlBusRouteInfo': [], 'weatherInfo': None, 'finedustInfo': None}]
/home/admin/BITP_v2
.env Path='/home/admin/BITP_v2/src/.env'
SERVICE_KEY load successful [Y+K/PG7BzlPBzLKybehRrc2U90kkXQbkuDj3DrFrnXRgL2UWCO8uIyaHlZPaKPsHPn0nCF2fcRP6eVnAUn4mUA==]
.env Path='/home/admin/BITP_v2/src/.env'
GOOGLE_KEY load successful [AIzaSyBQ5CwmM5_l9VTsOgB1Ih6ej94Aw-I3JDw]
 * InfoManager Regi SERVICE_KEY :  Y+K/PG7BzlPBzLKybehRrc2U90kkXQbkuDj3DrFrnXRgL2UWCO8uIyaHlZPaKPsHPn0nCF2fcRP6eVnAUn4mUA==
Traceback (most recent call last):
  File "/home/admin/BITP_v2/app.py", line 52, in <module>
  File "/home/admin/BITP_v2/module/matrix_manager.py", line 113, in show_text_page
KeyboardInterrupt
KST 08/09/24 16:46:26 INFO [info_mgr] > Created Logger. (info_mgr)
KST 08/09/24 16:46:26 INFO [info_mgr] > Logging start. <class 'module.info_manager.InfoManager'>
KST 08/09/24 16:46:26 INFO [info_mgr] >  * Regi station list : [{'keyword': '47307', 'stationDesc': 'TEST1', 'stationInfo': None, 'arvlBus': None, 'arvlBusInfo': [], 'arvlBusRouteInfo': [], 'weatherInfo': None, 'finedustInfo': None}, {'keyword': '00000', 'stationDesc': 'TEST2', 'stationInfo': None, 'arvlBus': None, 'arvlBusInfo': [], 'arvlBusRouteInfo': [], 'weatherInfo': None, 'finedustInfo': None}]
/home/admin/BITP_v2
.env Path='/home/admin/BITP_v2/src/.env'
SERVICE_KEY load successful [Y+K/PG7BzlPBzLKybehRrc2U90kkXQbkuDj3DrFrnXRgL2UWCO8uIyaHlZPaKPsHPn0nCF2fcRP6eVnAUn4mUA==]
.env Path='/home/admin/BITP_v2/src/.env'
GOOGLE_KEY load successful [AIzaSyBQ5CwmM5_l9VTsOgB1Ih6ej94Aw-I3JDw]
 * InfoManager Regi SERVICE_KEY :  Y+K/PG7BzlPBzLKybehRrc2U90kkXQbkuDj3DrFrnXRgL2UWCO8uIyaHlZPaKPsHPn0nCF2fcRP6eVnAUn4mUA==
Traceback (most recent call last):
  File "/home/admin/BITP_v2/app.py", line 52, in <module>
  File "/home/admin/BITP_v2/module/matrix_manager.py", line 113, in show_text_page
KeyboardInterrupt
KST 08/09/24 16:46:30 INFO [info_mgr] > Created Logger. (info_mgr)
KST 08/09/24 16:46:30 INFO [info_mgr] > Logging start. <class 'module.info_manager.InfoManager'>
KST 08/09/24 16:46:30 INFO [info_mgr] >  * Regi station list : [{'keyword': '47307', 'stationDesc': 'TEST1', 'stationInfo': None, 'arvlBus': None, 'arvlBusInfo': [], 'arvlBusRouteInfo': [], 'weatherInfo': None, 'finedustInfo': None}, {'keyword': '00000', 'stationDesc': 'TEST2', 'stationInfo': None, 'arvlBus': None, 'arvlBusInfo': [], 'arvlBusRouteInfo': [], 'weatherInfo': None, 'finedustInfo': None}]
KST 08/09/24 16:46:42 INFO [info_mgr] > [UpdateStationInfo] - Start updating . . .
KST 08/09/24 16:46:42 INFO [info_mgr] > [UpdateStationInfo] - Updating . . . [47307](1/2)
KST 08/09/24 16:46:42 INFO [info_mgr] > [UpdateStationInfo] - Updated. [47307](1/2)
KST 08/09/24 16:46:42 INFO [info_mgr] > [UpdateStationInfo] - Updating . . . [00000](2/2)
/home/admin/BITP_v2
.env Path='/home/admin/BITP_v2/src/.env'
SERVICE_KEY load successful [Y+K/PG7BzlPBzLKybehRrc2U90kkXQbkuDj3DrFrnXRgL2UWCO8uIyaHlZPaKPsHPn0nCF2fcRP6eVnAUn4mUA==]
.env Path='/home/admin/BITP_v2/src/.env'
GOOGLE_KEY load successful [AIzaSyBQ5CwmM5_l9VTsOgB1Ih6ej94Aw-I3JDw]
 * InfoManager Regi SERVICE_KEY :  Y+K/PG7BzlPBzLKybehRrc2U90kkXQbkuDj3DrFrnXRgL2UWCO8uIyaHlZPaKPsHPn0nCF2fcRP6eVnAUn4mUA==
Traceback (most recent call last):
  File "/home/admin/BITP_v2/app.py", line 61, in <module>
  File "/home/admin/BITP_v2/module/info_manager.py", line 90, in update_station_info
  File "/home/admin/BITP_v2/module/api_modules/bus.py", line 168, in get_station_info
  File "/usr/lib/python3/dist-packages/xmltodict.py", line 378, in parse
    parser.Parse(xml_input, True)
  File "../Modules/pyexpat.c", line 416, in StartElement
  File "/usr/lib/python3/dist-packages/xmltodict.py", line 122, in startElement
    attrs = self.dict_constructor(attr_entries)
            ^^^^^^^^^^^^^^^^^^^^^^^^^^^^^^^^^^^
KeyboardInterrupt
KST 08/09/24 16:46:44 INFO [info_mgr] > Created Logger. (info_mgr)
KST 08/09/24 16:46:44 INFO [info_mgr] > Logging start. <class 'module.info_manager.InfoManager'>
KST 08/09/24 16:46:44 INFO [info_mgr] >  * Regi station list : [{'keyword': '47307', 'stationDesc': 'TEST1', 'stationInfo': None, 'arvlBus': None, 'arvlBusInfo': [], 'arvlBusRouteInfo': [], 'weatherInfo': None, 'finedustInfo': None}, {'keyword': '00000', 'stationDesc': 'TEST2', 'stationInfo': None, 'arvlBus': None, 'arvlBusInfo': [], 'arvlBusRouteInfo': [], 'weatherInfo': None, 'finedustInfo': None}]
KST 08/09/24 16:46:58 INFO [info_mgr] > [UpdateStationInfo] - Start updating . . .
KST 08/09/24 16:46:58 INFO [info_mgr] > [UpdateStationInfo] - Updating . . . [47307](1/2)
KST 08/09/24 16:46:58 INFO [info_mgr] > [UpdateStationInfo] - Updated. [47307](1/2)
KST 08/09/24 16:46:58 INFO [info_mgr] > [UpdateStationInfo] - Updating . . . [00000](2/2)
KST 08/09/24 16:46:58 INFO [info_mgr] > [UpdateStationInfo] - Updated. [00000](2/2)
KST 08/09/24 16:46:58 INFO [info_mgr] > [UpdateStationInfo] - Updating complete.
KST 08/09/24 16:46:58 INFO [info_mgr] > [UpdateStationArvlBus] - Start updating . . . 
KST 08/09/24 16:46:58 INFO [info_mgr] > [UpdateStationArvlBus] - Updating . . . [47307](1/2)
KST 08/09/24 16:46:58 INFO [info_mgr] > [UpdateStationArvlBus] - Updated. [47307](1/2)
KST 08/09/24 16:46:58 INFO [info_mgr] > [UpdateStationArvlBus] - Updating . . . [00000](2/2)
KST 08/09/24 16:46:58 INFO [info_mgr] > [UpdateStationArvlBus] - Update Fail. [00000](2/2)
KST 08/09/24 16:46:58 INFO [info_mgr] > [UpdateStationArvlBus] - Updated. [00000](2/2)
KST 08/09/24 16:46:58 INFO [info_mgr] > [UpdateStationArvlBus] - Updating complete.
KST 08/09/24 16:46:58 INFO [info_mgr] > [UpdateStationArvlBusInfo] - Start updating . . . 
KST 08/09/24 16:46:58 INFO [info_mgr] > [UpdateStationArvlBusInfo] - Updating [228000021](1/3)[47307](1/2)
KST 08/09/24 16:46:58 INFO [info_mgr] > [UpdateStationArvlBusInfo] - Updated. (1/3)[228000021](1/2)[47307]
KST 08/09/24 16:46:58 INFO [info_mgr] > [UpdateStationArvlBusInfo] - Updating [241426001](2/3)[47307](1/2)
KST 08/09/24 16:46:58 INFO [info_mgr] > [UpdateStationArvlBusInfo] - Updated. (2/3)[241426001](1/2)[47307]
KST 08/09/24 16:46:58 INFO [info_mgr] > [UpdateStationArvlBusInfo] - Updating [241426001](3/3)[47307](1/2)
KST 08/09/24 16:46:59 INFO [info_mgr] > [UpdateStationArvlBusInfo] - Updated. (3/3)[241426001](1/2)[47307]
KST 08/09/24 16:46:59 WARNING [info_mgr] > [UpdateStationArvlBusInfo] - Skip. [00000](2/2)
KST 08/09/24 16:46:59 INFO [info_mgr] > [UpdateStationArvlBusInfo] - Updating complete.
KST 08/09/24 16:46:59 INFO [info_mgr] > [UpdateStationArvlBusRouteInfo] - Start updating . . . 
KST 08/09/24 16:46:59 INFO [info_mgr] > [UpdateStationArvlBusRouteInfo] - Updating . . . [](/)
KST 08/09/24 16:46:59 INFO [info_mgr] > [UpdateStationArvlBusRouteInfo] - Updated. [47307](1/2)
KST 08/09/24 16:46:59 INFO [info_mgr] > [UpdateStationArvlBusRouteInfo] - Updating . . . [](/)
KST 08/09/24 16:46:59 INFO [info_mgr] > [UpdateStationArvlBusRouteInfo] - Updated. [47307](1/2)
KST 08/09/24 16:46:59 INFO [info_mgr] > [UpdateStationArvlBusRouteInfo] - Updating . . . [](/)
KST 08/09/24 16:46:59 INFO [info_mgr] > [UpdateStationArvlBusRouteInfo] - Updated. [47307](1/2)
KST 08/09/24 16:46:59 WARNING [info_mgr] > [UpdateStationArvlBusRouteInfo] - Skip. Not a good status code(4). [00000](2/2)
KST 08/09/24 16:46:59 INFO [info_mgr] > [UpdateStationArvlBusRouteInfo] - Updating complete.
KST 08/09/24 16:46:59 INFO [info_mgr] > [updateWeatherInfo] - Start updating . . . 
KST 08/09/24 16:46:59 INFO [info_mgr] > [UpdateWeatherInfo] - Updating . . . [47307](1/2)
KST 08/09/24 16:47:55 INFO [info_mgr] > [UpdateWeatherInfo] - Updated. [47307](1/2)
KST 08/09/24 16:47:55 INFO [info_mgr] > [UpdateWeatherInfo] - Updating . . . [00000](2/2)
KST 08/09/24 16:47:56 INFO [info_mgr] > [UpdateWeatherInfo] - Updated. [00000](2/2)
KST 08/09/24 16:47:56 INFO [info_mgr] > [UpdateWeatherInfo] - Updating complete.
KST 08/09/24 16:47:56 INFO [info_mgr] > [UpdateFineDustInfo] - Start updating . . . 
KST 08/09/24 16:47:56 INFO [info_mgr] > [UpdateFineDustInfo] - Updating . . . [47307](1/2)
KST 08/09/24 16:47:57 INFO [info_mgr] > [UpdateFineDustInfo] - Updated. [47307](1/2)
KST 08/09/24 16:47:57 INFO [info_mgr] > [UpdateFineDustInfo] - Updating . . . [00000](2/2)
KST 08/09/24 16:47:57 INFO [info_mgr] > [UpdateFineDustInfo] - Updated. [00000](2/2)
KST 08/09/24 16:47:57 INFO [info_mgr] > [UpdateFineDustInfo] - Updating complete.
/home/admin/BITP_v2
.env Path='/home/admin/BITP_v2/src/.env'
SERVICE_KEY load successful [Y+K/PG7BzlPBzLKybehRrc2U90kkXQbkuDj3DrFrnXRgL2UWCO8uIyaHlZPaKPsHPn0nCF2fcRP6eVnAUn4mUA==]
.env Path='/home/admin/BITP_v2/src/.env'
GOOGLE_KEY load successful [AIzaSyBQ5CwmM5_l9VTsOgB1Ih6ej94Aw-I3JDw]
 * InfoManager Regi SERVICE_KEY :  Y+K/PG7BzlPBzLKybehRrc2U90kkXQbkuDj3DrFrnXRgL2UWCO8uIyaHlZPaKPsHPn0nCF2fcRP6eVnAUn4mUA==
FUNC END
FUNC END
ROOF END
FUNC END
FUNC END
ROOF END
FUNC END
FUNC END
ROOF END
FUNC END
Traceback (most recent call last):
  File "/home/admin/BITP_v2/app.py", line 81, in <module>
  File "/home/admin/BITP_v2/module/matrix_manager.py", line 204, in show_station_page
KeyboardInterrupt
KST 08/09/24 16:48:58 INFO [info_mgr] > Created Logger. (info_mgr)
KST 08/09/24 16:48:58 INFO [info_mgr] > Logging start. <class 'module.info_manager.InfoManager'>
KST 08/09/24 16:48:58 INFO [info_mgr] >  * Regi station list : [{'keyword': '47307', 'stationDesc': 'TEST1', 'stationInfo': None, 'arvlBus': None, 'arvlBusInfo': [], 'arvlBusRouteInfo': [], 'weatherInfo': None, 'finedustInfo': None}, {'keyword': '00000', 'stationDesc': 'TEST2', 'stationInfo': None, 'arvlBus': None, 'arvlBusInfo': [], 'arvlBusRouteInfo': [], 'weatherInfo': None, 'finedustInfo': None}]
KST 08/09/24 16:49:11 INFO [info_mgr] > [UpdateStationInfo] - Start updating . . .
KST 08/09/24 16:49:11 INFO [info_mgr] > [UpdateStationInfo] - Updating . . . [47307](1/2)
KST 08/09/24 16:49:12 INFO [info_mgr] > [UpdateStationInfo] - Updated. [47307](1/2)
KST 08/09/24 16:49:12 INFO [info_mgr] > [UpdateStationInfo] - Updating . . . [00000](2/2)
KST 08/09/24 16:49:12 INFO [info_mgr] > [UpdateStationInfo] - Updated. [00000](2/2)
KST 08/09/24 16:49:12 INFO [info_mgr] > [UpdateStationInfo] - Updating complete.
KST 08/09/24 16:49:12 INFO [info_mgr] > [UpdateStationArvlBus] - Start updating . . . 
KST 08/09/24 16:49:12 INFO [info_mgr] > [UpdateStationArvlBus] - Updating . . . [47307](1/2)
KST 08/09/24 16:49:12 INFO [info_mgr] > [UpdateStationArvlBus] - Updated. [47307](1/2)
KST 08/09/24 16:49:12 INFO [info_mgr] > [UpdateStationArvlBus] - Updating . . . [00000](2/2)
KST 08/09/24 16:49:12 INFO [info_mgr] > [UpdateStationArvlBus] - Update Fail. [00000](2/2)
KST 08/09/24 16:49:12 INFO [info_mgr] > [UpdateStationArvlBus] - Updated. [00000](2/2)
KST 08/09/24 16:49:12 INFO [info_mgr] > [UpdateStationArvlBus] - Updating complete.
KST 08/09/24 16:49:12 INFO [info_mgr] > [UpdateStationArvlBusInfo] - Start updating . . . 
KST 08/09/24 16:49:12 INFO [info_mgr] > [UpdateStationArvlBusInfo] - Updating [228000021](1/2)[47307](1/2)
KST 08/09/24 16:49:12 INFO [info_mgr] > [UpdateStationArvlBusInfo] - Updated. (1/2)[228000021](1/2)[47307]
KST 08/09/24 16:49:12 INFO [info_mgr] > [UpdateStationArvlBusInfo] - Updating [241426001](2/2)[47307](1/2)
KST 08/09/24 16:49:12 INFO [info_mgr] > [UpdateStationArvlBusInfo] - Updated. (2/2)[241426001](1/2)[47307]
KST 08/09/24 16:49:12 WARNING [info_mgr] > [UpdateStationArvlBusInfo] - Skip. [00000](2/2)
KST 08/09/24 16:49:12 INFO [info_mgr] > [UpdateStationArvlBusInfo] - Updating complete.
KST 08/09/24 16:49:12 INFO [info_mgr] > [UpdateStationArvlBusRouteInfo] - Start updating . . . 
KST 08/09/24 16:49:12 INFO [info_mgr] > [UpdateStationArvlBusRouteInfo] - Updating . . . [](/)
KST 08/09/24 16:49:13 INFO [info_mgr] > [UpdateStationArvlBusRouteInfo] - Updated. [47307](1/2)
KST 08/09/24 16:49:13 INFO [info_mgr] > [UpdateStationArvlBusRouteInfo] - Updating . . . [](/)
KST 08/09/24 16:49:13 INFO [info_mgr] > [UpdateStationArvlBusRouteInfo] - Updated. [47307](1/2)
KST 08/09/24 16:49:13 WARNING [info_mgr] > [UpdateStationArvlBusRouteInfo] - Skip. Not a good status code(4). [00000](2/2)
KST 08/09/24 16:49:13 INFO [info_mgr] > [UpdateStationArvlBusRouteInfo] - Updating complete.
KST 08/09/24 16:49:13 INFO [info_mgr] > [updateWeatherInfo] - Start updating . . . 
KST 08/09/24 16:49:13 INFO [info_mgr] > [UpdateWeatherInfo] - Updating . . . [47307](1/2)
KST 08/09/24 16:50:03 INFO [info_mgr] > [UpdateWeatherInfo] - Updated. [47307](1/2)
KST 08/09/24 16:50:03 INFO [info_mgr] > [UpdateWeatherInfo] - Updating . . . [00000](2/2)
KST 08/09/24 16:50:05 INFO [info_mgr] > [UpdateWeatherInfo] - Updated. [00000](2/2)
KST 08/09/24 16:50:05 INFO [info_mgr] > [UpdateWeatherInfo] - Updating complete.
KST 08/09/24 16:50:05 INFO [info_mgr] > [UpdateFineDustInfo] - Start updating . . . 
KST 08/09/24 16:50:05 INFO [info_mgr] > [UpdateFineDustInfo] - Updating . . . [47307](1/2)
KST 08/09/24 16:50:06 INFO [info_mgr] > [UpdateFineDustInfo] - Updated. [47307](1/2)
KST 08/09/24 16:50:06 INFO [info_mgr] > [UpdateFineDustInfo] - Updating . . . [00000](2/2)
KST 08/09/24 16:50:07 INFO [info_mgr] > [UpdateFineDustInfo] - Updated. [00000](2/2)
KST 08/09/24 16:50:07 INFO [info_mgr] > [UpdateFineDustInfo] - Updating complete.
/home/admin/BITP_v2
.env Path='/home/admin/BITP_v2/src/.env'
SERVICE_KEY load successful [Y+K/PG7BzlPBzLKybehRrc2U90kkXQbkuDj3DrFrnXRgL2UWCO8uIyaHlZPaKPsHPn0nCF2fcRP6eVnAUn4mUA==]
.env Path='/home/admin/BITP_v2/src/.env'
GOOGLE_KEY load successful [AIzaSyBQ5CwmM5_l9VTsOgB1Ih6ej94Aw-I3JDw]
 * InfoManager Regi SERVICE_KEY :  Y+K/PG7BzlPBzLKybehRrc2U90kkXQbkuDj3DrFrnXRgL2UWCO8uIyaHlZPaKPsHPn0nCF2fcRP6eVnAUn4mUA==
FUNC END
FUNC END
ROOF END
FUNC END
FUNC END
ROOF END
FUNC END
FUNC END
ROOF END
FUNC END
FUNC END
ROOF END
FUNC END
FUNC END
ROOF END
FUNC END
FUNC END
ROOF END
FUNC END
FUNC END
ROOF END
FUNC END
FUNC END
ROOF END
FUNC END
FUNC END
ROOF END
FUNC END
FUNC END
ROOF END
FUNC END
FUNC END
ROOF END
FUNC END
FUNC END
ROOF END
FUNC END
FUNC END
ROOF END
FUNC END
FUNC END
ROOF END
FUNC END
FUNC END
ROOF END
FUNC END
FUNC END
ROOF END
FUNC END
FUNC END
ROOF END
FUNC END
FUNC END
ROOF END
FUNC END
FUNC END
ROOF END
FUNC END
FUNC END
ROOF END
FUNC END
FUNC END
ROOF END
FUNC END
FUNC END
ROOF END
FUNC END
Traceback (most recent call last):
  File "/home/admin/BITP_v2/app.py", line 81, in <module>
  File "/home/admin/BITP_v2/module/matrix_manager.py", line 204, in show_station_page
KeyboardInterrupt
KST 08/09/24 16:51:15 INFO [info_mgr] > Created Logger. (info_mgr)
KST 08/09/24 16:51:15 INFO [info_mgr] > Logging start. <class 'module.info_manager.InfoManager'>
KST 08/09/24 16:51:15 INFO [info_mgr] >  * Regi station list : [{'keyword': '47307', 'stationDesc': 'TEST1', 'stationInfo': None, 'arvlBus': None, 'arvlBusInfo': [], 'arvlBusRouteInfo': [], 'weatherInfo': None, 'finedustInfo': None}, {'keyword': '00000', 'stationDesc': 'TEST2', 'stationInfo': None, 'arvlBus': None, 'arvlBusInfo': [], 'arvlBusRouteInfo': [], 'weatherInfo': None, 'finedustInfo': None}]
/home/admin/BITP_v2
.env Path='/home/admin/BITP_v2/src/.env'
SERVICE_KEY load successful [Y+K/PG7BzlPBzLKybehRrc2U90kkXQbkuDj3DrFrnXRgL2UWCO8uIyaHlZPaKPsHPn0nCF2fcRP6eVnAUn4mUA==]
.env Path='/home/admin/BITP_v2/src/.env'
GOOGLE_KEY load successful [AIzaSyBQ5CwmM5_l9VTsOgB1Ih6ej94Aw-I3JDw]
 * InfoManager Regi SERVICE_KEY :  Y+K/PG7BzlPBzLKybehRrc2U90kkXQbkuDj3DrFrnXRgL2UWCO8uIyaHlZPaKPsHPn0nCF2fcRP6eVnAUn4mUA==
Traceback (most recent call last):
  File "/home/admin/BITP_v2/app.py", line 55, in <module>
  File "/home/admin/BITP_v2/module/matrix_manager.py", line 76, in show_test_page
KeyboardInterrupt
KST 08/09/24 16:51:23 INFO [info_mgr] > Created Logger. (info_mgr)
KST 08/09/24 16:51:23 INFO [info_mgr] > Logging start. <class 'module.info_manager.InfoManager'>
KST 08/09/24 16:51:23 INFO [info_mgr] >  * Regi station list : [{'keyword': '47307', 'stationDesc': 'TEST1', 'stationInfo': None, 'arvlBus': None, 'arvlBusInfo': [], 'arvlBusRouteInfo': [], 'weatherInfo': None, 'finedustInfo': None}, {'keyword': '00000', 'stationDesc': 'TEST2', 'stationInfo': None, 'arvlBus': None, 'arvlBusInfo': [], 'arvlBusRouteInfo': [], 'weatherInfo': None, 'finedustInfo': None}]
/home/admin/BITP_v2
module.matrix_manager module import failed : expected an indented block after 'for' statement on line 203 (matrix_manager.py, line 205)
