[INFO|root|bus_manager.py:27] 20240727|110801 > Logging start <class 'module.bus_manager.bus_info_refresh_manager'>
[INFO|root|bus_manager.py:66] 20240727|110801 > Regi station list: {'busStationList': [{'keyword': '29412', 'stationDesc': '헌혈의집'}]}
[INFO|root|bus_manager.py:76] 20240727|110801 > [UpdateStationInfo] - Start updating . . .
[DEBUG|urllib3.connectionpool|connectionpool.py:244] 20240727|110801 > Starting new HTTP connection (1): apis.data.go.kr:80
[DEBUG|urllib3.connectionpool|connectionpool.py:546] 20240727|110801 > http://apis.data.go.kr:80 "GET /6410000/busstationservice/getBusStationList?serviceKey=Y%2BK%2FPG7BzlPBzLKybehRrc2U90kkXQbkuDj3DrFrnXRgL2UWCO8uIyaHlZPaKPsHPn0nCF2fcRP6eVnAUn4mUA%3D%3D&keyword=29412 HTTP/1.1" 200 369
[INFO|root|bus_manager.py:100] 20240727|110801 > [UpdateStationInfo] - Updated (1/1)
[INFO|root|bus_manager.py:106] 20240727|110801 > [UpdateStationInfo] - Updating complete
[INFO|root|bus_manager.py:118] 20240727|110801 > [UpdateStationArvlBusInfo] - Start updating . . .
[DEBUG|urllib3.connectionpool|connectionpool.py:244] 20240727|110801 > Starting new HTTP connection (1): apis.data.go.kr:80
[DEBUG|urllib3.connectionpool|connectionpool.py:546] 20240727|110801 > http://apis.data.go.kr:80 "GET /6410000/busarrivalservice/getBusArrivalList?serviceKey=Y%2BK%2FPG7BzlPBzLKybehRrc2U90kkXQbkuDj3DrFrnXRgL2UWCO8uIyaHlZPaKPsHPn0nCF2fcRP6eVnAUn4mUA%3D%3D&stationId=228000446 HTTP/1.1" 200 807
[INFO|root|bus_manager.py:146] 20240727|110801 > [UpdateStationArvlBusInfo] - Updated (1/1)
[INFO|root|bus_manager.py:152] 20240727|110801 > [UpdateStationArvlBusInfo] - Updating complete
[INFO|root|bus_manager.py:118] 20240727|110801 > [UpdateStationArvlBusInfo] - Start updating . . .
[DEBUG|urllib3.connectionpool|connectionpool.py:244] 20240727|110801 > Starting new HTTP connection (1): apis.data.go.kr:80
[DEBUG|urllib3.connectionpool|connectionpool.py:546] 20240727|110802 > http://apis.data.go.kr:80 "GET /6410000/busarrivalservice/getBusArrivalList?serviceKey=Y%2BK%2FPG7BzlPBzLKybehRrc2U90kkXQbkuDj3DrFrnXRgL2UWCO8uIyaHlZPaKPsHPn0nCF2fcRP6eVnAUn4mUA%3D%3D&stationId=228000446 HTTP/1.1" 200 807
[INFO|root|bus_manager.py:146] 20240727|110802 > [UpdateStationArvlBusInfo] - Updated (1/1)
[INFO|root|bus_manager.py:152] 20240727|110802 > [UpdateStationArvlBusInfo] - Updating complete
[INFO|root|bus_manager.py:118] 20240727|110802 > [UpdateStationArvlBusInfo] - Start updating . . .
[DEBUG|urllib3.connectionpool|connectionpool.py:244] 20240727|110802 > Starting new HTTP connection (1): apis.data.go.kr:80
[DEBUG|urllib3.connectionpool|connectionpool.py:546] 20240727|110802 > http://apis.data.go.kr:80 "GET /6410000/busarrivalservice/getBusArrivalList?serviceKey=Y%2BK%2FPG7BzlPBzLKybehRrc2U90kkXQbkuDj3DrFrnXRgL2UWCO8uIyaHlZPaKPsHPn0nCF2fcRP6eVnAUn4mUA%3D%3D&stationId=228000446 HTTP/1.1" 200 808
[INFO|root|bus_manager.py:146] 20240727|110802 > [UpdateStationArvlBusInfo] - Updated (1/1)
[INFO|root|bus_manager.py:152] 20240727|110802 > [UpdateStationArvlBusInfo] - Updating complete
[INFO|root|bus_manager.py:118] 20240727|110802 > [UpdateStationArvlBusInfo] - Start updating . . .
[DEBUG|urllib3.connectionpool|connectionpool.py:244] 20240727|110802 > Starting new HTTP connection (1): apis.data.go.kr:80
[DEBUG|urllib3.connectionpool|connectionpool.py:546] 20240727|110802 > http://apis.data.go.kr:80 "GET /6410000/busarrivalservice/getBusArrivalList?serviceKey=Y%2BK%2FPG7BzlPBzLKybehRrc2U90kkXQbkuDj3DrFrnXRgL2UWCO8uIyaHlZPaKPsHPn0nCF2fcRP6eVnAUn4mUA%3D%3D&stationId=228000446 HTTP/1.1" 200 808
[INFO|root|bus_manager.py:146] 20240727|110802 > [UpdateStationArvlBusInfo] - Updated (1/1)
[INFO|root|bus_manager.py:152] 20240727|110802 > [UpdateStationArvlBusInfo] - Updating complete
[INFO|root|bus_manager.py:118] 20240727|110802 > [UpdateStationArvlBusInfo] - Start updating . . .
[DEBUG|urllib3.connectionpool|connectionpool.py:244] 20240727|110802 > Starting new HTTP connection (1): apis.data.go.kr:80
[DEBUG|urllib3.connectionpool|connectionpool.py:546] 20240727|110802 > http://apis.data.go.kr:80 "GET /6410000/busarrivalservice/getBusArrivalList?serviceKey=Y%2BK%2FPG7BzlPBzLKybehRrc2U90kkXQbkuDj3DrFrnXRgL2UWCO8uIyaHlZPaKPsHPn0nCF2fcRP6eVnAUn4mUA%3D%3D&stationId=228000446 HTTP/1.1" 200 807
[INFO|root|bus_manager.py:146] 20240727|110802 > [UpdateStationArvlBusInfo] - Updated (1/1)
[INFO|root|bus_manager.py:152] 20240727|110802 > [UpdateStationArvlBusInfo] - Updating complete
[INFO|root|bus_manager.py:118] 20240727|110802 > [UpdateStationArvlBusInfo] - Start updating . . .
[DEBUG|urllib3.connectionpool|connectionpool.py:244] 20240727|110802 > Starting new HTTP connection (1): apis.data.go.kr:80
[DEBUG|urllib3.connectionpool|connectionpool.py:546] 20240727|110802 > http://apis.data.go.kr:80 "GET /6410000/busarrivalservice/getBusArrivalList?serviceKey=Y%2BK%2FPG7BzlPBzLKybehRrc2U90kkXQbkuDj3DrFrnXRgL2UWCO8uIyaHlZPaKPsHPn0nCF2fcRP6eVnAUn4mUA%3D%3D&stationId=228000446 HTTP/1.1" 200 808
[INFO|root|bus_manager.py:146] 20240727|110802 > [UpdateStationArvlBusInfo] - Updated (1/1)
[INFO|root|bus_manager.py:152] 20240727|110802 > [UpdateStationArvlBusInfo] - Updating complete
[INFO|root|bus_manager.py:118] 20240727|110802 > [UpdateStationArvlBusInfo] - Start updating . . .
[DEBUG|urllib3.connectionpool|connectionpool.py:244] 20240727|110802 > Starting new HTTP connection (1): apis.data.go.kr:80
[DEBUG|urllib3.connectionpool|connectionpool.py:546] 20240727|110802 > http://apis.data.go.kr:80 "GET /6410000/busarrivalservice/getBusArrivalList?serviceKey=Y%2BK%2FPG7BzlPBzLKybehRrc2U90kkXQbkuDj3DrFrnXRgL2UWCO8uIyaHlZPaKPsHPn0nCF2fcRP6eVnAUn4mUA%3D%3D&stationId=228000446 HTTP/1.1" 200 807
[INFO|root|bus_manager.py:146] 20240727|110802 > [UpdateStationArvlBusInfo] - Updated (1/1)
[INFO|root|bus_manager.py:152] 20240727|110802 > [UpdateStationArvlBusInfo] - Updating complete
[INFO|root|bus_manager.py:118] 20240727|110802 > [UpdateStationArvlBusInfo] - Start updating . . .
[DEBUG|urllib3.connectionpool|connectionpool.py:244] 20240727|110802 > Starting new HTTP connection (1): apis.data.go.kr:80
[DEBUG|urllib3.connectionpool|connectionpool.py:546] 20240727|110802 > http://apis.data.go.kr:80 "GET /6410000/busarrivalservice/getBusArrivalList?serviceKey=Y%2BK%2FPG7BzlPBzLKybehRrc2U90kkXQbkuDj3DrFrnXRgL2UWCO8uIyaHlZPaKPsHPn0nCF2fcRP6eVnAUn4mUA%3D%3D&stationId=228000446 HTTP/1.1" 200 808
[INFO|root|bus_manager.py:146] 20240727|110802 > [UpdateStationArvlBusInfo] - Updated (1/1)
[INFO|root|bus_manager.py:152] 20240727|110802 > [UpdateStationArvlBusInfo] - Updating complete
[INFO|root|bus_manager.py:118] 20240727|110802 > [UpdateStationArvlBusInfo] - Start updating . . .
[DEBUG|urllib3.connectionpool|connectionpool.py:244] 20240727|110802 > Starting new HTTP connection (1): apis.data.go.kr:80
[DEBUG|urllib3.connectionpool|connectionpool.py:546] 20240727|110802 > http://apis.data.go.kr:80 "GET /6410000/busarrivalservice/getBusArrivalList?serviceKey=Y%2BK%2FPG7BzlPBzLKybehRrc2U90kkXQbkuDj3DrFrnXRgL2UWCO8uIyaHlZPaKPsHPn0nCF2fcRP6eVnAUn4mUA%3D%3D&stationId=228000446 HTTP/1.1" 200 806
[INFO|root|bus_manager.py:146] 20240727|110802 > [UpdateStationArvlBusInfo] - Updated (1/1)
[INFO|root|bus_manager.py:152] 20240727|110802 > [UpdateStationArvlBusInfo] - Updating complete
