{
    "queryTime": "20240805143007",
    "apiSuccess": true,
    "apiParam": "returnType=xml,sidoName=\uacbd\uae30,ver=1.0",
    "rstCode": "00",
    "rstMsg": "-1",
    "result": [
        {
            "so2Grade": "1",
            "coFlag": null,
            "khaiValue": "96",
            "so2Value": "0.001",
            "coValue": "0.6",
            "pm25Flag": null,
            "pm10Flag": null,
            "o3Grade": "2",
            "pm10Value": "35",
            "khaiGrade": "2",
            "pm25Value": "23",
            "sidoName": "\uacbd\uae30",
            "no2Flag": null,
            "no2Grade": "1",
            "o3Flag": null,
            "pm25Grade": "2",
            "so2Flag": null,
            "dataTime": "2024-08-05 14:00",
            "coGrade": "1",
            "no2Value": "0.012",
            "stationName": "\uc624\uc815\ub3d9",
            "pm10Grade": "2",
            "o3Value": "0.085"
        },
        {
            "so2Grade": "1",
            "coFlag": null,
            "khaiValue": "76",
            "so2Value": "0.003",
            "coValue": "0.7",
            "pm25Flag": null,
            "pm10Flag": null,
            "o3Grade": "2",
            "pm10Value": "34",
            "khaiGrade": "2",
            "pm25Value": "12",
            "sidoName": "\uacbd\uae30",
            "no2Flag": null,
            "no2Grade": "1",
            "o3Flag": null,
            "pm25Grade": "2",
            "so2Flag": null,
            "dataTime": "2024-08-05 14:00",
            "coGrade": "1",
            "no2Value": "0.023",
            "stationName": "\uc1a1\ub0b4\ub300\ub85c(\uc911\ub3d9)",
            "pm10Grade": "2",
            "o3Value": "0.060"
        },
        {
            "so2Grade": "1",
            "coFlag": null,
            "khaiValue": "96",
            "so2Value": "0.002",
            "coValue": "0.6",
            "pm25Flag": null,
            "pm10Flag": null,
            "o3Grade": "2",
            "pm10Value": "32",
            "khaiGrade": "2",
            "pm25Value": "20",
            "sidoName": "\uacbd\uae30",
            "no2Flag": null,
            "no2Grade": "1",
            "o3Flag": null,
            "pm25Grade": "2",
            "so2Flag": null,
            "dataTime": "2024-08-05 14:00",
            "coGrade": "1",
            "no2Value": "0.012",
            "stationName": "\uc18c\uc0ac\ubcf8\ub3d9",
            "pm10Grade": "2",
            "o3Value": "0.085"
        },
        {
            "so2Grade": "1",
            "coFlag": null,
            "khaiValue": "76",
            "so2Value": "0.003",
            "coValue": "0.5",
            "pm25Flag": null,
            "pm10Flag": null,
            "o3Grade": "2",
            "pm10Value": "26",
            "khaiGrade": "2",
            "pm25Value": "9",
            "sidoName": "\uacbd\uae30",
            "no2Flag": null,
            "no2Grade": "1",
            "o3Flag": null,
            "pm25Grade": "2",
            "so2Flag": null,
            "dataTime": "2024-08-05 14:00",
            "coGrade": "1",
            "no2Value": "0.019",
            "stationName": "\ub0b4\ub3d9",
            "pm10Grade": "1",
            "o3Value": "0.060"
        },
        {
            "so2Grade": "1",
            "coFlag": null,
            "khaiValue": "99",
            "so2Value": "0.002",
            "coValue": "0.4",
            "pm25Flag": null,
            "pm10Flag": null,
            "o3Grade": "2",
            "pm10Value": "31",
            "khaiGrade": "2",
            "pm25Value": "17",
            "sidoName": "\uacbd\uae30",
            "no2Flag": null,
            "no2Grade": "1",
            "o3Flag": null,
            "pm25Grade": "2",
            "so2Flag": null,
            "dataTime": "2024-08-05 14:00",
            "coGrade": "1",
            "no2Value": "0.008",
            "stationName": "\uc9112\ub3d9",
            "pm10Grade": "2",
            "o3Value": "0.088"
        },
        {
            "so2Grade": "1",
            "coFlag": null,
            "khaiValue": "72",
            "so2Value": "0.002",
            "coValue": "0.4",
            "pm25Flag": null,
            "pm10Flag": null,
            "o3Grade": "2",
            "pm10Value": "48",
            "khaiGrade": "2",
            "pm25Value": "21",
            "sidoName": "\uacbd\uae30",
            "no2Flag": null,
            "no2Grade": "1",
            "o3Flag": null,
            "pm25Grade": "2",
            "so2Flag": null,
            "dataTime": "2024-08-05 14:00",
            "coGrade": "1",
            "no2Value": "0.004",
            "stationName": "\uc2e0\ud48d\ub3d9",
            "pm10Grade": "2",
            "o3Value": "0.055"
        },
        {
            "so2Grade": null,
            "coFlag": "\ud1b5\uc2e0\uc7a5\uc560",
            "khaiValue": "-",
            "so2Value": "-",
            "coValue": "-",
            "pm25Flag": "\ud1b5\uc2e0\uc7a5\uc560",
            "pm10Flag": "\ud1b5\uc2e0\uc7a5\uc560",
            "o3Grade": null,
            "pm10Value": "-",
            "khaiGrade": null,
            "pm25Value": "-",
            "sidoName": "\uacbd\uae30",
            "no2Flag": "\ud1b5\uc2e0\uc7a5\uc560",
            "no2Grade": null,
            "o3Flag": "\ud1b5\uc2e0\uc7a5\uc560",
            "pm25Grade": "2",
            "so2Flag": "\ud1b5\uc2e0\uc7a5\uc560",
            "dataTime": "2024-08-05 14:00",
            "coGrade": null,
            "no2Value": "-",
            "stationName": "\uc778\uacc4\ub3d9",
            "pm10Grade": "1",
            "o3Value": "-"
        },
        {
            "so2Grade": "1",
            "coFlag": null,
            "khaiValue": "86",
            "so2Value": "0.001",
            "coValue": "0.5",
            "pm25Flag": null,
            "pm10Flag": null,
            "o3Grade": "2",
            "pm10Value": "30",
            "khaiGrade": "2",
            "pm25Value": "14",
            "sidoName": "\uacbd\uae30",
            "no2Flag": null,
            "no2Grade": "1",
            "o3Flag": null,
            "pm25Grade": "1",
            "so2Flag": null,
            "dataTime": "2024-08-05 14:00",
            "coGrade": "1",
            "no2Value": "0.006",
            "stationName": "\uad11\uad50\ub3d9",
            "pm10Grade": "1",
            "o3Value": "0.073"
        },
        {
            "so2Grade": "1",
            "coFlag": null,
            "khaiValue": "-",
            "so2Value": "0.003",
            "coValue": "0.8",
            "pm25Flag": "\ud1b5\uc2e0\uc7a5\uc560",
            "pm10Flag": "\ud1b5\uc2e0\uc7a5\uc560",
            "o3Grade": "2",
            "pm10Value": "-",
            "khaiGrade": null,
            "pm25Value": "-",
            "sidoName": "\uacbd\uae30",
            "no2Flag": null,
            "no2Grade": "1",
            "o3Flag": null,
            "pm25Grade": null,
            "so2Flag": null,
            "dataTime": "2024-08-05 14:00",
            "coGrade": "1",
            "no2Value": "0.007",
            "stationName": "\uc601\ud1b5\ub3d9",
            "pm10Grade": null,
            "o3Value": "0.069"
        },
        {
            "so2Grade": "1",
            "coFlag": null,
            "khaiValue": "87",
            "so2Value": "0.002",
            "coValue": "0.5",
            "pm25Flag": null,
            "pm10Flag": null,
            "o3Grade": "2",
            "pm10Value": "38",
            "khaiGrade": "2",
            "pm25Value": "20",
            "sidoName": "\uacbd\uae30",
            "no2Flag": null,
            "no2Grade": "1",
            "o3Flag": null,
            "pm25Grade": "2",
            "so2Flag": null,
            "dataTime": "2024-08-05 14:00",
            "coGrade": "1",
            "no2Value": "0.005",
            "stationName": "\ucc9c\ucc9c\ub3d9",
            "pm10Grade": "1",
            "o3Value": "0.075"
        },
        {
            "so2Grade": "1",
            "coFlag": null,
            "khaiValue": "72",
            "so2Value": "0.001",
            "coValue": "0.6",
            "pm25Flag": null,
            "pm10Flag": null,
            "o3Grade": "2",
            "pm10Value": "32",
            "khaiGrade": "2",
            "pm25Value": "17",
            "sidoName": "\uacbd\uae30",
            "no2Flag": null,
            "no2Grade": "1",
            "o3Flag": null,
            "pm25Grade": "2",
            "so2Flag": null,
            "dataTime": "2024-08-05 14:00",
            "coGrade": "1",
            "no2Value": "0.027",
            "stationName": "\uacbd\uc218\ub300\ub85c(\ub3d9\uc218\uc6d0)",
            "pm10Grade": "1",
            "o3Value": "0.056"
        },
        {
            "so2Grade": "1",
            "coFlag": null,
            "khaiValue": "80",
            "so2Value": "0.002",
            "coValue": "0.4",
            "pm25Flag": null,
            "pm10Flag": null,
            "o3Grade": "2",
            "pm10Value": "37",
            "khaiGrade": "2",
            "pm25Value": "15",
            "sidoName": "\uacbd\uae30",
            "no2Flag": null,
            "no2Grade": "1",
            "o3Flag": null,
            "pm25Grade": "2",
            "so2Flag": null,
            "dataTime": "2024-08-05 14:00",
            "coGrade": "1",
            "no2Value": "0.009",
            "stationName": "\uace0\uc0c9\ub3d9",
            "pm10Grade": "2",
            "o3Value": "0.065"
        },
        {
            "so2Grade": "1",
            "coFlag": null,
            "khaiValue": "83",
            "so2Value": "0.002",
            "coValue": "0.3",
            "pm25Flag": null,
            "pm10Flag": null,
            "o3Grade": "2",
            "pm10Value": "30",
            "khaiGrade": "2",
            "pm25Value": "23",
            "sidoName": "\uacbd\uae30",
            "no2Flag": null,
            "no2Grade": "1",
            "o3Flag": null,
            "pm25Grade": "2",
            "so2Flag": null,
            "dataTime": "2024-08-05 14:00",
            "coGrade": "1",
            "no2Value": "0.003",
            "stationName": "\ud638\ub9e4\uc2e4",
            "pm10Grade": "1",
            "o3Value": "0.069"
        },
        {
            "so2Grade": "1",
            "coFlag": null,
            "khaiValue": "67",
            "so2Value": "0.001",
            "coValue": "0.4",
            "pm25Flag": null,
            "pm10Flag": null,
            "o3Grade": "2",
            "pm10Value": "25",
            "khaiGrade": "2",
            "pm25Value": "15",
            "sidoName": "\uacbd\uae30",
            "no2Flag": null,
            "no2Grade": "1",
            "o3Flag": null,
            "pm25Grade": "1",
            "so2Flag": null,
            "dataTime": "2024-08-05 14:00",
            "coGrade": "1",
            "no2Value": "0.020",
            "stationName": "\ub300\uc655\ud310\uad50\ub85c(\ubc31\ud604\ub3d9)",
            "pm10Grade": "1",
            "o3Value": "0.050"
        },
        {
            "so2Grade": "1",
            "coFlag": null,
            "khaiValue": "90",
            "so2Value": "0.002",
            "coValue": "0.5",
            "pm25Flag": null,
            "pm10Flag": null,
            "o3Grade": "2",
            "pm10Value": "33",
            "khaiGrade": "2",
            "pm25Value": "14",
            "sidoName": "\uacbd\uae30",
            "no2Flag": null,
            "no2Grade": "1",
            "o3Flag": null,
            "pm25Grade": "1",
            "so2Flag": null,
            "dataTime": "2024-08-05 14:00",
            "coGrade": "1",
            "no2Value": "0.008",
            "stationName": "\ub2e8\ub300\ub3d9",
            "pm10Grade": "1",
            "o3Value": "0.078"
        },
        {
            "so2Grade": "1",
            "coFlag": null,
            "khaiValue": "83",
            "so2Value": "0.002",
            "coValue": "0.4",
            "pm25Flag": null,
            "pm10Flag": null,
            "o3Grade": "2",
            "pm10Value": "21",
            "khaiGrade": "2",
            "pm25Value": "13",
            "sidoName": "\uacbd\uae30",
            "no2Flag": null,
            "no2Grade": "1",
            "o3Flag": null,
            "pm25Grade": "1",
            "so2Flag": null,
            "dataTime": "2024-08-05 14:00",
            "coGrade": "1",
            "no2Value": "0.008",
            "stationName": "\uc815\uc790\ub3d9",
            "pm10Grade": "1",
            "o3Value": "0.069"
        },
        {
            "so2Grade": "1",
            "coFlag": null,
            "khaiValue": "-",
            "so2Value": "0.001",
            "coValue": "0.4",
            "pm25Flag": null,
            "pm10Flag": null,
            "o3Grade": "2",
            "pm10Value": "32",
            "khaiGrade": null,
            "pm25Value": "17",
            "sidoName": "\uacbd\uae30",
            "no2Flag": null,
            "no2Grade": "1",
            "o3Flag": null,
            "pm25Grade": null,
            "so2Flag": null,
            "dataTime": "2024-08-05 14:00",
            "coGrade": "1",
            "no2Value": "0.005",
            "stationName": "\uc218\ub0b4\ub3d9",
            "pm10Grade": "1",
            "o3Value": "0.059"
        },
        {
            "so2Grade": "1",
            "coFlag": null,
            "khaiValue": "71",
            "so2Value": "0.003",
            "coValue": "0.6",
            "pm25Flag": null,
            "pm10Flag": null,
            "o3Grade": "2",
            "pm10Value": "39",
            "khaiGrade": "2",
            "pm25Value": "15",
            "sidoName": "\uacbd\uae30",
            "no2Flag": null,
            "no2Grade": "1",
            "o3Flag": null,
            "pm25Grade": "2",
            "so2Flag": null,
            "dataTime": "2024-08-05 14:00",
            "coGrade": "1",
            "no2Value": "0.026",
            "stationName": "\uc131\ub0a8\ub300\ub85c(\ubaa8\ub780\uc5ed)",
            "pm10Grade": "1",
            "o3Value": "0.055"
        },
        {
            "so2Grade": "1",
            "coFlag": null,
            "khaiValue": "92",
            "so2Value": "0.002",
            "coValue": "0.6",
            "pm25Flag": null,
            "pm10Flag": null,
            "o3Grade": "2",
            "pm10Value": "40",
            "khaiGrade": "2",
            "pm25Value": "17",
            "sidoName": "\uacbd\uae30",
            "no2Flag": null,
            "no2Grade": "1",
            "o3Flag": null,
            "pm25Grade": "1",
            "so2Flag": null,
            "dataTime": "2024-08-05 14:00",
            "coGrade": "1",
            "no2Value": "0.005",
            "stationName": "\ubcf5\uc815\ub3d9",
            "pm10Grade": "1",
            "o3Value": "0.080"
        },
        {
            "so2Grade": "1",
            "coFlag": null,
            "khaiValue": "92",
            "so2Value": "0.002",
            "coValue": "0.5",
            "pm25Flag": null,
            "pm10Flag": null,
            "o3Grade": "2",
            "pm10Value": "29",
            "khaiGrade": "2",
            "pm25Value": "16",
            "sidoName": "\uacbd\uae30",
            "no2Flag": null,
            "no2Grade": "1",
            "o3Flag": null,
            "pm25Grade": "2",
            "so2Flag": null,
            "dataTime": "2024-08-05 14:00",
            "coGrade": "1",
            "no2Value": "0.006",
            "stationName": "\uc6b4\uc911\ub3d9",
            "pm10Grade": "1",
            "o3Value": "0.081"
        },
        {
            "so2Grade": "1",
            "coFlag": null,
            "khaiValue": "68",
            "so2Value": "0.002",
            "coValue": "0.5",
            "pm25Flag": null,
            "pm10Flag": null,
            "o3Grade": "2",
            "pm10Value": "18",
            "khaiGrade": "2",
            "pm25Value": "12",
            "sidoName": "\uacbd\uae30",
            "no2Flag": null,
            "no2Grade": "2",
            "o3Flag": null,
            "pm25Grade": "1",
            "so2Flag": null,
            "dataTime": "2024-08-05 14:00",
            "coGrade": "1",
            "no2Value": "0.032",
            "stationName": "\uc0c1\ub300\uc6d0\ub3d9",
            "pm10Grade": "1",
            "o3Value": "0.051"
        },
        {
            "so2Grade": "1",
            "coFlag": null,
            "khaiValue": "93",
            "so2Value": "0.002",
            "coValue": "0.4",
            "pm25Flag": null,
            "pm10Flag": null,
            "o3Grade": "2",
            "pm10Value": "33",
            "khaiGrade": "2",
            "pm25Value": "17",
            "sidoName": "\uacbd\uae30",
            "no2Flag": null,
            "no2Grade": "1",
            "o3Flag": null,
            "pm25Grade": "1",
            "so2Flag": null,
            "dataTime": "2024-08-05 14:00",
            "coGrade": "1",
            "no2Value": "0.010",
            "stationName": "\uc758\uc815\ubd80\ub3d9",
            "pm10Grade": "1",
            "o3Value": "0.082"
        },
        {
            "so2Grade": null,
            "coFlag": null,
            "khaiValue": "90",
            "so2Value": "-",
            "coValue": "0.3",
            "pm25Flag": null,
            "pm10Flag": null,
            "o3Grade": "2",
            "pm10Value": "32",
            "khaiGrade": "2",
            "pm25Value": "20",
            "sidoName": "\uacbd\uae30",
            "no2Flag": null,
            "no2Grade": "1",
            "o3Flag": null,
            "pm25Grade": "2",
            "so2Flag": "\ud1b5\uc2e0\uc7a5\uc560",
            "dataTime": "2024-08-05 14:00",
            "coGrade": "1",
            "no2Value": "0.007",
            "stationName": "\uc758\uc815\ubd801\ub3d9",
            "pm10Grade": "1",
            "o3Value": "0.078"
        },
        {
            "so2Grade": "1",
            "coFlag": null,
            "khaiValue": "92",
            "so2Value": "0.002",
            "coValue": "0.4",
            "pm25Flag": null,
            "pm10Flag": null,
            "o3Grade": "2",
            "pm10Value": "45",
            "khaiGrade": "2",
            "pm25Value": "29",
            "sidoName": "\uacbd\uae30",
            "no2Flag": null,
            "no2Grade": "1",
            "o3Flag": null,
            "pm25Grade": "2",
            "so2Flag": null,
            "dataTime": "2024-08-05 14:00",
            "coGrade": "1",
            "no2Value": "0.010",
            "stationName": "\uc1a1\uc0b03\ub3d9",
            "pm10Grade": "1",
            "o3Value": "0.080"
        },
        {
            "so2Grade": "1",
            "coFlag": null,
            "khaiValue": "119",
            "so2Value": "0.002",
            "coValue": "0.4",
            "pm25Flag": null,
            "pm10Flag": null,
            "o3Grade": "3",
            "pm10Value": "36",
            "khaiGrade": "3",
            "pm25Value": "25",
            "sidoName": "\uacbd\uae30",
            "no2Flag": null,
            "no2Grade": "1",
            "o3Flag": null,
            "pm25Grade": "2",
            "so2Flag": null,
            "dataTime": "2024-08-05 14:00",
            "coGrade": "1",
            "no2Value": "0.006",
            "stationName": "\uc548\uc5918\ub3d9",
            "pm10Grade": "2",
            "o3Value": "0.098"
        },
        {
            "so2Grade": "1",
            "coFlag": null,
            "khaiValue": "97",
            "so2Value": "0.003",
            "coValue": "0.4",
            "pm25Flag": null,
            "pm10Flag": null,
            "o3Grade": "2",
            "pm10Value": "43",
            "khaiGrade": "2",
            "pm25Value": "27",
            "sidoName": "\uacbd\uae30",
            "no2Flag": null,
            "no2Grade": "1",
            "o3Flag": null,
            "pm25Grade": "2",
            "so2Flag": null,
            "dataTime": "2024-08-05 14:00",
            "coGrade": "1",
            "no2Value": "0.008",
            "stationName": "\ubd80\ub9bc\ub3d9",
            "pm10Grade": "2",
            "o3Value": "0.087"
        },
        {
            "so2Grade": "1",
            "coFlag": null,
            "khaiValue": "95",
            "so2Value": "0.002",
            "coValue": "0.4",
            "pm25Flag": null,
            "pm10Flag": null,
            "o3Grade": "2",
            "pm10Value": "31",
            "khaiGrade": "2",
            "pm25Value": "20",
            "sidoName": "\uacbd\uae30",
            "no2Flag": null,
            "no2Grade": "1",
            "o3Flag": null,
            "pm25Grade": "2",
            "so2Flag": null,
            "dataTime": "2024-08-05 14:00",
            "coGrade": "1",
            "no2Value": "0.010",
            "stationName": "\ud638\uacc43\ub3d9",
            "pm10Grade": "1",
            "o3Value": "0.084"
        },
        {
            "so2Grade": "1",
            "coFlag": null,
            "khaiValue": "-",
            "so2Value": "0.002",
            "coValue": "0.3",
            "pm25Flag": "\ud1b5\uc2e0\uc7a5\uc560",
            "pm10Flag": null,
            "o3Grade": "2",
            "pm10Value": "54",
            "khaiGrade": null,
            "pm25Value": "-",
            "sidoName": "\uacbd\uae30",
            "no2Flag": null,
            "no2Grade": "1",
            "o3Flag": null,
            "pm25Grade": null,
            "so2Flag": null,
            "dataTime": "2024-08-05 14:00",
            "coGrade": "1",
            "no2Value": "0.008",
            "stationName": "\uc548\uc5912\ub3d9",
            "pm10Grade": "2",
            "o3Value": "0.084"
        },
        {
            "so2Grade": "1",
            "coFlag": null,
            "khaiValue": "90",
            "so2Value": "0.002",
            "coValue": "0.5",
            "pm25Flag": null,
            "pm10Flag": null,
            "o3Grade": "2",
            "pm10Value": "23",
            "khaiGrade": "2",
            "pm25Value": "21",
            "sidoName": "\uacbd\uae30",
            "no2Flag": null,
            "no2Grade": "1",
            "o3Flag": null,
            "pm25Grade": "2",
            "so2Flag": null,
            "dataTime": "2024-08-05 14:00",
            "coGrade": "1",
            "no2Value": "0.007",
            "stationName": "\ucca0\uc0b0\ub3d9",
            "pm10Grade": "2",
            "o3Value": "0.078"
        },
        {
            "so2Grade": "1",
            "coFlag": null,
            "khaiValue": "100",
            "so2Value": "0.002",
            "coValue": "0.5",
            "pm25Flag": null,
            "pm10Flag": null,
            "o3Grade": "2",
            "pm10Value": "25",
            "khaiGrade": "2",
            "pm25Value": "25",
            "sidoName": "\uacbd\uae30",
            "no2Flag": null,
            "no2Grade": "1",
            "o3Flag": null,
            "pm25Grade": "2",
            "so2Flag": null,
            "dataTime": "2024-08-05 14:00",
            "coGrade": "1",
            "no2Value": "0.004",
            "stationName": "\uc18c\ud558\ub3d9",
            "pm10Grade": "2",
            "o3Value": "0.090"
        },
        {
            "so2Grade": "1",
            "coFlag": null,
            "khaiValue": "60",
            "so2Value": "0.002",
            "coValue": "0.3",
            "pm25Flag": null,
            "pm10Flag": null,
            "o3Grade": "2",
            "pm10Value": "28",
            "khaiGrade": "2",
            "pm25Value": "7",
            "sidoName": "\uacbd\uae30",
            "no2Flag": null,
            "no2Grade": "1",
            "o3Flag": null,
            "pm25Grade": "2",
            "so2Flag": null,
            "dataTime": "2024-08-05 14:00",
            "coGrade": "1",
            "no2Value": "0.006",
            "stationName": "\uace0\uc794\ub3d9",
            "pm10Grade": "2",
            "o3Value": "0.041"
        },
        {
            "so2Grade": "1",
            "coFlag": null,
            "khaiValue": "77",
            "so2Value": "0.003",
            "coValue": "0.3",
            "pm25Flag": null,
            "pm10Flag": null,
            "o3Grade": "2",
            "pm10Value": "39",
            "khaiGrade": "2",
            "pm25Value": "21",
            "sidoName": "\uacbd\uae30",
            "no2Flag": null,
            "no2Grade": "1",
            "o3Flag": null,
            "pm25Grade": "2",
            "so2Flag": null,
            "dataTime": "2024-08-05 14:00",
            "coGrade": "1",
            "no2Value": "0.008",
            "stationName": "\uc6d0\uc2dc\ub3d9",
            "pm10Grade": "2",
            "o3Value": "0.050"
        },
        {
            "so2Grade": "1",
            "coFlag": null,
            "khaiValue": "87",
            "so2Value": "0.003",
            "coValue": "0.3",
            "pm25Flag": null,
            "pm10Flag": null,
            "o3Grade": "2",
            "pm10Value": "36",
            "khaiGrade": "2",
            "pm25Value": "15",
            "sidoName": "\uacbd\uae30",
            "no2Flag": null,
            "no2Grade": "1",
            "o3Flag": null,
            "pm25Grade": "2",
            "so2Flag": null,
            "dataTime": "2024-08-05 14:00",
            "coGrade": "1",
            "no2Value": "0.005",
            "stationName": "\ubcf8\uc624\ub3d9",
            "pm10Grade": "2",
            "o3Value": "0.075"
        },
        {
            "so2Grade": "1",
            "coFlag": null,
            "khaiValue": "74",
            "so2Value": "0.003",
            "coValue": "0.3",
            "pm25Flag": null,
            "pm10Flag": null,
            "o3Grade": "2",
            "pm10Value": "32",
            "khaiGrade": "2",
            "pm25Value": "14",
            "sidoName": "\uacbd\uae30",
            "no2Flag": null,
            "no2Grade": "1",
            "o3Flag": null,
            "pm25Grade": "2",
            "so2Flag": null,
            "dataTime": "2024-08-05 14:00",
            "coGrade": "1",
            "no2Value": "0.004",
            "stationName": "\uc6d0\uace1\ub3d9",
            "pm10Grade": "2",
            "o3Value": "0.042"
        },
        {
            "so2Grade": "1",
            "coFlag": null,
            "khaiValue": "75",
            "so2Value": "0.002",
            "coValue": "0.3",
            "pm25Flag": null,
            "pm10Flag": null,
            "o3Grade": "2",
            "pm10Value": "29",
            "khaiGrade": "2",
            "pm25Value": "20",
            "sidoName": "\uacbd\uae30",
            "no2Flag": null,
            "no2Grade": "1",
            "o3Flag": null,
            "pm25Grade": "2",
            "so2Flag": null,
            "dataTime": "2024-08-05 14:00",
            "coGrade": "1",
            "no2Value": "0.009",
            "stationName": "\ubd80\uace1\ub3d91",
            "pm10Grade": "2",
            "o3Value": "0.060"
        },
        {
            "so2Grade": "1",
            "coFlag": null,
            "khaiValue": "70",
            "so2Value": "0.002",
            "coValue": "0.3",
            "pm25Flag": null,
            "pm10Flag": null,
            "o3Grade": "2",
            "pm10Value": "28",
            "khaiGrade": "2",
            "pm25Value": "17",
            "sidoName": "\uacbd\uae30",
            "no2Flag": null,
            "no2Grade": "1",
            "o3Flag": null,
            "pm25Grade": "2",
            "so2Flag": null,
            "dataTime": "2024-08-05 14:00",
            "coGrade": "1",
            "no2Value": "0.005",
            "stationName": "\ub300\ubd80\ub3d9",
            "pm10Grade": "1",
            "o3Value": "0.053"
        },
        {
            "so2Grade": "1",
            "coFlag": null,
            "khaiValue": "74",
            "so2Value": "0.002",
            "coValue": "0.3",
            "pm25Flag": null,
            "pm10Flag": null,
            "o3Grade": "2",
            "pm10Value": "27",
            "khaiGrade": "2",
            "pm25Value": "8",
            "sidoName": "\uacbd\uae30",
            "no2Flag": null,
            "no2Grade": "1",
            "o3Flag": null,
            "pm25Grade": "2",
            "so2Flag": null,
            "dataTime": "2024-08-05 14:00",
            "coGrade": "1",
            "no2Value": "0.005",
            "stationName": "\ud638\uc218\ub3d9",
            "pm10Grade": "2",
            "o3Value": "0.058"
        },
        {
            "so2Grade": "1",
            "coFlag": null,
            "khaiValue": "64",
            "so2Value": "0.003",
            "coValue": "0.3",
            "pm25Flag": null,
            "pm10Flag": null,
            "o3Grade": null,
            "pm10Value": "34",
            "khaiGrade": "2",
            "pm25Value": "17",
            "sidoName": "\uacbd\uae30",
            "no2Flag": null,
            "no2Grade": "1",
            "o3Flag": "\ud1b5\uc2e0\uc7a5\uc560",
            "pm25Grade": "2",
            "so2Flag": null,
            "dataTime": "2024-08-05 14:00",
            "coGrade": "1",
            "no2Value": "0.016",
            "stationName": "\uc911\uc559\ub300\ub85c(\uace0\uc794\ub3d9)",
            "pm10Grade": "2",
            "o3Value": "-"
        },
        {
            "so2Grade": "1",
            "coFlag": null,
            "khaiValue": "88",
            "so2Value": "0.001",
            "coValue": "0.4",
            "pm25Flag": null,
            "pm10Flag": null,
            "o3Grade": "2",
            "pm10Value": "40",
            "khaiGrade": "2",
            "pm25Value": "30",
            "sidoName": "\uacbd\uae30",
            "no2Flag": null,
            "no2Grade": "1",
            "o3Flag": null,
            "pm25Grade": "2",
            "so2Flag": null,
            "dataTime": "2024-08-05 14:00",
            "coGrade": "1",
            "no2Value": "0.010",
            "stationName": "\ubcc4\uc591\ub3d9",
            "pm10Grade": "2",
            "o3Value": "0.076"
        },
        {
            "so2Grade": "1",
            "coFlag": null,
            "khaiValue": "81",
            "so2Value": "0.002",
            "coValue": "0.4",
            "pm25Flag": null,
            "pm10Flag": null,
            "o3Grade": "2",
            "pm10Value": "36",
            "khaiGrade": "2",
            "pm25Value": "16",
            "sidoName": "\uacbd\uae30",
            "no2Flag": null,
            "no2Grade": "1",
            "o3Flag": null,
            "pm25Grade": "2",
            "so2Flag": null,
            "dataTime": "2024-08-05 14:00",
            "coGrade": "1",
            "no2Value": "0.008",
            "stationName": "\uacfc\ucc9c\ub3d9",
            "pm10Grade": "2",
            "o3Value": "0.067"
        },
        {
            "so2Grade": "1",
            "coFlag": null,
            "khaiValue": "103",
            "so2Value": "0.002",
            "coValue": "0.3",
            "pm25Flag": null,
            "pm10Flag": null,
            "o3Grade": "3",
            "pm10Value": "29",
            "khaiGrade": "3",
            "pm25Value": "15",
            "sidoName": "\uacbd\uae30",
            "no2Flag": null,
            "no2Grade": "1",
            "o3Flag": null,
            "pm25Grade": "1",
            "so2Flag": null,
            "dataTime": "2024-08-05 14:00",
            "coGrade": "1",
            "no2Value": "0.006",
            "stationName": "\uad50\ubb38\ub3d9",
            "pm10Grade": "1",
            "o3Value": "0.091"
        },
        {
            "so2Grade": "1",
            "coFlag": null,
            "khaiValue": "-",
            "so2Value": "0.001",
            "coValue": "0.3",
            "pm25Flag": "\ud1b5\uc2e0\uc7a5\uc560",
            "pm10Flag": null,
            "o3Grade": "2",
            "pm10Value": "13",
            "khaiGrade": null,
            "pm25Value": "-",
            "sidoName": "\uacbd\uae30",
            "no2Flag": null,
            "no2Grade": "1",
            "o3Flag": null,
            "pm25Grade": null,
            "so2Flag": null,
            "dataTime": "2024-08-05 14:00",
            "coGrade": "1",
            "no2Value": "0.004",
            "stationName": "\ub3d9\uad6c\ub3d9",
            "pm10Grade": "1",
            "o3Value": "0.065"
        },
        {
            "so2Grade": "1",
            "coFlag": null,
            "khaiValue": "-",
            "so2Value": "0.002",
            "coValue": "0.5",
            "pm25Flag": null,
            "pm10Flag": null,
            "o3Grade": "2",
            "pm10Value": "24",
            "khaiGrade": null,
            "pm25Value": "22",
            "sidoName": "\uacbd\uae30",
            "no2Flag": null,
            "no2Grade": "1",
            "o3Flag": null,
            "pm25Grade": null,
            "so2Flag": null,
            "dataTime": "2024-08-05 14:00",
            "coGrade": "1",
            "no2Value": "0.002",
            "stationName": "\ubd80\uace13\ub3d9",
            "pm10Grade": "1",
            "o3Value": "0.081"
        },
        {
            "so2Grade": "1",
            "coFlag": null,
            "khaiValue": "90",
            "so2Value": "0.002",
            "coValue": "0.5",
            "pm25Flag": null,
            "pm10Flag": null,
            "o3Grade": "2",
            "pm10Value": "30",
            "khaiGrade": "2",
            "pm25Value": "15",
            "sidoName": "\uacbd\uae30",
            "no2Flag": null,
            "no2Grade": "1",
            "o3Flag": null,
            "pm25Grade": "2",
            "so2Flag": null,
            "dataTime": "2024-08-05 14:00",
            "coGrade": "1",
            "no2Value": "0.006",
            "stationName": "\uace0\ucc9c\ub3d9",
            "pm10Grade": "1",
            "o3Value": "0.078"
        },
        {
            "so2Grade": "1",
            "coFlag": null,
            "khaiValue": "82",
            "so2Value": "0.004",
            "coValue": "0.3",
            "pm25Flag": null,
            "pm10Flag": null,
            "o3Grade": "2",
            "pm10Value": "22",
            "khaiGrade": "2",
            "pm25Value": "21",
            "sidoName": "\uacbd\uae30",
            "no2Flag": null,
            "no2Grade": "1",
            "o3Flag": null,
            "pm25Grade": "2",
            "so2Flag": null,
            "dataTime": "2024-08-05 14:00",
            "coGrade": "1",
            "no2Value": "0.007",
            "stationName": "\uc815\uc655\ub3d9",
            "pm10Grade": "1",
            "o3Value": "0.068"
        },
        {
            "so2Grade": "1",
            "coFlag": null,
            "khaiValue": "-",
            "so2Value": "0.003",
            "coValue": "0.4",
            "pm25Flag": null,
            "pm10Flag": null,
            "o3Grade": "2",
            "pm10Value": "30",
            "khaiGrade": null,
            "pm25Value": "14",
            "sidoName": "\uacbd\uae30",
            "no2Flag": null,
            "no2Grade": "1",
            "o3Flag": null,
            "pm25Grade": null,
            "so2Flag": null,
            "dataTime": "2024-08-05 14:00",
            "coGrade": "1",
            "no2Value": "0.000",
            "stationName": "\uc2dc\ud654\uc0b0\ub2e8",
            "pm10Grade": null,
            "o3Value": "0.058"
        },
        {
            "so2Grade": "1",
            "coFlag": null,
            "khaiValue": "-",
            "so2Value": "0.002",
            "coValue": "0.4",
            "pm25Flag": null,
            "pm10Flag": null,
            "o3Grade": "2",
            "pm10Value": "27",
            "khaiGrade": null,
            "pm25Value": "20",
            "sidoName": "\uacbd\uae30",
            "no2Flag": null,
            "no2Grade": "1",
            "o3Flag": null,
            "pm25Grade": null,
            "so2Flag": null,
            "dataTime": "2024-08-05 14:00",
            "coGrade": "1",
            "no2Value": "0.006",
            "stationName": "\ub300\uc57c\ub3d9",
            "pm10Grade": "1",
            "o3Value": "0.067"
        },
        {
            "so2Grade": "1",
            "coFlag": null,
            "khaiValue": "87",
            "so2Value": "0.003",
            "coValue": "0.3",
            "pm25Flag": null,
            "pm10Flag": null,
            "o3Grade": "2",
            "pm10Value": "33",
            "khaiGrade": "2",
            "pm25Value": "14",
            "sidoName": "\uacbd\uae30",
            "no2Flag": null,
            "no2Grade": "1",
            "o3Flag": null,
            "pm25Grade": "2",
            "so2Flag": null,
            "dataTime": "2024-08-05 14:00",
            "coGrade": "1",
            "no2Value": "0.006",
            "stationName": "\ubaa9\uac10\ub3d9",
            "pm10Grade": "2",
            "o3Value": "0.074"
        },
        {
            "so2Grade": null,
            "coFlag": "\ud1b5\uc2e0\uc7a5\uc560",
            "khaiValue": "-",
            "so2Value": "-",
            "coValue": "-",
            "pm25Flag": "\ud1b5\uc2e0\uc7a5\uc560",
            "pm10Flag": "\ud1b5\uc2e0\uc7a5\uc560",
            "o3Grade": null,
            "pm10Value": "-",
            "khaiGrade": null,
            "pm25Value": "-",
            "sidoName": "\uacbd\uae30",
            "no2Flag": "\ud1b5\uc2e0\uc7a5\uc560",
            "no2Grade": null,
            "o3Flag": "\ud1b5\uc2e0\uc7a5\uc560",
            "pm25Grade": null,
            "so2Flag": "\ud1b5\uc2e0\uc7a5\uc560",
            "dataTime": "2024-08-05 14:00",
            "coGrade": null,
            "no2Value": "-",
            "stationName": "\uc7a5\ud604\ub3d9",
            "pm10Grade": null,
            "o3Value": "-"
        },
        {
            "so2Grade": null,
            "coFlag": "\ud1b5\uc2e0\uc7a5\uc560",
            "khaiValue": "-",
            "so2Value": "-",
            "coValue": "-",
            "pm25Flag": "\ud1b5\uc2e0\uc7a5\uc560",
            "pm10Flag": "\ud1b5\uc2e0\uc7a5\uc560",
            "o3Grade": null,
            "pm10Value": "-",
            "khaiGrade": null,
            "pm25Value": "-",
            "sidoName": "\uacbd\uae30",
            "no2Flag": "\ud1b5\uc2e0\uc7a5\uc560",
            "no2Grade": null,
            "o3Flag": "\ud1b5\uc2e0\uc7a5\uc560",
            "pm25Grade": null,
            "so2Flag": "\ud1b5\uc2e0\uc7a5\uc560",
            "dataTime": "2024-08-05 14:00",
            "coGrade": null,
            "no2Value": "-",
            "stationName": "\uc11c\ud574\uc548\ub85c",
            "pm10Grade": null,
            "o3Value": "-"
        },
        {
            "so2Grade": "1",
            "coFlag": null,
            "khaiValue": "78",
            "so2Value": "0.003",
            "coValue": "0.3",
            "pm25Flag": null,
            "pm10Flag": null,
            "o3Grade": "2",
            "pm10Value": "25",
            "khaiGrade": "2",
            "pm25Value": "24",
            "sidoName": "\uacbd\uae30",
            "no2Flag": null,
            "no2Grade": "1",
            "o3Flag": null,
            "pm25Grade": "2",
            "so2Flag": null,
            "dataTime": "2024-08-05 14:00",
            "coGrade": "1",
            "no2Value": "0.007",
            "stationName": "\ubc30\uace7\ub3d9",
            "pm10Grade": "1",
            "o3Value": "0.063"
        },
        {
            "so2Grade": "1",
            "coFlag": null,
            "khaiValue": "87",
            "so2Value": "0.001",
            "coValue": "0.3",
            "pm25Flag": null,
            "pm10Flag": null,
            "o3Grade": "2",
            "pm10Value": "30",
            "khaiGrade": "2",
            "pm25Value": "14",
            "sidoName": "\uacbd\uae30",
            "no2Flag": null,
            "no2Grade": "1",
            "o3Flag": null,
            "pm25Grade": "1",
            "so2Flag": null,
            "dataTime": "2024-08-05 14:00",
            "coGrade": "1",
            "no2Value": "0.011",
            "stationName": "\uae08\uace1\ub3d9",
            "pm10Grade": "1",
            "o3Value": "0.074"
        },
        {
            "so2Grade": "1",
            "coFlag": null,
            "khaiValue": "100",
            "so2Value": "0.002",
            "coValue": "0.3",
            "pm25Flag": null,
            "pm10Flag": null,
            "o3Grade": "2",
            "pm10Value": "24",
            "khaiGrade": "2",
            "pm25Value": "20",
            "sidoName": "\uacbd\uae30",
            "no2Flag": null,
            "no2Grade": "1",
            "o3Flag": null,
            "pm25Grade": "1",
            "so2Flag": null,
            "dataTime": "2024-08-05 14:00",
            "coGrade": "1",
            "no2Value": "0.007",
            "stationName": "\uc624\ub0a8\uc74d",
            "pm10Grade": "1",
            "o3Value": "0.090"
        },
        {
            "so2Grade": "1",
            "coFlag": null,
            "khaiValue": "93",
            "so2Value": "0.002",
            "coValue": "0.3",
            "pm25Flag": null,
            "pm10Flag": null,
            "o3Grade": "2",
            "pm10Value": "26",
            "khaiGrade": "2",
            "pm25Value": "17",
            "sidoName": "\uacbd\uae30",
            "no2Flag": null,
            "no2Grade": "1",
            "o3Flag": null,
            "pm25Grade": "1",
            "so2Flag": null,
            "dataTime": "2024-08-05 14:00",
            "coGrade": "1",
            "no2Value": "0.009",
            "stationName": "\ubcc4\ub0b4\ub3d9",
            "pm10Grade": "1",
            "o3Value": "0.081"
        },
        {
            "so2Grade": null,
            "coFlag": "\ud1b5\uc2e0\uc7a5\uc560",
            "khaiValue": "-",
            "so2Value": "-",
            "coValue": "-",
            "pm25Flag": "\ud1b5\uc2e0\uc7a5\uc560",
            "pm10Flag": "\ud1b5\uc2e0\uc7a5\uc560",
            "o3Grade": null,
            "pm10Value": "-",
            "khaiGrade": null,
            "pm25Value": "-",
            "sidoName": "\uacbd\uae30",
            "no2Flag": "\ud1b5\uc2e0\uc7a5\uc560",
            "no2Grade": null,
            "o3Flag": "\ud1b5\uc2e0\uc7a5\uc560",
            "pm25Grade": null,
            "so2Flag": "\ud1b5\uc2e0\uc7a5\uc560",
            "dataTime": "2024-08-05 14:00",
            "coGrade": null,
            "no2Value": "-",
            "stationName": "\ud654\ub3c4\uc74d",
            "pm10Grade": null,
            "o3Value": "-"
        },
        {
            "so2Grade": "1",
            "coFlag": null,
            "khaiValue": "-",
            "so2Value": "0.002",
            "coValue": "0.4",
            "pm25Flag": null,
            "pm10Flag": null,
            "o3Grade": "2",
            "pm10Value": "32",
            "khaiGrade": null,
            "pm25Value": "21",
            "sidoName": "\uacbd\uae30",
            "no2Flag": null,
            "no2Grade": "1",
            "o3Flag": null,
            "pm25Grade": null,
            "so2Flag": null,
            "dataTime": "2024-08-05 14:00",
            "coGrade": "1",
            "no2Value": "0.020",
            "stationName": "\uacbd\ucd98\ub85c",
            "pm10Grade": null,
            "o3Value": "0.079"
        },
        {
            "so2Grade": "1",
            "coFlag": null,
            "khaiValue": "92",
            "so2Value": "0.002",
            "coValue": "0.1",
            "pm25Flag": null,
            "pm10Flag": null,
            "o3Grade": "2",
            "pm10Value": "26",
            "khaiGrade": "2",
            "pm25Value": "24",
            "sidoName": "\uacbd\uae30",
            "no2Flag": null,
            "no2Grade": "1",
            "o3Flag": null,
            "pm25Grade": "2",
            "so2Flag": null,
            "dataTime": "2024-08-05 14:00",
            "coGrade": "1",
            "no2Value": "0.006",
            "stationName": "\uc640\ubd80\uc74d",
            "pm10Grade": "1",
            "o3Value": "0.080"
        },
        {
            "so2Grade": "1",
            "coFlag": null,
            "khaiValue": "100",
            "so2Value": "0.001",
            "coValue": "0.3",
            "pm25Flag": null,
            "pm10Flag": null,
            "o3Grade": "2",
            "pm10Value": "37",
            "khaiGrade": "2",
            "pm25Value": "23",
            "sidoName": "\uacbd\uae30",
            "no2Flag": null,
            "no2Grade": "1",
            "o3Flag": null,
            "pm25Grade": "2",
            "so2Flag": null,
            "dataTime": "2024-08-05 14:00",
            "coGrade": "1",
            "no2Value": "0.009",
            "stationName": "\uc9c4\uc811\uc74d",
            "pm10Grade": "1",
            "o3Value": "0.089"
        },
        {
            "so2Grade": "1",
            "coFlag": null,
            "khaiValue": "-",
            "so2Value": "0.003",
            "coValue": "0.2",
            "pm25Flag": null,
            "pm10Flag": null,
            "o3Grade": "2",
            "pm10Value": "30",
            "khaiGrade": null,
            "pm25Value": "19",
            "sidoName": "\uacbd\uae30",
            "no2Flag": null,
            "no2Grade": "1",
            "o3Flag": null,
            "pm25Grade": null,
            "so2Flag": null,
            "dataTime": "2024-08-05 14:00",
            "coGrade": "1",
            "no2Value": "0.003",
            "stationName": "\ube44\uc804\ub3d9",
            "pm10Grade": "1",
            "o3Value": "0.069"
        },
        {
            "so2Grade": "1",
            "coFlag": null,
            "khaiValue": "-",
            "so2Value": "0.003",
            "coValue": "0.2",
            "pm25Flag": null,
            "pm10Flag": null,
            "o3Grade": "2",
            "pm10Value": "37",
            "khaiGrade": null,
            "pm25Value": "17",
            "sidoName": "\uacbd\uae30",
            "no2Flag": null,
            "no2Grade": "1",
            "o3Flag": null,
            "pm25Grade": null,
            "so2Flag": null,
            "dataTime": "2024-08-05 14:00",
            "coGrade": "1",
            "no2Value": "0.007",
            "stationName": "\uc548\uc911",
            "pm10Grade": "2",
            "o3Value": "0.071"
        },
        {
            "so2Grade": "1",
            "coFlag": null,
            "khaiValue": "-",
            "so2Value": "0.002",
            "coValue": "0.2",
            "pm25Flag": null,
            "pm10Flag": null,
            "o3Grade": null,
            "pm10Value": "25",
            "khaiGrade": null,
            "pm25Value": "13",
            "sidoName": "\uacbd\uae30",
            "no2Flag": "\ud1b5\uc2e0\uc7a5\uc560",
            "no2Grade": null,
            "o3Flag": "\ud1b5\uc2e0\uc7a5\uc560",
            "pm25Grade": "2",
            "so2Flag": null,
            "dataTime": "2024-08-05 14:00",
            "coGrade": "1",
            "no2Value": "-",
            "stationName": "\ud3c9\ud0dd\ud56d",
            "pm10Grade": "2",
            "o3Value": "-"
        },
        {
            "so2Grade": "1",
            "coFlag": null,
            "khaiValue": "96",
            "so2Value": "0.005",
            "coValue": "0.3",
            "pm25Flag": null,
            "pm10Flag": null,
            "o3Grade": "2",
            "pm10Value": "41",
            "khaiGrade": "2",
            "pm25Value": "21",
            "sidoName": "\uacbd\uae30",
            "no2Flag": null,
            "no2Grade": "1",
            "o3Flag": null,
            "pm25Grade": "1",
            "so2Flag": null,
            "dataTime": "2024-08-05 14:00",
            "coGrade": "1",
            "no2Value": "0.006",
            "stationName": "\uc1a1\ubd81\ub3d9",
            "pm10Grade": "1",
            "o3Value": "0.085"
        },
        {
            "so2Grade": "1",
            "coFlag": null,
            "khaiValue": "86",
            "so2Value": "0.002",
            "coValue": "0.1",
            "pm25Flag": null,
            "pm10Flag": null,
            "o3Grade": "2",
            "pm10Value": "33",
            "khaiGrade": "2",
            "pm25Value": "23",
            "sidoName": "\uacbd\uae30",
            "no2Flag": null,
            "no2Grade": "1",
            "o3Flag": null,
            "pm25Grade": "2",
            "so2Flag": null,
            "dataTime": "2024-08-05 14:00",
            "coGrade": "1",
            "no2Value": "0.003",
            "stationName": "\uccad\ubd81\uc74d",
            "pm10Grade": "1",
            "o3Value": "0.072"
        },
        {
            "so2Grade": "1",
            "coFlag": null,
            "khaiValue": "98",
            "so2Value": "0.004",
            "coValue": "0.3",
            "pm25Flag": null,
            "pm10Flag": null,
            "o3Grade": "2",
            "pm10Value": "31",
            "khaiGrade": "2",
            "pm25Value": "25",
            "sidoName": "\uacbd\uae30",
            "no2Flag": null,
            "no2Grade": "1",
            "o3Flag": null,
            "pm25Grade": "2",
            "so2Flag": null,
            "dataTime": "2024-08-05 14:00",
            "coGrade": "1",
            "no2Value": "0.005",
            "stationName": "\uace0\ub355\ub3d9",
            "pm10Grade": "1",
            "o3Value": "0.088"
        },
        {
            "so2Grade": "1",
            "coFlag": null,
            "khaiValue": "150",
            "so2Value": "0.003",
            "coValue": "0.6",
            "pm25Flag": null,
            "pm10Flag": null,
            "o3Grade": "3",
            "pm10Value": "51",
            "khaiGrade": "3",
            "pm25Value": "31",
            "sidoName": "\uacbd\uae30",
            "no2Flag": null,
            "no2Grade": "1",
            "o3Flag": null,
            "pm25Grade": "2",
            "so2Flag": null,
            "dataTime": "2024-08-05 14:00",
            "coGrade": "1",
            "no2Value": "0.010",
            "stationName": "\uae08\ucd0c\ub3d9",
            "pm10Grade": "2",
            "o3Value": "0.110"
        },
        {
            "so2Grade": "1",
            "coFlag": null,
            "khaiValue": "109",
            "so2Value": "0.003",
            "coValue": "0.5",
            "pm25Flag": null,
            "pm10Flag": null,
            "o3Grade": "3",
            "pm10Value": "31",
            "khaiGrade": "3",
            "pm25Value": "22",
            "sidoName": "\uacbd\uae30",
            "no2Flag": null,
            "no2Grade": "1",
            "o3Flag": null,
            "pm25Grade": "2",
            "so2Flag": null,
            "dataTime": "2024-08-05 14:00",
            "coGrade": "1",
            "no2Value": "0.007",
            "stationName": "\uc6b4\uc815",
            "pm10Grade": "1",
            "o3Value": "0.094"
        },
        {
            "so2Grade": "1",
            "coFlag": null,
            "khaiValue": "91",
            "so2Value": "0.002",
            "coValue": "0.3",
            "pm25Flag": null,
            "pm10Flag": null,
            "o3Grade": "2",
            "pm10Value": "42",
            "khaiGrade": "2",
            "pm25Value": "25",
            "sidoName": "\uacbd\uae30",
            "no2Flag": null,
            "no2Grade": "1",
            "o3Flag": null,
            "pm25Grade": "2",
            "so2Flag": null,
            "dataTime": "2024-08-05 14:00",
            "coGrade": "1",
            "no2Value": "0.006",
            "stationName": "\ud30c\uc8fc",
            "pm10Grade": "2",
            "o3Value": "0.079"
        },
        {
            "so2Grade": "1",
            "coFlag": null,
            "khaiValue": "97",
            "so2Value": "0.001",
            "coValue": "0.5",
            "pm25Flag": null,
            "pm10Flag": null,
            "o3Grade": "2",
            "pm10Value": "31",
            "khaiGrade": "2",
            "pm25Value": "22",
            "sidoName": "\uacbd\uae30",
            "no2Flag": null,
            "no2Grade": "1",
            "o3Flag": null,
            "pm25Grade": "2",
            "so2Flag": null,
            "dataTime": "2024-08-05 14:00",
            "coGrade": "1",
            "no2Value": "0.005",
            "stationName": "\ud30c\uc8fc\uc74d",
            "pm10Grade": "2",
            "o3Value": "0.086"
        },
        {
            "so2Grade": "1",
            "coFlag": null,
            "khaiValue": "133",
            "so2Value": "0.003",
            "coValue": "0.5",
            "pm25Flag": null,
            "pm10Flag": null,
            "o3Grade": "3",
            "pm10Value": "57",
            "khaiGrade": "3",
            "pm25Value": "38",
            "sidoName": "\uacbd\uae30",
            "no2Flag": null,
            "no2Grade": "1",
            "o3Flag": null,
            "pm25Grade": "2",
            "so2Flag": null,
            "dataTime": "2024-08-05 14:00",
            "coGrade": "1",
            "no2Value": "0.011",
            "stationName": "\ud589\uc2e0\ub3d9",
            "pm10Grade": "2",
            "o3Value": "0.103"
        },
        {
            "so2Grade": "1",
            "coFlag": null,
            "khaiValue": "142",
            "so2Value": "0.004",
            "coValue": "0.4",
            "pm25Flag": null,
            "pm10Flag": null,
            "o3Grade": "3",
            "pm10Value": "45",
            "khaiGrade": "3",
            "pm25Value": "27",
            "sidoName": "\uacbd\uae30",
            "no2Flag": null,
            "no2Grade": "1",
            "o3Flag": null,
            "pm25Grade": "2",
            "so2Flag": null,
            "dataTime": "2024-08-05 14:00",
            "coGrade": "1",
            "no2Value": "0.009",
            "stationName": "\uc2dd\uc0ac\ub3d9",
            "pm10Grade": "2",
            "o3Value": "0.107"
        },
        {
            "so2Grade": "1",
            "coFlag": null,
            "khaiValue": "91",
            "so2Value": "0.004",
            "coValue": "0.4",
            "pm25Flag": null,
            "pm10Flag": null,
            "o3Grade": "2",
            "pm10Value": "38",
            "khaiGrade": "2",
            "pm25Value": "27",
            "sidoName": "\uacbd\uae30",
            "no2Flag": null,
            "no2Grade": "1",
            "o3Flag": null,
            "pm25Grade": "2",
            "so2Flag": null,
            "dataTime": "2024-08-05 14:00",
            "coGrade": "1",
            "no2Value": "0.019",
            "stationName": "\ubc31\ub9c8\ub85c(\ub9c8\ub450\uc5ed)",
            "pm10Grade": "2",
            "o3Value": "0.079"
        },
        {
            "so2Grade": "1",
            "coFlag": null,
            "khaiValue": "132",
            "so2Value": "0.004",
            "coValue": "0.5",
            "pm25Flag": null,
            "pm10Flag": null,
            "o3Grade": "3",
            "pm10Value": "50",
            "khaiGrade": "3",
            "pm25Value": "41",
            "sidoName": "\uacbd\uae30",
            "no2Flag": null,
            "no2Grade": "1",
            "o3Flag": null,
            "pm25Grade": "2",
            "so2Flag": null,
            "dataTime": "2024-08-05 14:00",
            "coGrade": "1",
            "no2Value": "0.008",
            "stationName": "\uc2e0\uc6d0\ub3d9",
            "pm10Grade": "2",
            "o3Value": "0.103"
        },
        {
            "so2Grade": "1",
            "coFlag": null,
            "khaiValue": "98",
            "so2Value": "0.005",
            "coValue": "0.3",
            "pm25Flag": null,
            "pm10Flag": null,
            "o3Grade": "2",
            "pm10Value": "32",
            "khaiGrade": "2",
            "pm25Value": "24",
            "sidoName": "\uacbd\uae30",
            "no2Flag": null,
            "no2Grade": "1",
            "o3Flag": null,
            "pm25Grade": "2",
            "so2Flag": null,
            "dataTime": "2024-08-05 14:00",
            "coGrade": "1",
            "no2Value": "0.008",
            "stationName": "\uc8fc\uc5fd\ub3d9",
            "pm10Grade": "2",
            "o3Value": "0.088"
        },
        {
            "so2Grade": "1",
            "coFlag": null,
            "khaiValue": "92",
            "so2Value": "0.002",
            "coValue": "0.5",
            "pm25Flag": null,
            "pm10Flag": null,
            "o3Grade": "2",
            "pm10Value": "31",
            "khaiGrade": "2",
            "pm25Value": "14",
            "sidoName": "\uacbd\uae30",
            "no2Flag": null,
            "no2Grade": "1",
            "o3Flag": null,
            "pm25Grade": "1",
            "so2Flag": null,
            "dataTime": "2024-08-05 14:00",
            "coGrade": "1",
            "no2Value": "0.016",
            "stationName": "\uacbd\uc548\ub3d9",
            "pm10Grade": "1",
            "o3Value": "0.080"
        },
        {
            "so2Grade": "1",
            "coFlag": null,
            "khaiValue": "87",
            "so2Value": "0.002",
            "coValue": "0.5",
            "pm25Flag": null,
            "pm10Flag": null,
            "o3Grade": "2",
            "pm10Value": "17",
            "khaiGrade": "2",
            "pm25Value": "14",
            "sidoName": "\uacbd\uae30",
            "no2Flag": null,
            "no2Grade": "1",
            "o3Flag": null,
            "pm25Grade": "2",
            "so2Flag": null,
            "dataTime": "2024-08-05 14:00",
            "coGrade": "1",
            "no2Value": "0.007",
            "stationName": "\uc624\ud3ec1\ub3d9",
            "pm10Grade": "1",
            "o3Value": "0.074"
        },
        {
            "so2Grade": "1",
            "coFlag": null,
            "khaiValue": "92",
            "so2Value": "0.002",
            "coValue": "0.5",
            "pm25Flag": null,
            "pm10Flag": null,
            "o3Grade": "2",
            "pm10Value": "11",
            "khaiGrade": "2",
            "pm25Value": "2",
            "sidoName": "\uacbd\uae30",
            "no2Flag": null,
            "no2Grade": "1",
            "o3Flag": null,
            "pm25Grade": "1",
            "so2Flag": null,
            "dataTime": "2024-08-05 14:00",
            "coGrade": "1",
            "no2Value": "0.006",
            "stationName": "\uace4\uc9c0\uc554",
            "pm10Grade": "1",
            "o3Value": "0.080"
        },
        {
            "so2Grade": "1",
            "coFlag": null,
            "khaiValue": "-",
            "so2Value": "0.002",
            "coValue": "0.4",
            "pm25Flag": null,
            "pm10Flag": null,
            "o3Grade": "2",
            "pm10Value": "21",
            "khaiGrade": null,
            "pm25Value": "17",
            "sidoName": "\uacbd\uae30",
            "no2Flag": null,
            "no2Grade": "1",
            "o3Flag": null,
            "pm25Grade": null,
            "so2Flag": null,
            "dataTime": "2024-08-05 14:00",
            "coGrade": "1",
            "no2Value": "0.009",
            "stationName": "\uae40\ub7c9\uc7a5\ub3d9",
            "pm10Grade": "1",
            "o3Value": "0.080"
        },
        {
            "so2Grade": "1",
            "coFlag": null,
            "khaiValue": "75",
            "so2Value": "0.001",
            "coValue": "0.4",
            "pm25Flag": null,
            "pm10Flag": null,
            "o3Grade": "2",
            "pm10Value": "14",
            "khaiGrade": "2",
            "pm25Value": "6",
            "sidoName": "\uacbd\uae30",
            "no2Flag": null,
            "no2Grade": "1",
            "o3Flag": null,
            "pm25Grade": "2",
            "so2Flag": null,
            "dataTime": "2024-08-05 14:00",
            "coGrade": "1",
            "no2Value": "0.004",
            "stationName": "\uc218\uc9c0",
            "pm10Grade": "1",
            "o3Value": "0.060"
        },
        {
            "so2Grade": "1",
            "coFlag": null,
            "khaiValue": "-",
            "so2Value": "0.001",
            "coValue": "0.5",
            "pm25Flag": "\ud1b5\uc2e0\uc7a5\uc560",
            "pm10Flag": null,
            "o3Grade": "2",
            "pm10Value": "20",
            "khaiGrade": null,
            "pm25Value": "-",
            "sidoName": "\uacbd\uae30",
            "no2Flag": null,
            "no2Grade": "1",
            "o3Flag": null,
            "pm25Grade": null,
            "so2Flag": null,
            "dataTime": "2024-08-05 14:00",
            "coGrade": "1",
            "no2Value": "0.006",
            "stationName": "\uae30\ud765",
            "pm10Grade": "1",
            "o3Value": "0.070"
        },
        {
            "so2Grade": "1",
            "coFlag": null,
            "khaiValue": "43",
            "so2Value": "0.002",
            "coValue": "0.4",
            "pm25Flag": null,
            "pm10Flag": null,
            "o3Grade": null,
            "pm10Value": "22",
            "khaiGrade": "1",
            "pm25Value": "16",
            "sidoName": "\uacbd\uae30",
            "no2Flag": null,
            "no2Grade": "1",
            "o3Flag": "\ud1b5\uc2e0\uc7a5\uc560",
            "pm25Grade": "1",
            "so2Flag": null,
            "dataTime": "2024-08-05 14:00",
            "coGrade": "1",
            "no2Value": "0.016",
            "stationName": "\uc911\ubd80\ub300\ub85c(\uad6c\uac08\ub3d9)",
            "pm10Grade": "1",
            "o3Value": "-"
        },
        {
            "so2Grade": "1",
            "coFlag": null,
            "khaiValue": "88",
            "so2Value": "0.001",
            "coValue": "0.5",
            "pm25Flag": null,
            "pm10Flag": null,
            "o3Grade": "2",
            "pm10Value": "26",
            "khaiGrade": "2",
            "pm25Value": "14",
            "sidoName": "\uacbd\uae30",
            "no2Flag": null,
            "no2Grade": "1",
            "o3Flag": null,
            "pm25Grade": "1",
            "so2Flag": null,
            "dataTime": "2024-08-05 14:00",
            "coGrade": "1",
            "no2Value": "0.004",
            "stationName": "\ubaa8\ud604\uc74d",
            "pm10Grade": "1",
            "o3Value": "0.075"
        },
        {
            "so2Grade": "1",
            "coFlag": null,
            "khaiValue": "84",
            "so2Value": "0.001",
            "coValue": "0.6",
            "pm25Flag": "\ud1b5\uc2e0\uc7a5\uc560",
            "pm10Flag": null,
            "o3Grade": "2",
            "pm10Value": "16",
            "khaiGrade": "2",
            "pm25Value": "-",
            "sidoName": "\uacbd\uae30",
            "no2Flag": null,
            "no2Grade": "1",
            "o3Flag": null,
            "pm25Grade": "1",
            "so2Flag": null,
            "dataTime": "2024-08-05 14:00",
            "coGrade": "1",
            "no2Value": "0.006",
            "stationName": "\uc774\ub3d9\uc74d",
            "pm10Grade": "1",
            "o3Value": "0.070"
        },
        {
            "so2Grade": "1",
            "coFlag": null,
            "khaiValue": "77",
            "so2Value": "0.001",
            "coValue": "0.5",
            "pm25Flag": null,
            "pm10Flag": null,
            "o3Grade": "2",
            "pm10Value": "25",
            "khaiGrade": "2",
            "pm25Value": "13",
            "sidoName": "\uacbd\uae30",
            "no2Flag": null,
            "no2Grade": "1",
            "o3Flag": null,
            "pm25Grade": "2",
            "so2Flag": null,
            "dataTime": "2024-08-05 14:00",
            "coGrade": "1",
            "no2Value": "0.005",
            "stationName": "\ubc31\uc554\uba74",
            "pm10Grade": "1",
            "o3Value": "0.062"
        },
        {
            "so2Grade": "1",
            "coFlag": null,
            "khaiValue": "72",
            "so2Value": "0.002",
            "coValue": "0.3",
            "pm25Flag": null,
            "pm10Flag": null,
            "o3Grade": "2",
            "pm10Value": "19",
            "khaiGrade": "2",
            "pm25Value": "14",
            "sidoName": "\uacbd\uae30",
            "no2Flag": null,
            "no2Grade": "1",
            "o3Flag": null,
            "pm25Grade": "1",
            "so2Flag": null,
            "dataTime": "2024-08-05 14:00",
            "coGrade": "1",
            "no2Value": "0.005",
            "stationName": "\uc124\uc131\uba74",
            "pm10Grade": "1",
            "o3Value": "0.056"
        },
        {
            "so2Grade": "1",
            "coFlag": null,
            "khaiValue": "78",
            "so2Value": "0.004",
            "coValue": "0.3",
            "pm25Flag": null,
            "pm10Flag": null,
            "o3Grade": "2",
            "pm10Value": "18",
            "khaiGrade": "2",
            "pm25Value": "9",
            "sidoName": "\uacbd\uae30",
            "no2Flag": null,
            "no2Grade": "1",
            "o3Flag": null,
            "pm25Grade": "1",
            "so2Flag": null,
            "dataTime": "2024-08-05 14:00",
            "coGrade": "1",
            "no2Value": "0.005",
            "stationName": "\ucc3d\uc804\ub3d9",
            "pm10Grade": "1",
            "o3Value": "0.064"
        },
        {
            "so2Grade": "1",
            "coFlag": null,
            "khaiValue": "79",
            "so2Value": "0.003",
            "coValue": "0.3",
            "pm25Flag": null,
            "pm10Flag": null,
            "o3Grade": "2",
            "pm10Value": "21",
            "khaiGrade": "2",
            "pm25Value": "15",
            "sidoName": "\uacbd\uae30",
            "no2Flag": null,
            "no2Grade": "1",
            "o3Flag": null,
            "pm25Grade": "1",
            "so2Flag": null,
            "dataTime": "2024-08-05 14:00",
            "coGrade": "1",
            "no2Value": "0.004",
            "stationName": "\uc7a5\ud638\uc6d0\uc74d",
            "pm10Grade": "1",
            "o3Value": "0.065"
        },
        {
            "so2Grade": "1",
            "coFlag": null,
            "khaiValue": "82",
            "so2Value": "0.003",
            "coValue": "0.3",
            "pm25Flag": "\ud1b5\uc2e0\uc7a5\uc560",
            "pm10Flag": null,
            "o3Grade": "2",
            "pm10Value": "15",
            "khaiGrade": "2",
            "pm25Value": "-",
            "sidoName": "\uacbd\uae30",
            "no2Flag": null,
            "no2Grade": "1",
            "o3Flag": null,
            "pm25Grade": "1",
            "so2Flag": null,
            "dataTime": "2024-08-05 14:00",
            "coGrade": "1",
            "no2Value": "0.005",
            "stationName": "\ubd80\ubc1c\uc74d",
            "pm10Grade": "1",
            "o3Value": "0.068"
        },
        {
            "so2Grade": "1",
            "coFlag": null,
            "khaiValue": "66",
            "so2Value": "0.002",
            "coValue": "0.4",
            "pm25Flag": null,
            "pm10Flag": null,
            "o3Grade": "2",
            "pm10Value": "15",
            "khaiGrade": "2",
            "pm25Value": "15",
            "sidoName": "\uacbd\uae30",
            "no2Flag": null,
            "no2Grade": "1",
            "o3Flag": null,
            "pm25Grade": "1",
            "so2Flag": null,
            "dataTime": "2024-08-05 14:00",
            "coGrade": "1",
            "no2Value": "0.003",
            "stationName": "\uad00\uc778\uba74",
            "pm10Grade": "1",
            "o3Value": "0.049"
        },
        {
            "so2Grade": "1",
            "coFlag": null,
            "khaiValue": "85",
            "so2Value": "0.002",
            "coValue": "0.3",
            "pm25Flag": null,
            "pm10Flag": null,
            "o3Grade": "2",
            "pm10Value": "35",
            "khaiGrade": "2",
            "pm25Value": "19",
            "sidoName": "\uacbd\uae30",
            "no2Flag": null,
            "no2Grade": "1",
            "o3Flag": null,
            "pm25Grade": "1",
            "so2Flag": null,
            "dataTime": "2024-08-05 14:00",
            "coGrade": "1",
            "no2Value": "0.005",
            "stationName": "\uc120\ub2e8\ub3d9",
            "pm10Grade": "1",
            "o3Value": "0.071"
        },
        {
            "so2Grade": null,
            "coFlag": "\ud1b5\uc2e0\uc7a5\uc560",
            "khaiValue": "-",
            "so2Value": "-",
            "coValue": "-",
            "pm25Flag": "\ud1b5\uc2e0\uc7a5\uc560",
            "pm10Flag": "\ud1b5\uc2e0\uc7a5\uc560",
            "o3Grade": null,
            "pm10Value": "-",
            "khaiGrade": null,
            "pm25Value": "-",
            "sidoName": "\uacbd\uae30",
            "no2Flag": "\ud1b5\uc2e0\uc7a5\uc560",
            "no2Grade": null,
            "o3Flag": "\ud1b5\uc2e0\uc7a5\uc560",
            "pm25Grade": null,
            "so2Flag": "\ud1b5\uc2e0\uc7a5\uc560",
            "dataTime": "2024-08-05 14:00",
            "coGrade": null,
            "no2Value": "-",
            "stationName": "\uc77c\ub3d9\uba74",
            "pm10Grade": "1",
            "o3Value": "-"
        },
        {
            "so2Grade": null,
            "coFlag": null,
            "khaiValue": "99",
            "so2Value": "-",
            "coValue": "0.3",
            "pm25Flag": null,
            "pm10Flag": null,
            "o3Grade": "2",
            "pm10Value": "29",
            "khaiGrade": "2",
            "pm25Value": "20",
            "sidoName": "\uacbd\uae30",
            "no2Flag": null,
            "no2Grade": "1",
            "o3Flag": null,
            "pm25Grade": "2",
            "so2Flag": "\ud1b5\uc2e0\uc7a5\uc560",
            "dataTime": "2024-08-05 14:00",
            "coGrade": "1",
            "no2Value": "0.009",
            "stationName": "\uc0ac\uc6b0\ub3d9",
            "pm10Grade": "1",
            "o3Value": "0.089"
        },
        {
            "so2Grade": "1",
            "coFlag": null,
            "khaiValue": "76",
            "so2Value": "0.002",
            "coValue": "0.3",
            "pm25Flag": "\ud1b5\uc2e0\uc7a5\uc560",
            "pm10Flag": null,
            "o3Grade": "2",
            "pm10Value": "23",
            "khaiGrade": "2",
            "pm25Value": "-",
            "sidoName": "\uacbd\uae30",
            "no2Flag": null,
            "no2Grade": "1",
            "o3Flag": null,
            "pm25Grade": "2",
            "so2Flag": null,
            "dataTime": "2024-08-05 14:00",
            "coGrade": "1",
            "no2Value": "0.004",
            "stationName": "\uace0\ucd0c\uc74d",
            "pm10Grade": "2",
            "o3Value": "0.061"
        },
        {
            "so2Grade": "1",
            "coFlag": null,
            "khaiValue": "135",
            "so2Value": "0.003",
            "coValue": "0.3",
            "pm25Flag": null,
            "pm10Flag": null,
            "o3Grade": "3",
            "pm10Value": "28",
            "khaiGrade": "3",
            "pm25Value": "17",
            "sidoName": "\uacbd\uae30",
            "no2Flag": null,
            "no2Grade": "1",
            "o3Flag": null,
            "pm25Grade": "2",
            "so2Flag": null,
            "dataTime": "2024-08-05 14:00",
            "coGrade": "1",
            "no2Value": "0.006",
            "stationName": "\uc6d4\uacf6\uba74",
            "pm10Grade": "1",
            "o3Value": "0.104"
        },
        {
            "so2Grade": "1",
            "coFlag": null,
            "khaiValue": "123",
            "so2Value": "0.003",
            "coValue": "0.4",
            "pm25Flag": null,
            "pm10Flag": null,
            "o3Grade": "3",
            "pm10Value": "28",
            "khaiGrade": "3",
            "pm25Value": "21",
            "sidoName": "\uacbd\uae30",
            "no2Flag": null,
            "no2Grade": "1",
            "o3Flag": null,
            "pm25Grade": "2",
            "so2Flag": null,
            "dataTime": "2024-08-05 14:00",
            "coGrade": "1",
            "no2Value": "0.007",
            "stationName": "\ud55c\uac15\uc2e0\ub3c4\uc2dc",
            "pm10Grade": "1",
            "o3Value": "0.099"
        },
        {
            "so2Grade": "1",
            "coFlag": null,
            "khaiValue": "91",
            "so2Value": "0.008",
            "coValue": "0.3",
            "pm25Flag": null,
            "pm10Flag": null,
            "o3Grade": "2",
            "pm10Value": "27",
            "khaiGrade": "2",
            "pm25Value": "14",
            "sidoName": "\uacbd\uae30",
            "no2Flag": null,
            "no2Grade": "1",
            "o3Flag": null,
            "pm25Grade": "2",
            "so2Flag": null,
            "dataTime": "2024-08-05 14:00",
            "coGrade": "1",
            "no2Value": "0.010",
            "stationName": "\ud55c\uac15\ub85c",
            "pm10Grade": "2",
            "o3Value": "0.078"
        },
        {
            "so2Grade": "1",
            "coFlag": null,
            "khaiValue": "100",
            "so2Value": "0.002",
            "coValue": "0.4",
            "pm25Flag": null,
            "pm10Flag": null,
            "o3Grade": "2",
            "pm10Value": "35",
            "khaiGrade": "2",
            "pm25Value": "29",
            "sidoName": "\uacbd\uae30",
            "no2Flag": null,
            "no2Grade": "1",
            "o3Flag": null,
            "pm25Grade": "2",
            "so2Flag": null,
            "dataTime": "2024-08-05 14:00",
            "coGrade": "1",
            "no2Value": "0.009",
            "stationName": "\ub2f9\ub3d9",
            "pm10Grade": "2",
            "o3Value": "0.089"
        },
        {
            "so2Grade": "1",
            "coFlag": null,
            "khaiValue": "126",
            "so2Value": "0.001",
            "coValue": "0.4",
            "pm25Flag": null,
            "pm10Flag": null,
            "o3Grade": "3",
            "pm10Value": "30",
            "khaiGrade": "3",
            "pm25Value": "16",
            "sidoName": "\uacbd\uae30",
            "no2Flag": null,
            "no2Grade": "1",
            "o3Flag": null,
            "pm25Grade": "2",
            "so2Flag": null,
            "dataTime": "2024-08-05 14:00",
            "coGrade": "1",
            "no2Value": "0.007",
            "stationName": "\uc0b0\ubcf8\ub3d9",
            "pm10Grade": "1",
            "o3Value": "0.100"
        },
        {
            "so2Grade": "1",
            "coFlag": null,
            "khaiValue": "85",
            "so2Value": "0.002",
            "coValue": "0.3",
            "pm25Flag": null,
            "pm10Flag": null,
            "o3Grade": "2",
            "pm10Value": "29",
            "khaiGrade": "2",
            "pm25Value": "25",
            "sidoName": "\uacbd\uae30",
            "no2Flag": null,
            "no2Grade": "1",
            "o3Flag": null,
            "pm25Grade": "2",
            "so2Flag": null,
            "dataTime": "2024-08-05 14:00",
            "coGrade": "1",
            "no2Value": "0.005",
            "stationName": "\uc624\uc0b0\ub3d9",
            "pm10Grade": "1",
            "o3Value": "0.072"
        },
        {
            "so2Grade": "1",
            "coFlag": null,
            "khaiValue": "71",
            "so2Value": "0.002",
            "coValue": "0.3",
            "pm25Flag": null,
            "pm10Flag": null,
            "o3Grade": "2",
            "pm10Value": "47",
            "khaiGrade": "2",
            "pm25Value": "19",
            "sidoName": "\uacbd\uae30",
            "no2Flag": null,
            "no2Grade": "1",
            "o3Flag": null,
            "pm25Grade": "2",
            "so2Flag": null,
            "dataTime": "2024-08-05 14:00",
            "coGrade": "1",
            "no2Value": "0.006",
            "stationName": "\uae08\uc554\ub85c(\uc2e0\uc7a5\ub3d9)",
            "pm10Grade": "2",
            "o3Value": "0.054"
        },
        {
            "so2Grade": "1",
            "coFlag": null,
            "khaiValue": "89",
            "so2Value": "0.003",
            "coValue": "0.3",
            "pm25Flag": null,
            "pm10Flag": null,
            "o3Grade": "2",
            "pm10Value": "29",
            "khaiGrade": "2",
            "pm25Value": "21",
            "sidoName": "\uacbd\uae30",
            "no2Flag": null,
            "no2Grade": "1",
            "o3Flag": null,
            "pm25Grade": "2",
            "so2Flag": null,
            "dataTime": "2024-08-05 14:00",
            "coGrade": "1",
            "no2Value": "0.007",
            "stationName": "\uc2e0\uc7a5\ub3d9",
            "pm10Grade": "1",
            "o3Value": "0.076"
        },
        {
            "so2Grade": "1",
            "coFlag": null,
            "khaiValue": "90",
            "so2Value": "0.002",
            "coValue": "0.3",
            "pm25Flag": null,
            "pm10Flag": null,
            "o3Grade": "2",
            "pm10Value": "36",
            "khaiGrade": "2",
            "pm25Value": "24",
            "sidoName": "\uacbd\uae30",
            "no2Flag": null,
            "no2Grade": "1",
            "o3Flag": null,
            "pm25Grade": "2",
            "so2Flag": null,
            "dataTime": "2024-08-05 14:00",
            "coGrade": "1",
            "no2Value": "0.027",
            "stationName": "\ubbf8\uc0ac",
            "pm10Grade": "2",
            "o3Value": "0.078"
        },
        {
            "so2Grade": "1",
            "coFlag": null,
            "khaiValue": "96",
            "so2Value": "0.006",
            "coValue": "0.3",
            "pm25Flag": null,
            "pm10Flag": null,
            "o3Grade": "2",
            "pm10Value": "42",
            "khaiGrade": "2",
            "pm25Value": "27",
            "sidoName": "\uacbd\uae30",
            "no2Flag": null,
            "no2Grade": "1",
            "o3Flag": null,
            "pm25Grade": "2",
            "so2Flag": null,
            "dataTime": "2024-08-05 14:00",
            "coGrade": "1",
            "no2Value": "0.009",
            "stationName": "\ub0a8\uc591\uc74d",
            "pm10Grade": "2",
            "o3Value": "0.085"
        },
        {
            "so2Grade": "1",
            "coFlag": null,
            "khaiValue": "77",
            "so2Value": "0.004",
            "coValue": "0.3",
            "pm25Flag": null,
            "pm10Flag": null,
            "o3Grade": "2",
            "pm10Value": "24",
            "khaiGrade": "2",
            "pm25Value": "15",
            "sidoName": "\uacbd\uae30",
            "no2Flag": null,
            "no2Grade": "1",
            "o3Flag": null,
            "pm25Grade": "2",
            "so2Flag": null,
            "dataTime": "2024-08-05 14:00",
            "coGrade": "1",
            "no2Value": "0.003",
            "stationName": "\ud5a5\ub0a8\uc74d",
            "pm10Grade": "1",
            "o3Value": "0.062"
        },
        {
            "so2Grade": "1",
            "coFlag": null,
            "khaiValue": "92",
            "so2Value": "0.005",
            "coValue": "0.3",
            "pm25Flag": null,
            "pm10Flag": null,
            "o3Grade": "2",
            "pm10Value": "28",
            "khaiGrade": "2",
            "pm25Value": "18",
            "sidoName": "\uacbd\uae30",
            "no2Flag": null,
            "no2Grade": "1",
            "o3Flag": null,
            "pm25Grade": "1",
            "so2Flag": null,
            "dataTime": "2024-08-05 14:00",
            "coGrade": "1",
            "no2Value": "0.005",
            "stationName": "\ub3d9\ud0c4",
            "pm10Grade": "1",
            "o3Value": "0.080"
        },
        {
            "so2Grade": "1",
            "coFlag": null,
            "khaiValue": "74",
            "so2Value": "0.005",
            "coValue": "0.4",
            "pm25Flag": null,
            "pm10Flag": null,
            "o3Grade": "2",
            "pm10Value": "36",
            "khaiGrade": "2",
            "pm25Value": "25",
            "sidoName": "\uacbd\uae30",
            "no2Flag": null,
            "no2Grade": "1",
            "o3Flag": null,
            "pm25Grade": "2",
            "so2Flag": null,
            "dataTime": "2024-08-05 14:00",
            "coGrade": "1",
            "no2Value": "0.005",
            "stationName": "\uc6b0\uc815\uc74d",
            "pm10Grade": "2",
            "o3Value": "0.058"
        },
        {
            "so2Grade": "1",
            "coFlag": null,
            "khaiValue": "88",
            "so2Value": "0.003",
            "coValue": "0.3",
            "pm25Flag": null,
            "pm10Flag": null,
            "o3Grade": "2",
            "pm10Value": "24",
            "khaiGrade": "2",
            "pm25Value": "16",
            "sidoName": "\uacbd\uae30",
            "no2Flag": null,
            "no2Grade": "1",
            "o3Flag": null,
            "pm25Grade": "1",
            "so2Flag": null,
            "dataTime": "2024-08-05 14:00",
            "coGrade": "1",
            "no2Value": "0.004",
            "stationName": "\uccad\uacc4\ub3d9",
            "pm10Grade": "1",
            "o3Value": "0.076"
        },
        {
            "so2Grade": "1",
            "coFlag": null,
            "khaiValue": "68",
            "so2Value": "0.004",
            "coValue": "0.3",
            "pm25Flag": null,
            "pm10Flag": null,
            "o3Grade": "2",
            "pm10Value": "37",
            "khaiGrade": "2",
            "pm25Value": "16",
            "sidoName": "\uacbd\uae30",
            "no2Flag": null,
            "no2Grade": "1",
            "o3Flag": null,
            "pm25Grade": "2",
            "so2Flag": null,
            "dataTime": "2024-08-05 14:00",
            "coGrade": "1",
            "no2Value": "0.003",
            "stationName": "\uc0c8\uc194\ub3d9",
            "pm10Grade": "2",
            "o3Value": "0.051"
        },
        {
            "so2Grade": "1",
            "coFlag": null,
            "khaiValue": "88",
            "so2Value": "0.005",
            "coValue": "0.3",
            "pm25Flag": null,
            "pm10Flag": null,
            "o3Grade": "2",
            "pm10Value": "36",
            "khaiGrade": "2",
            "pm25Value": "19",
            "sidoName": "\uacbd\uae30",
            "no2Flag": null,
            "no2Grade": "1",
            "o3Flag": null,
            "pm25Grade": "2",
            "so2Flag": null,
            "dataTime": "2024-08-05 14:00",
            "coGrade": "1",
            "no2Value": "0.008",
            "stationName": "\ubd09\ub2f4\uc74d",
            "pm10Grade": "2",
            "o3Value": "0.075"
        },
        {
            "so2Grade": "1",
            "coFlag": null,
            "khaiValue": "79",
            "so2Value": "0.005",
            "coValue": "0.3",
            "pm25Flag": null,
            "pm10Flag": null,
            "o3Grade": "2",
            "pm10Value": "29",
            "khaiGrade": "2",
            "pm25Value": "23",
            "sidoName": "\uacbd\uae30",
            "no2Flag": null,
            "no2Grade": "1",
            "o3Flag": null,
            "pm25Grade": "2",
            "so2Flag": null,
            "dataTime": "2024-08-05 14:00",
            "coGrade": "1",
            "no2Value": "0.005",
            "stationName": "\uc11c\uc2e0\uba74",
            "pm10Grade": "1",
            "o3Value": "0.064"
        },
        {
            "so2Grade": "1",
            "coFlag": null,
            "khaiValue": "88",
            "so2Value": "0.002",
            "coValue": "0.3",
            "pm25Flag": null,
            "pm10Flag": null,
            "o3Grade": "2",
            "pm10Value": "23",
            "khaiGrade": "2",
            "pm25Value": "19",
            "sidoName": "\uacbd\uae30",
            "no2Flag": null,
            "no2Grade": "1",
            "o3Flag": null,
            "pm25Grade": "2",
            "so2Flag": null,
            "dataTime": "2024-08-05 14:00",
            "coGrade": "1",
            "no2Value": "0.005",
            "stationName": "\ubc31\uc11d\uc74d",
            "pm10Grade": "1",
            "o3Value": "0.076"
        },
        {
            "so2Grade": "1",
            "coFlag": null,
            "khaiValue": "96",
            "so2Value": "0.002",
            "coValue": "0.4",
            "pm25Flag": null,
            "pm10Flag": null,
            "o3Grade": "2",
            "pm10Value": "24",
            "khaiGrade": "2",
            "pm25Value": "20",
            "sidoName": "\uacbd\uae30",
            "no2Flag": null,
            "no2Grade": "1",
            "o3Flag": null,
            "pm25Grade": "1",
            "so2Flag": null,
            "dataTime": "2024-08-05 14:00",
            "coGrade": "1",
            "no2Value": "0.006",
            "stationName": "\uace0\uc74d",
            "pm10Grade": "1",
            "o3Value": "0.085"
        },
        {
            "so2Grade": "1",
            "coFlag": null,
            "khaiValue": "96",
            "so2Value": "0.002",
            "coValue": "0.3",
            "pm25Flag": null,
            "pm10Flag": null,
            "o3Grade": "2",
            "pm10Value": "22",
            "khaiGrade": "2",
            "pm25Value": "15",
            "sidoName": "\uacbd\uae30",
            "no2Flag": null,
            "no2Grade": "1",
            "o3Flag": null,
            "pm25Grade": "1",
            "so2Flag": null,
            "dataTime": "2024-08-05 14:00",
            "coGrade": "1",
            "no2Value": "0.003",
            "stationName": "\ubcf4\uc0b0\ub3d9",
            "pm10Grade": "1",
            "o3Value": "0.085"
        },
        {
            "so2Grade": "1",
            "coFlag": null,
            "khaiValue": "80",
            "so2Value": "0.001",
            "coValue": "0.4",
            "pm25Flag": null,
            "pm10Flag": null,
            "o3Grade": "2",
            "pm10Value": "12",
            "khaiGrade": "2",
            "pm25Value": "6",
            "sidoName": "\uacbd\uae30",
            "no2Flag": null,
            "no2Grade": "1",
            "o3Flag": null,
            "pm25Grade": "1",
            "so2Flag": null,
            "dataTime": "2024-08-05 14:00",
            "coGrade": "1",
            "no2Value": "0.004",
            "stationName": "\ubd09\uc0b0\ub3d9",
            "pm10Grade": "1",
            "o3Value": "0.065"
        },
        {
            "so2Grade": "1",
            "coFlag": null,
            "khaiValue": "83",
            "so2Value": "0.002",
            "coValue": "0.5",
            "pm25Flag": null,
            "pm10Flag": null,
            "o3Grade": "2",
            "pm10Value": "22",
            "khaiGrade": "2",
            "pm25Value": "18",
            "sidoName": "\uacbd\uae30",
            "no2Flag": null,
            "no2Grade": "1",
            "o3Flag": null,
            "pm25Grade": "2",
            "so2Flag": null,
            "dataTime": "2024-08-05 14:00",
            "coGrade": "1",
            "no2Value": "0.007",
            "stationName": "\uacf5\ub3c4\uc74d",
            "pm10Grade": "1",
            "o3Value": "0.069"
        },
        {
            "so2Grade": "1",
            "coFlag": null,
            "khaiValue": "74",
            "so2Value": "0.001",
            "coValue": "0.5",
            "pm25Flag": null,
            "pm10Flag": null,
            "o3Grade": "2",
            "pm10Value": "24",
            "khaiGrade": "2",
            "pm25Value": "13",
            "sidoName": "\uacbd\uae30",
            "no2Flag": null,
            "no2Grade": "1",
            "o3Flag": null,
            "pm25Grade": "2",
            "so2Flag": null,
            "dataTime": "2024-08-05 14:00",
            "coGrade": "1",
            "no2Value": "0.003",
            "stationName": "\uc8fd\uc0b0\uba74",
            "pm10Grade": "1",
            "o3Value": "0.058"
        },
        {
            "so2Grade": "1",
            "coFlag": null,
            "khaiValue": "82",
            "so2Value": "0.004",
            "coValue": "0.3",
            "pm25Flag": null,
            "pm10Flag": null,
            "o3Grade": "2",
            "pm10Value": "23",
            "khaiGrade": "2",
            "pm25Value": "7",
            "sidoName": "\uacbd\uae30",
            "no2Flag": null,
            "no2Grade": "1",
            "o3Flag": null,
            "pm25Grade": "1",
            "so2Flag": null,
            "dataTime": "2024-08-05 14:00",
            "coGrade": "1",
            "no2Value": "0.006",
            "stationName": "\uc911\uc559\ub3d9(\uacbd\uae30)",
            "pm10Grade": "1",
            "o3Value": "0.068"
        },
        {
            "so2Grade": "1",
            "coFlag": null,
            "khaiValue": "-",
            "so2Value": "0.003",
            "coValue": "0.3",
            "pm25Flag": "\ud1b5\uc2e0\uc7a5\uc560",
            "pm10Flag": null,
            "o3Grade": "2",
            "pm10Value": "21",
            "khaiGrade": null,
            "pm25Value": "-",
            "sidoName": "\uacbd\uae30",
            "no2Flag": null,
            "no2Grade": "1",
            "o3Flag": null,
            "pm25Grade": null,
            "so2Flag": null,
            "dataTime": "2024-08-05 14:00",
            "coGrade": "1",
            "no2Value": "0.004",
            "stationName": "\ub300\uc2e0\uba74",
            "pm10Grade": "1",
            "o3Value": "0.071"
        },
        {
            "so2Grade": "1",
            "coFlag": null,
            "khaiValue": "76",
            "so2Value": "0.003",
            "coValue": "0.3",
            "pm25Flag": null,
            "pm10Flag": null,
            "o3Grade": "2",
            "pm10Value": "35",
            "khaiGrade": "2",
            "pm25Value": "10",
            "sidoName": "\uacbd\uae30",
            "no2Flag": null,
            "no2Grade": "1",
            "o3Flag": null,
            "pm25Grade": "1",
            "so2Flag": null,
            "dataTime": "2024-08-05 14:00",
            "coGrade": "1",
            "no2Value": "0.006",
            "stationName": "\uac00\ub0a8\uc74d",
            "pm10Grade": "1",
            "o3Value": "0.060"
        },
        {
            "so2Grade": "1",
            "coFlag": null,
            "khaiValue": "87",
            "so2Value": "0.001",
            "coValue": "0.4",
            "pm25Flag": null,
            "pm10Flag": null,
            "o3Grade": "2",
            "pm10Value": "28",
            "khaiGrade": "2",
            "pm25Value": "14",
            "sidoName": "\uacbd\uae30",
            "no2Flag": null,
            "no2Grade": "1",
            "o3Flag": null,
            "pm25Grade": "1",
            "so2Flag": null,
            "dataTime": "2024-08-05 14:00",
            "coGrade": "1",
            "no2Value": "0.002",
            "stationName": "\uc5f0\ucc9c",
            "pm10Grade": "1",
            "o3Value": "0.075"
        },
        {
            "so2Grade": "1",
            "coFlag": null,
            "khaiValue": "80",
            "so2Value": "0.001",
            "coValue": "0.4",
            "pm25Flag": null,
            "pm10Flag": null,
            "o3Grade": "2",
            "pm10Value": "19",
            "khaiGrade": "2",
            "pm25Value": "18",
            "sidoName": "\uacbd\uae30",
            "no2Flag": null,
            "no2Grade": "1",
            "o3Flag": null,
            "pm25Grade": "1",
            "so2Flag": null,
            "dataTime": "2024-08-05 14:00",
            "coGrade": "1",
            "no2Value": "0.003",
            "stationName": "\uc804\uace1",
            "pm10Grade": "1",
            "o3Value": "0.065"
        },
        {
            "so2Grade": "1",
            "coFlag": null,
            "khaiValue": "77",
            "so2Value": "0.001",
            "coValue": "0.4",
            "pm25Flag": null,
            "pm10Flag": null,
            "o3Grade": "2",
            "pm10Value": "36",
            "khaiGrade": "2",
            "pm25Value": "13",
            "sidoName": "\uacbd\uae30",
            "no2Flag": null,
            "no2Grade": "1",
            "o3Flag": null,
            "pm25Grade": "1",
            "so2Flag": null,
            "dataTime": "2024-08-05 14:00",
            "coGrade": "1",
            "no2Value": "0.005",
            "stationName": "\uac00\ud3c9",
            "pm10Grade": "1",
            "o3Value": "0.062"
        },
        {
            "so2Grade": "1",
            "coFlag": null,
            "khaiValue": "71",
            "so2Value": "0.001",
            "coValue": "0.3",
            "pm25Flag": null,
            "pm10Flag": null,
            "o3Grade": "2",
            "pm10Value": "16",
            "khaiGrade": "2",
            "pm25Value": "7",
            "sidoName": "\uacbd\uae30",
            "no2Flag": null,
            "no2Grade": "1",
            "o3Flag": null,
            "pm25Grade": "1",
            "so2Flag": null,
            "dataTime": "2024-08-05 14:00",
            "coGrade": "1",
            "no2Value": "0.004",
            "stationName": "\uc124\uc545\uba74",
            "pm10Grade": "1",
            "o3Value": "0.055"
        },
        {
            "so2Grade": "1",
            "coFlag": null,
            "khaiValue": "78",
            "so2Value": "0.002",
            "coValue": "0.2",
            "pm25Flag": null,
            "pm10Flag": "\ud1b5\uc2e0\uc7a5\uc560",
            "o3Grade": "2",
            "pm10Value": "-",
            "khaiGrade": "2",
            "pm25Value": "6",
            "sidoName": "\uacbd\uae30",
            "no2Flag": null,
            "no2Grade": "1",
            "o3Flag": null,
            "pm25Grade": "1",
            "so2Flag": null,
            "dataTime": "2024-08-05 14:00",
            "coGrade": "1",
            "no2Value": "0.004",
            "stationName": "\uc6a9\ubb38\uba74",
            "pm10Grade": "1",
            "o3Value": "0.063"
        },
        {
            "so2Grade": "1",
            "coFlag": null,
            "khaiValue": "76",
            "so2Value": "0.001",
            "coValue": "0.4",
            "pm25Flag": null,
            "pm10Flag": null,
            "o3Grade": "2",
            "pm10Value": "12",
            "khaiGrade": "2",
            "pm25Value": "2",
            "sidoName": "\uacbd\uae30",
            "no2Flag": null,
            "no2Grade": "1",
            "o3Flag": null,
            "pm25Grade": "1",
            "so2Flag": null,
            "dataTime": "2024-08-05 14:00",
            "coGrade": "1",
            "no2Value": "0.006",
            "stationName": "\uc591\ud3c9\uc74d",
            "pm10Grade": "1",
            "o3Value": "0.061"
        },
        {
            "so2Grade": "1",
            "coFlag": null,
            "khaiValue": "77",
            "so2Value": "0.001",
            "coValue": "0.3",
            "pm25Flag": null,
            "pm10Flag": null,
            "o3Grade": "2",
            "pm10Value": "19",
            "khaiGrade": "2",
            "pm25Value": "11",
            "sidoName": "\uacbd\uae30",
            "no2Flag": null,
            "no2Grade": "1",
            "o3Flag": null,
            "pm25Grade": "1",
            "so2Flag": null,
            "dataTime": "2024-08-05 14:00",
            "coGrade": "1",
            "no2Value": "0.002",
            "stationName": "\uc5f0\ucc9c(DMZ)",
            "pm10Grade": "1",
            "o3Value": "0.062"
        }
    ]
}