KST 07/31/24 14:01:54 INFO info_mgr > Created Logger. (info_mgr)
KST 07/31/24 14:01:54 INFO info_mgr > Logging start. <class 'module.info_manager.info_manager'>
KST 07/31/24 14:01:54 INFO info_mgr >  * Regi station list : [{'keyword': '22162', 'stationDesc': 'KCC역', 'stationInfo': None, 'arvlBus': None, 'arvlBusInfo': None, 'arvlBusRouteInfo': None, 'weatherInfo': None, 'finedustInfo': None}, {'keyword': '47574', 'stationDesc': '용마초교 방면', 'stationInfo': None, 'arvlBus': None, 'arvlBusInfo': None, 'arvlBusRouteInfo': None, 'weatherInfo': None, 'finedustInfo': None}]
KST 07/31/24 14:01:54 INFO info_mgr > [UpdateStationInfo] - Start updating . . .
KST 07/31/24 14:01:54 INFO info_mgr > [UpdateStationInfo] - Updating . . . [22162](1/2)
KST 07/31/24 14:01:54 INFO info_mgr > [UpdateStationInfo] - Updated. [22162](1/2)
KST 07/31/24 14:01:54 INFO info_mgr > [UpdateStationInfo] - Updating . . . [47574](2/2)
KST 07/31/24 14:01:55 INFO info_mgr > [UpdateStationInfo] - Updated. [47574](2/2)
KST 07/31/24 14:01:55 INFO info_mgr > [UpdateStationInfo] - Updating complete.
KST 07/31/24 14:01:55 INFO info_mgr > [UpdateStationArvlBus] - Start updating . . . 
KST 07/31/24 14:01:55 INFO info_mgr > [UpdateStationArvlBus] - Updating . . . [22162](1/2)
KST 07/31/24 14:01:55 INFO info_mgr > [UpdateStationArvlBus] - Updated. [22162](1/2)
KST 07/31/24 14:01:55 INFO info_mgr > [UpdateStationArvlBus] - Updating . . . [47574](2/2)
KST 07/31/24 14:01:55 INFO info_mgr > [UpdateStationArvlBus] - Updated. [47574](2/2)
KST 07/31/24 14:01:55 INFO info_mgr > [UpdateStationArvlBus] - Updating complete.
KST 07/31/24 14:01:55 INFO info_mgr > [updateWeatherInfo] - Start updating . . . 
KST 07/31/24 14:01:55 INFO info_mgr > [UpdateWeatherInfo] - Updating . . . [22162](1/2)
KST 07/31/24 14:01:56 INFO info_mgr > [UpdateWeatherInfo] - Updated. [22162](1/2)
KST 07/31/24 14:01:56 INFO info_mgr > [UpdateWeatherInfo] - Updating . . . [47574](2/2)
KST 07/31/24 14:01:57 INFO info_mgr > [UpdateWeatherInfo] - Updated. [47574](2/2)
KST 07/31/24 14:01:57 INFO info_mgr > [UpdateWeatherInfo] - Updating complete.
KST 07/31/24 14:01:57 INFO info_mgr > [UpdateFineDustInfo] - Start updating . . . 
KST 07/31/24 14:01:57 INFO info_mgr > [UpdateFineDustInfo] - Updating . . . [22162](1/2)
KST 07/31/24 14:01:57 INFO info_mgr > [UpdateFineDustInfo] - Updated. [22162](1/2)
KST 07/31/24 14:01:57 INFO info_mgr > [UpdateFineDustInfo] - Updating . . . [47574](2/2)
KST 07/31/24 14:01:58 INFO info_mgr > [UpdateFineDustInfo] - Updated. [47574](2/2)
KST 07/31/24 14:01:58 INFO info_mgr > [UpdateFineDustInfo] - Updating complete.
KST 07/31/24 14:09:07 INFO info_mgr > Created Logger. (info_mgr)
KST 07/31/24 14:09:07 INFO info_mgr > Logging start. <class 'module.info_manager.info_manager'>
KST 07/31/24 14:09:07 INFO info_mgr >  * Regi station list : [{'keyword': '22162', 'stationDesc': 'KCC역', 'stationInfo': None, 'arvlBus': None, 'arvlBusInfo': None, 'arvlBusRouteInfo': None, 'weatherInfo': None, 'finedustInfo': None}, {'keyword': '47574', 'stationDesc': '용마초교 방면', 'stationInfo': None, 'arvlBus': None, 'arvlBusInfo': None, 'arvlBusRouteInfo': None, 'weatherInfo': None, 'finedustInfo': None}]
KST 07/31/24 14:09:07 INFO info_mgr > [UpdateStationInfo] - Start updating . . .
KST 07/31/24 14:09:07 INFO info_mgr > [UpdateStationInfo] - Updating . . . [22162](1/2)
KST 07/31/24 14:09:07 INFO info_mgr > [UpdateStationInfo] - Updated. [22162](1/2)
KST 07/31/24 14:09:07 INFO info_mgr > [UpdateStationInfo] - Updating . . . [47574](2/2)
KST 07/31/24 14:09:07 INFO info_mgr > [UpdateStationInfo] - Updated. [47574](2/2)
KST 07/31/24 14:09:07 INFO info_mgr > [UpdateStationInfo] - Updating complete.
KST 07/31/24 14:09:07 INFO info_mgr > [UpdateStationArvlBus] - Start updating . . . 
KST 07/31/24 14:09:07 INFO info_mgr > [UpdateStationArvlBus] - Updating . . . [22162](1/2)
KST 07/31/24 14:09:07 INFO info_mgr > [UpdateStationArvlBus] - Updated. [22162](1/2)
KST 07/31/24 14:09:07 INFO info_mgr > [UpdateStationArvlBus] - Updating . . . [47574](2/2)
KST 07/31/24 14:09:07 INFO info_mgr > [UpdateStationArvlBus] - Updated. [47574](2/2)
KST 07/31/24 14:09:07 INFO info_mgr > [UpdateStationArvlBus] - Updating complete.
KST 07/31/24 14:09:07 INFO info_mgr > [updateWeatherInfo] - Start updating . . . 
KST 07/31/24 14:09:07 INFO info_mgr > [UpdateWeatherInfo] - Updating . . . [22162](1/2)
KST 07/31/24 14:13:17 INFO info_mgr > Created Logger. (info_mgr)
KST 07/31/24 14:13:17 INFO info_mgr > Logging start. <class 'module.info_manager.info_manager'>
KST 07/31/24 14:13:17 INFO info_mgr >  * Regi station list : [{'keyword': '22162', 'stationDesc': 'KCC역', 'stationInfo': None, 'arvlBus': None, 'arvlBusInfo': None, 'arvlBusRouteInfo': None, 'weatherInfo': None, 'finedustInfo': None}, {'keyword': '47574', 'stationDesc': '용마초교 방면', 'stationInfo': None, 'arvlBus': None, 'arvlBusInfo': None, 'arvlBusRouteInfo': None, 'weatherInfo': None, 'finedustInfo': None}]
KST 07/31/24 14:13:17 INFO info_mgr > [UpdateStationInfo] - Start updating . . .
KST 07/31/24 14:13:17 INFO info_mgr > [UpdateStationInfo] - Updating . . . [22162](1/2)
KST 07/31/24 14:13:17 INFO info_mgr > [UpdateStationInfo] - Updated. [22162](1/2)
KST 07/31/24 14:13:17 INFO info_mgr > [UpdateStationInfo] - Updating . . . [47574](2/2)
KST 07/31/24 14:13:18 INFO info_mgr > [UpdateStationInfo] - Updated. [47574](2/2)
KST 07/31/24 14:13:18 INFO info_mgr > [UpdateStationInfo] - Updating complete.
KST 07/31/24 14:13:18 INFO info_mgr > [UpdateStationArvlBus] - Start updating . . . 
KST 07/31/24 14:13:18 INFO info_mgr > [UpdateStationArvlBus] - Updating . . . [22162](1/2)
KST 07/31/24 14:13:18 INFO info_mgr > [UpdateStationArvlBus] - Updated. [22162](1/2)
KST 07/31/24 14:13:18 INFO info_mgr > [UpdateStationArvlBus] - Updating . . . [47574](2/2)
KST 07/31/24 14:13:18 INFO info_mgr > [UpdateStationArvlBus] - Updated. [47574](2/2)
KST 07/31/24 14:13:18 INFO info_mgr > [UpdateStationArvlBus] - Updating complete.
KST 07/31/24 14:13:18 INFO info_mgr > [updateWeatherInfo] - Start updating . . . 
KST 07/31/24 14:13:18 INFO info_mgr > [UpdateWeatherInfo] - Updating . . . [22162](1/2)
KST 07/31/24 14:15:03 INFO info_mgr > Created Logger. (info_mgr)
KST 07/31/24 14:15:03 INFO info_mgr > Logging start. <class 'module.info_manager.info_manager'>
KST 07/31/24 14:15:03 INFO info_mgr >  * Regi station list : [{'keyword': '22162', 'stationDesc': 'KCC역', 'stationInfo': None, 'arvlBus': None, 'arvlBusInfo': None, 'arvlBusRouteInfo': None, 'weatherInfo': None, 'finedustInfo': None}, {'keyword': '47574', 'stationDesc': '용마초교 방면', 'stationInfo': None, 'arvlBus': None, 'arvlBusInfo': None, 'arvlBusRouteInfo': None, 'weatherInfo': None, 'finedustInfo': None}]
KST 07/31/24 14:15:03 INFO info_mgr > [UpdateStationInfo] - Start updating . . .
KST 07/31/24 14:15:03 INFO info_mgr > [UpdateStationInfo] - Updating . . . [22162](1/2)
KST 07/31/24 14:15:03 INFO info_mgr > [UpdateStationInfo] - Updated. [22162](1/2)
KST 07/31/24 14:15:03 INFO info_mgr > [UpdateStationInfo] - Updating . . . [47574](2/2)
KST 07/31/24 14:15:03 INFO info_mgr > [UpdateStationInfo] - Updated. [47574](2/2)
KST 07/31/24 14:15:03 INFO info_mgr > [UpdateStationInfo] - Updating complete.
KST 07/31/24 14:15:03 INFO info_mgr > [UpdateStationArvlBus] - Start updating . . . 
KST 07/31/24 14:15:03 INFO info_mgr > [UpdateStationArvlBus] - Updating . . . [22162](1/2)
KST 07/31/24 14:15:04 INFO info_mgr > [UpdateStationArvlBus] - Updated. [22162](1/2)
KST 07/31/24 14:15:04 INFO info_mgr > [UpdateStationArvlBus] - Updating . . . [47574](2/2)
KST 07/31/24 14:15:05 INFO info_mgr > [UpdateStationArvlBus] - Updated. [47574](2/2)
KST 07/31/24 14:15:05 INFO info_mgr > [UpdateStationArvlBus] - Updating complete.
KST 07/31/24 14:15:05 INFO info_mgr > [updateWeatherInfo] - Start updating . . . 
KST 07/31/24 14:15:05 INFO info_mgr > [UpdateWeatherInfo] - Updating . . . [22162](1/2)
KST 07/31/24 14:16:50 INFO [info_mgr] > Created Logger. (info_mgr)
KST 07/31/24 14:16:50 INFO [info_mgr] > Logging start. <class 'module.info_manager.info_manager'>
KST 07/31/24 14:16:50 INFO [info_mgr] >  * Regi station list : [{'keyword': '22162', 'stationDesc': 'KCC역', 'stationInfo': None, 'arvlBus': None, 'arvlBusInfo': None, 'arvlBusRouteInfo': None, 'weatherInfo': None, 'finedustInfo': None}, {'keyword': '47574', 'stationDesc': '용마초교 방면', 'stationInfo': None, 'arvlBus': None, 'arvlBusInfo': None, 'arvlBusRouteInfo': None, 'weatherInfo': None, 'finedustInfo': None}]
KST 07/31/24 14:16:50 INFO [info_mgr] > [UpdateStationInfo] - Start updating . . .
KST 07/31/24 14:16:50 INFO [info_mgr] > [UpdateStationInfo] - Updating . . . [22162](1/2)
KST 07/31/24 14:16:50 INFO [info_mgr] > [UpdateStationInfo] - Updated. [22162](1/2)
KST 07/31/24 14:16:50 INFO [info_mgr] > [UpdateStationInfo] - Updating . . . [47574](2/2)
KST 07/31/24 14:16:50 INFO [info_mgr] > [UpdateStationInfo] - Updated. [47574](2/2)
KST 07/31/24 14:16:50 INFO [info_mgr] > [UpdateStationInfo] - Updating complete.
KST 07/31/24 14:16:50 INFO [info_mgr] > [UpdateStationArvlBus] - Start updating . . . 
KST 07/31/24 14:16:50 INFO [info_mgr] > [UpdateStationArvlBus] - Updating . . . [22162](1/2)
KST 07/31/24 14:16:50 INFO [info_mgr] > [UpdateStationArvlBus] - Updated. [22162](1/2)
KST 07/31/24 14:16:50 INFO [info_mgr] > [UpdateStationArvlBus] - Updating . . . [47574](2/2)
KST 07/31/24 14:16:50 INFO [info_mgr] > [UpdateStationArvlBus] - Updated. [47574](2/2)
KST 07/31/24 14:16:50 INFO [info_mgr] > [UpdateStationArvlBus] - Updating complete.
KST 07/31/24 14:16:50 INFO [info_mgr] > [updateWeatherInfo] - Start updating . . . 
KST 07/31/24 14:16:50 INFO [info_mgr] > [UpdateWeatherInfo] - Updating . . . [22162](1/2)
KST 07/31/24 14:17:15 INFO [info_mgr] > Created Logger. (info_mgr)
KST 07/31/24 14:17:15 INFO [info_mgr] > Logging start. <class 'module.info_manager.info_manager'>
KST 07/31/24 14:17:15 INFO [info_mgr] >  * Regi station list : [{'keyword': '22162', 'stationDesc': 'KCC역', 'stationInfo': None, 'arvlBus': None, 'arvlBusInfo': None, 'arvlBusRouteInfo': None, 'weatherInfo': None, 'finedustInfo': None}, {'keyword': '47574', 'stationDesc': '용마초교 방면', 'stationInfo': None, 'arvlBus': None, 'arvlBusInfo': None, 'arvlBusRouteInfo': None, 'weatherInfo': None, 'finedustInfo': None}]
KST 07/31/24 14:17:15 INFO [info_mgr] > [UpdateStationInfo] - Start updating . . .
KST 07/31/24 14:17:15 INFO [info_mgr] > [UpdateStationInfo] - Updating . . . [22162](1/2)
KST 07/31/24 14:17:15 INFO [info_mgr] > [UpdateStationInfo] - Updated. [22162](1/2)
KST 07/31/24 14:17:15 INFO [info_mgr] > [UpdateStationInfo] - Updating . . . [47574](2/2)
KST 07/31/24 14:17:15 INFO [info_mgr] > [UpdateStationInfo] - Updated. [47574](2/2)
KST 07/31/24 14:17:15 INFO [info_mgr] > [UpdateStationInfo] - Updating complete.
KST 07/31/24 14:17:15 INFO [info_mgr] > [UpdateStationArvlBus] - Start updating . . . 
KST 07/31/24 14:17:15 INFO [info_mgr] > [UpdateStationArvlBus] - Updating . . . [22162](1/2)
KST 07/31/24 14:17:15 INFO [info_mgr] > [UpdateStationArvlBus] - Updated. [22162](1/2)
KST 07/31/24 14:17:15 INFO [info_mgr] > [UpdateStationArvlBus] - Updating . . . [47574](2/2)
KST 07/31/24 14:17:15 INFO [info_mgr] > [UpdateStationArvlBus] - Updated. [47574](2/2)
KST 07/31/24 14:17:15 INFO [info_mgr] > [UpdateStationArvlBus] - Updating complete.
KST 07/31/24 14:17:15 INFO [info_mgr] > [updateWeatherInfo] - Start updating . . . 
KST 07/31/24 14:17:15 INFO [info_mgr] > [UpdateWeatherInfo] - Updating . . . [22162](1/2)
KST 07/31/24 14:17:31 INFO [info_mgr] > Created Logger. (info_mgr)
KST 07/31/24 14:17:31 INFO [info_mgr] > Logging start. <class 'module.info_manager.info_manager'>
KST 07/31/24 14:17:31 INFO [info_mgr] >  * Regi station list : [{'keyword': '22162', 'stationDesc': 'KCC역', 'stationInfo': None, 'arvlBus': None, 'arvlBusInfo': None, 'arvlBusRouteInfo': None, 'weatherInfo': None, 'finedustInfo': None}, {'keyword': '47574', 'stationDesc': '용마초교 방면', 'stationInfo': None, 'arvlBus': None, 'arvlBusInfo': None, 'arvlBusRouteInfo': None, 'weatherInfo': None, 'finedustInfo': None}]
KST 07/31/24 14:17:31 INFO [info_mgr] > [UpdateStationInfo] - Start updating . . .
KST 07/31/24 14:17:31 INFO [info_mgr] > [UpdateStationInfo] - Updating . . . [22162](1/2)
KST 07/31/24 14:17:31 INFO [info_mgr] > [UpdateStationInfo] - Updated. [22162](1/2)
KST 07/31/24 14:17:31 INFO [info_mgr] > [UpdateStationInfo] - Updating . . . [47574](2/2)
KST 07/31/24 14:17:31 INFO [info_mgr] > [UpdateStationInfo] - Updated. [47574](2/2)
KST 07/31/24 14:17:31 INFO [info_mgr] > [UpdateStationInfo] - Updating complete.
KST 07/31/24 14:17:31 INFO [info_mgr] > [UpdateStationArvlBus] - Start updating . . . 
KST 07/31/24 14:17:31 INFO [info_mgr] > [UpdateStationArvlBus] - Updating . . . [22162](1/2)
KST 07/31/24 14:17:31 INFO [info_mgr] > [UpdateStationArvlBus] - Updated. [22162](1/2)
KST 07/31/24 14:17:31 INFO [info_mgr] > [UpdateStationArvlBus] - Updating . . . [47574](2/2)
KST 07/31/24 14:17:31 INFO [info_mgr] > [UpdateStationArvlBus] - Updated. [47574](2/2)
KST 07/31/24 14:17:31 INFO [info_mgr] > [UpdateStationArvlBus] - Updating complete.
KST 07/31/24 14:17:31 INFO [info_mgr] > [updateWeatherInfo] - Start updating . . . 
KST 07/31/24 14:17:31 INFO [info_mgr] > [UpdateWeatherInfo] - Updating . . . [22162](1/2)
KST 07/31/24 14:18:40 INFO [info_mgr] > Created Logger. (info_mgr)
KST 07/31/24 14:18:40 INFO [info_mgr] > Logging start. <class 'module.info_manager.info_manager'>
KST 07/31/24 14:18:40 INFO [info_mgr] >  * Regi station list : [{'keyword': '22162', 'stationDesc': 'KCC역', 'stationInfo': None, 'arvlBus': None, 'arvlBusInfo': None, 'arvlBusRouteInfo': None, 'weatherInfo': None, 'finedustInfo': None}, {'keyword': '47574', 'stationDesc': '용마초교 방면', 'stationInfo': None, 'arvlBus': None, 'arvlBusInfo': None, 'arvlBusRouteInfo': None, 'weatherInfo': None, 'finedustInfo': None}]
KST 07/31/24 14:18:40 INFO [info_mgr] > [UpdateStationInfo] - Start updating . . .
KST 07/31/24 14:18:40 INFO [info_mgr] > [UpdateStationInfo] - Updating . . . [22162](1/2)
KST 07/31/24 14:18:41 INFO [info_mgr] > [UpdateStationInfo] - Updated. [22162](1/2)
KST 07/31/24 14:18:41 INFO [info_mgr] > [UpdateStationInfo] - Updating . . . [47574](2/2)
KST 07/31/24 14:18:41 INFO [info_mgr] > [UpdateStationInfo] - Updated. [47574](2/2)
KST 07/31/24 14:18:41 INFO [info_mgr] > [UpdateStationInfo] - Updating complete.
KST 07/31/24 14:18:41 INFO [info_mgr] > [UpdateStationArvlBus] - Start updating . . . 
KST 07/31/24 14:18:41 INFO [info_mgr] > [UpdateStationArvlBus] - Updating . . . [22162](1/2)
KST 07/31/24 14:18:41 INFO [info_mgr] > [UpdateStationArvlBus] - Updated. [22162](1/2)
KST 07/31/24 14:18:41 INFO [info_mgr] > [UpdateStationArvlBus] - Updating . . . [47574](2/2)
KST 07/31/24 14:18:41 INFO [info_mgr] > [UpdateStationArvlBus] - Updated. [47574](2/2)
KST 07/31/24 14:18:41 INFO [info_mgr] > [UpdateStationArvlBus] - Updating complete.
KST 07/31/24 14:18:41 INFO [info_mgr] > [updateWeatherInfo] - Start updating . . . 
KST 07/31/24 14:18:41 INFO [info_mgr] > [UpdateWeatherInfo] - Updating . . . [22162](1/2)
KST 07/31/24 14:18:52 INFO [info_mgr] > Created Logger. (info_mgr)
KST 07/31/24 14:18:52 INFO [info_mgr] > Logging start. <class 'module.info_manager.info_manager'>
KST 07/31/24 14:18:52 INFO [info_mgr] >  * Regi station list : [{'keyword': '22162', 'stationDesc': 'KCC역', 'stationInfo': None, 'arvlBus': None, 'arvlBusInfo': None, 'arvlBusRouteInfo': None, 'weatherInfo': None, 'finedustInfo': None}, {'keyword': '47574', 'stationDesc': '용마초교 방면', 'stationInfo': None, 'arvlBus': None, 'arvlBusInfo': None, 'arvlBusRouteInfo': None, 'weatherInfo': None, 'finedustInfo': None}]
KST 07/31/24 14:18:52 INFO [info_mgr] > [UpdateStationInfo] - Start updating . . .
KST 07/31/24 14:18:52 INFO [info_mgr] > [UpdateStationInfo] - Updating . . . [22162](1/2)
KST 07/31/24 14:18:52 INFO [info_mgr] > [UpdateStationInfo] - Updated. [22162](1/2)
KST 07/31/24 14:18:52 INFO [info_mgr] > [UpdateStationInfo] - Updating . . . [47574](2/2)
KST 07/31/24 14:18:52 INFO [info_mgr] > [UpdateStationInfo] - Updated. [47574](2/2)
KST 07/31/24 14:18:52 INFO [info_mgr] > [UpdateStationInfo] - Updating complete.
KST 07/31/24 14:18:52 INFO [info_mgr] > [UpdateStationArvlBus] - Start updating . . . 
KST 07/31/24 14:18:52 INFO [info_mgr] > [UpdateStationArvlBus] - Updating . . . [22162](1/2)
KST 07/31/24 14:18:52 INFO [info_mgr] > [UpdateStationArvlBus] - Updated. [22162](1/2)
KST 07/31/24 14:18:52 INFO [info_mgr] > [UpdateStationArvlBus] - Updating . . . [47574](2/2)
KST 07/31/24 14:18:53 INFO [info_mgr] > [UpdateStationArvlBus] - Updated. [47574](2/2)
KST 07/31/24 14:18:53 INFO [info_mgr] > [UpdateStationArvlBus] - Updating complete.
KST 07/31/24 14:18:53 INFO [info_mgr] > [updateWeatherInfo] - Start updating . . . 
KST 07/31/24 14:18:53 INFO [info_mgr] > [UpdateWeatherInfo] - Updating . . . [22162](1/2)
KST 07/31/24 14:18:53 INFO [info_mgr] > [UpdateWeatherInfo] - Updated. [22162](1/2)
KST 07/31/24 14:18:53 INFO [info_mgr] > [UpdateWeatherInfo] - Updating . . . [47574](2/2)
KST 07/31/24 14:18:54 INFO [info_mgr] > [UpdateWeatherInfo] - Updated. [47574](2/2)
KST 07/31/24 14:18:54 INFO [info_mgr] > [UpdateWeatherInfo] - Updating complete.
KST 07/31/24 14:18:54 INFO [info_mgr] > [UpdateFineDustInfo] - Start updating . . . 
KST 07/31/24 14:18:54 INFO [info_mgr] > [UpdateFineDustInfo] - Updating . . . [22162](1/2)
KST 07/31/24 14:18:55 INFO [info_mgr] > [UpdateFineDustInfo] - Updated. [22162](1/2)
KST 07/31/24 14:18:55 INFO [info_mgr] > [UpdateFineDustInfo] - Updating . . . [47574](2/2)
KST 07/31/24 14:18:55 INFO [info_mgr] > [UpdateFineDustInfo] - Updated. [47574](2/2)
KST 07/31/24 14:18:55 INFO [info_mgr] > [UpdateFineDustInfo] - Updating complete.
KST 07/31/24 14:19:34 INFO [info_mgr] > Created Logger. (info_mgr)
KST 07/31/24 14:19:34 INFO [info_mgr] > Logging start. <class 'module.info_manager.info_manager'>
KST 07/31/24 14:19:34 INFO [info_mgr] >  * Regi station list : [{'keyword': '22162', 'stationDesc': 'KCC역', 'stationInfo': None, 'arvlBus': None, 'arvlBusInfo': None, 'arvlBusRouteInfo': None, 'weatherInfo': None, 'finedustInfo': None}, {'keyword': '47574', 'stationDesc': '용마초교 방면', 'stationInfo': None, 'arvlBus': None, 'arvlBusInfo': None, 'arvlBusRouteInfo': None, 'weatherInfo': None, 'finedustInfo': None}]
KST 07/31/24 14:19:34 INFO [info_mgr] > [UpdateStationInfo] - Start updating . . .
KST 07/31/24 14:19:34 INFO [info_mgr] > [UpdateStationInfo] - Updating . . . [22162](1/2)
KST 07/31/24 14:19:35 INFO [info_mgr] > [UpdateStationInfo] - Updated. [22162](1/2)
KST 07/31/24 14:19:35 INFO [info_mgr] > [UpdateStationInfo] - Updating . . . [47574](2/2)
KST 07/31/24 14:19:35 INFO [info_mgr] > [UpdateStationInfo] - Updated. [47574](2/2)
KST 07/31/24 14:19:35 INFO [info_mgr] > [UpdateStationInfo] - Updating complete.
KST 07/31/24 14:19:35 INFO [info_mgr] > [UpdateStationArvlBus] - Start updating . . . 
KST 07/31/24 14:19:35 INFO [info_mgr] > [UpdateStationArvlBus] - Updating . . . [22162](1/2)
KST 07/31/24 14:19:35 INFO [info_mgr] > [UpdateStationArvlBus] - Updated. [22162](1/2)
KST 07/31/24 14:19:35 INFO [info_mgr] > [UpdateStationArvlBus] - Updating . . . [47574](2/2)
KST 07/31/24 14:19:35 INFO [info_mgr] > [UpdateStationArvlBus] - Updated. [47574](2/2)
KST 07/31/24 14:19:35 INFO [info_mgr] > [UpdateStationArvlBus] - Updating complete.
KST 07/31/24 14:19:35 INFO [info_mgr] > [updateWeatherInfo] - Start updating . . . 
KST 07/31/24 14:19:35 INFO [info_mgr] > [UpdateWeatherInfo] - Updating . . . [22162](1/2)
KST 07/31/24 14:19:36 INFO [info_mgr] > [UpdateWeatherInfo] - Updated. [22162](1/2)
KST 07/31/24 14:19:36 INFO [info_mgr] > [UpdateWeatherInfo] - Updating . . . [47574](2/2)
KST 07/31/24 14:19:37 INFO [info_mgr] > [UpdateWeatherInfo] - Updated. [47574](2/2)
KST 07/31/24 14:19:37 INFO [info_mgr] > [UpdateWeatherInfo] - Updating complete.
KST 07/31/24 14:19:37 INFO [info_mgr] > [UpdateFineDustInfo] - Start updating . . . 
KST 07/31/24 14:19:37 INFO [info_mgr] > [UpdateFineDustInfo] - Updating . . . [22162](1/2)
KST 07/31/24 14:19:37 INFO [info_mgr] > [UpdateFineDustInfo] - Updated. [22162](1/2)
KST 07/31/24 14:19:37 INFO [info_mgr] > [UpdateFineDustInfo] - Updating . . . [47574](2/2)
KST 07/31/24 14:19:38 INFO [info_mgr] > [UpdateFineDustInfo] - Updated. [47574](2/2)
KST 07/31/24 14:19:38 INFO [info_mgr] > [UpdateFineDustInfo] - Updating complete.
KST 07/31/24 14:22:19 INFO [info_mgr] > Created Logger. (info_mgr)
KST 07/31/24 14:22:19 INFO [info_mgr] > Logging start. <class 'module.info_manager.info_manager'>
KST 07/31/24 14:22:19 INFO [info_mgr] >  * Regi station list : [{'keyword': '47573', 'stationDesc': 'TEST1', 'stationInfo': None, 'arvlBus': None, 'arvlBusInfo': None, 'arvlBusRouteInfo': None, 'weatherInfo': None, 'finedustInfo': None}, {'keyword': '47574', 'stationDesc': 'TEST2', 'stationInfo': None, 'arvlBus': None, 'arvlBusInfo': None, 'arvlBusRouteInfo': None, 'weatherInfo': None, 'finedustInfo': None}]
KST 07/31/24 14:22:19 INFO [info_mgr] > [UpdateStationInfo] - Start updating . . .
KST 07/31/24 14:22:19 INFO [info_mgr] > [UpdateStationInfo] - Updating . . . [47573](1/2)
KST 07/31/24 14:22:19 INFO [info_mgr] > [UpdateStationInfo] - Updated. [47573](1/2)
KST 07/31/24 14:22:19 INFO [info_mgr] > [UpdateStationInfo] - Updating . . . [47574](2/2)
KST 07/31/24 14:22:19 INFO [info_mgr] > [UpdateStationInfo] - Updated. [47574](2/2)
KST 07/31/24 14:22:19 INFO [info_mgr] > [UpdateStationInfo] - Updating complete.
KST 07/31/24 14:22:19 INFO [info_mgr] > [UpdateStationArvlBus] - Start updating . . . 
KST 07/31/24 14:22:19 INFO [info_mgr] > [UpdateStationArvlBus] - Updating . . . [47573](1/2)
KST 07/31/24 14:22:19 INFO [info_mgr] > [UpdateStationArvlBus] - Updated. [47573](1/2)
KST 07/31/24 14:22:19 INFO [info_mgr] > [UpdateStationArvlBus] - Updating . . . [47574](2/2)
KST 07/31/24 14:22:19 INFO [info_mgr] > [UpdateStationArvlBus] - Updated. [47574](2/2)
KST 07/31/24 14:22:19 INFO [info_mgr] > [UpdateStationArvlBus] - Updating complete.
KST 07/31/24 14:22:19 INFO [info_mgr] > [updateWeatherInfo] - Start updating . . . 
KST 07/31/24 14:22:19 INFO [info_mgr] > [UpdateWeatherInfo] - Updating . . . [47573](1/2)
KST 07/31/24 14:22:20 INFO [info_mgr] > [UpdateWeatherInfo] - Updated. [47573](1/2)
KST 07/31/24 14:22:20 INFO [info_mgr] > [UpdateWeatherInfo] - Updating . . . [47574](2/2)
KST 07/31/24 14:22:21 INFO [info_mgr] > [UpdateWeatherInfo] - Updated. [47574](2/2)
KST 07/31/24 14:22:21 INFO [info_mgr] > [UpdateWeatherInfo] - Updating complete.
KST 07/31/24 14:22:21 INFO [info_mgr] > [UpdateFineDustInfo] - Start updating . . . 
KST 07/31/24 14:22:21 INFO [info_mgr] > [UpdateFineDustInfo] - Updating . . . [47573](1/2)
KST 07/31/24 14:22:22 INFO [info_mgr] > [UpdateFineDustInfo] - Updated. [47573](1/2)
KST 07/31/24 14:22:22 INFO [info_mgr] > [UpdateFineDustInfo] - Updating . . . [47574](2/2)
KST 07/31/24 14:22:22 INFO [info_mgr] > [UpdateFineDustInfo] - Updated. [47574](2/2)
KST 07/31/24 14:22:22 INFO [info_mgr] > [UpdateFineDustInfo] - Updating complete.
KST 07/31/24 14:23:23 INFO [info_mgr] > Created Logger. (info_mgr)
KST 07/31/24 14:23:23 INFO [info_mgr] > Logging start. <class 'module.info_manager.info_manager'>
KST 07/31/24 14:23:23 INFO [info_mgr] >  * Regi station list : [{'keyword': '47573', 'stationDesc': 'TEST1', 'stationInfo': None, 'arvlBus': None, 'arvlBusInfo': None, 'arvlBusRouteInfo': None, 'weatherInfo': None, 'finedustInfo': None}, {'keyword': '47574', 'stationDesc': 'TEST2', 'stationInfo': None, 'arvlBus': None, 'arvlBusInfo': None, 'arvlBusRouteInfo': None, 'weatherInfo': None, 'finedustInfo': None}]
KST 07/31/24 14:23:23 INFO [info_mgr] > [UpdateStationInfo] - Start updating . . .
KST 07/31/24 14:23:23 INFO [info_mgr] > [UpdateStationInfo] - Updating . . . [47573](1/2)
KST 07/31/24 14:23:23 INFO [info_mgr] > [UpdateStationInfo] - Updated. [47573](1/2)
KST 07/31/24 14:23:23 INFO [info_mgr] > [UpdateStationInfo] - Updating . . . [47574](2/2)
KST 07/31/24 14:23:23 INFO [info_mgr] > [UpdateStationInfo] - Updated. [47574](2/2)
KST 07/31/24 14:23:23 INFO [info_mgr] > [UpdateStationInfo] - Updating complete.
KST 07/31/24 14:23:23 INFO [info_mgr] > [UpdateStationArvlBus] - Start updating . . . 
KST 07/31/24 14:23:23 INFO [info_mgr] > [UpdateStationArvlBus] - Updating . . . [47573](1/2)
KST 07/31/24 14:23:23 INFO [info_mgr] > [UpdateStationArvlBus] - Updated. [47573](1/2)
KST 07/31/24 14:23:23 INFO [info_mgr] > [UpdateStationArvlBus] - Updating . . . [47574](2/2)
KST 07/31/24 14:23:23 INFO [info_mgr] > [UpdateStationArvlBus] - Updated. [47574](2/2)
KST 07/31/24 14:23:23 INFO [info_mgr] > [UpdateStationArvlBus] - Updating complete.
KST 07/31/24 14:23:23 INFO [info_mgr] > [updateWeatherInfo] - Start updating . . . 
KST 07/31/24 14:23:23 INFO [info_mgr] > [UpdateWeatherInfo] - Updating . . . [47573](1/2)
KST 07/31/24 14:23:24 INFO [info_mgr] > [UpdateWeatherInfo] - Updated. [47573](1/2)
KST 07/31/24 14:23:24 INFO [info_mgr] > [UpdateWeatherInfo] - Updating . . . [47574](2/2)
KST 07/31/24 14:23:25 INFO [info_mgr] > [UpdateWeatherInfo] - Updated. [47574](2/2)
KST 07/31/24 14:23:25 INFO [info_mgr] > [UpdateWeatherInfo] - Updating complete.
KST 07/31/24 14:23:25 INFO [info_mgr] > [UpdateFineDustInfo] - Start updating . . . 
KST 07/31/24 14:23:25 INFO [info_mgr] > [UpdateFineDustInfo] - Updating . . . [47573](1/2)
KST 07/31/24 14:23:26 INFO [info_mgr] > [UpdateFineDustInfo] - Updated. [47573](1/2)
KST 07/31/24 14:23:26 INFO [info_mgr] > [UpdateFineDustInfo] - Updating . . . [47574](2/2)
KST 07/31/24 14:23:26 INFO [info_mgr] > [UpdateFineDustInfo] - Updated. [47574](2/2)
KST 07/31/24 14:23:26 INFO [info_mgr] > [UpdateFineDustInfo] - Updating complete.
KST 07/31/24 14:23:57 INFO [info_mgr] > Created Logger. (info_mgr)
KST 07/31/24 14:23:57 INFO [info_mgr] > Logging start. <class 'module.info_manager.info_manager'>
KST 07/31/24 14:23:57 INFO [info_mgr] >  * Regi station list : [{'keyword': '47573', 'stationDesc': 'TEST1', 'stationInfo': None, 'arvlBus': None, 'arvlBusInfo': None, 'arvlBusRouteInfo': None, 'weatherInfo': None, 'finedustInfo': None}, {'keyword': '47574', 'stationDesc': 'TEST2', 'stationInfo': None, 'arvlBus': None, 'arvlBusInfo': None, 'arvlBusRouteInfo': None, 'weatherInfo': None, 'finedustInfo': None}]
KST 07/31/24 14:23:57 INFO [info_mgr] > [UpdateStationInfo] - Start updating . . .
KST 07/31/24 14:23:57 INFO [info_mgr] > [UpdateStationInfo] - Updating . . . [47573](1/2)
KST 07/31/24 14:23:58 INFO [info_mgr] > [UpdateStationInfo] - Updated. [47573](1/2)
KST 07/31/24 14:23:58 INFO [info_mgr] > [UpdateStationInfo] - Updating . . . [47574](2/2)
KST 07/31/24 14:23:58 INFO [info_mgr] > [UpdateStationInfo] - Updated. [47574](2/2)
KST 07/31/24 14:23:58 INFO [info_mgr] > [UpdateStationInfo] - Updating complete.
KST 07/31/24 14:23:58 INFO [info_mgr] > [UpdateStationArvlBus] - Start updating . . . 
KST 07/31/24 14:23:58 INFO [info_mgr] > [UpdateStationArvlBus] - Updating . . . [47573](1/2)
KST 07/31/24 14:23:58 INFO [info_mgr] > [UpdateStationArvlBus] - Updated. [47573](1/2)
KST 07/31/24 14:23:58 INFO [info_mgr] > [UpdateStationArvlBus] - Updating . . . [47574](2/2)
KST 07/31/24 14:23:58 INFO [info_mgr] > [UpdateStationArvlBus] - Updated. [47574](2/2)
KST 07/31/24 14:23:58 INFO [info_mgr] > [UpdateStationArvlBus] - Updating complete.
KST 07/31/24 14:23:58 INFO [info_mgr] > [updateWeatherInfo] - Start updating . . . 
KST 07/31/24 14:23:58 INFO [info_mgr] > [UpdateWeatherInfo] - Updating . . . [47573](1/2)
KST 07/31/24 14:23:59 INFO [info_mgr] > [UpdateWeatherInfo] - Updated. [47573](1/2)
KST 07/31/24 14:23:59 INFO [info_mgr] > [UpdateWeatherInfo] - Updating . . . [47574](2/2)
KST 07/31/24 14:24:00 INFO [info_mgr] > [UpdateWeatherInfo] - Updated. [47574](2/2)
KST 07/31/24 14:24:00 INFO [info_mgr] > [UpdateWeatherInfo] - Updating complete.
KST 07/31/24 14:24:00 INFO [info_mgr] > [UpdateFineDustInfo] - Start updating . . . 
KST 07/31/24 14:24:00 INFO [info_mgr] > [UpdateFineDustInfo] - Updating . . . [47573](1/2)
KST 07/31/24 14:24:00 INFO [info_mgr] > [UpdateFineDustInfo] - Updated. [47573](1/2)
KST 07/31/24 14:24:00 INFO [info_mgr] > [UpdateFineDustInfo] - Updating . . . [47574](2/2)
KST 07/31/24 14:24:01 INFO [info_mgr] > [UpdateFineDustInfo] - Updated. [47574](2/2)
KST 07/31/24 14:24:01 INFO [info_mgr] > [UpdateFineDustInfo] - Updating complete.
KST 07/31/24 14:29:57 INFO [info_mgr] > Created Logger. (info_mgr)
KST 07/31/24 14:29:57 INFO [info_mgr] > Logging start. <class 'module.info_manager.info_manager'>
KST 07/31/24 14:29:57 INFO [info_mgr] >  * Regi station list : [{'keyword': '47573', 'stationDesc': 'TEST1', 'stationInfo': None, 'arvlBus': None, 'arvlBusInfo': None, 'arvlBusRouteInfo': None, 'weatherInfo': None, 'finedustInfo': None}, {'keyword': '47574', 'stationDesc': 'TEST2', 'stationInfo': None, 'arvlBus': None, 'arvlBusInfo': None, 'arvlBusRouteInfo': None, 'weatherInfo': None, 'finedustInfo': None}]
KST 07/31/24 14:29:57 INFO [info_mgr] > [UpdateStationInfo] - Start updating . . .
KST 07/31/24 14:29:57 INFO [info_mgr] > [UpdateStationInfo] - Updating . . . [47573](1/2)
KST 07/31/24 14:29:57 INFO [info_mgr] > [UpdateStationInfo] - Updated. [47573](1/2)
KST 07/31/24 14:29:57 INFO [info_mgr] > [UpdateStationInfo] - Updating . . . [47574](2/2)
KST 07/31/24 14:29:57 INFO [info_mgr] > [UpdateStationInfo] - Updated. [47574](2/2)
KST 07/31/24 14:29:57 INFO [info_mgr] > [UpdateStationInfo] - Updating complete.
KST 07/31/24 14:29:57 INFO [info_mgr] > [UpdateStationArvlBus] - Start updating . . . 
KST 07/31/24 14:29:57 INFO [info_mgr] > [UpdateStationArvlBus] - Updating . . . [47573](1/2)
KST 07/31/24 14:29:57 INFO [info_mgr] > [UpdateStationArvlBus] - Update Fail. [47573](1/2)
KST 07/31/24 14:29:57 INFO [info_mgr] > [UpdateStationArvlBus] - Updated. [47573](1/2)
KST 07/31/24 14:29:57 INFO [info_mgr] > [UpdateStationArvlBus] - Updating . . . [47574](2/2)
KST 07/31/24 14:29:58 INFO [info_mgr] > [UpdateStationArvlBus] - Updated. [47574](2/2)
KST 07/31/24 14:29:58 INFO [info_mgr] > [UpdateStationArvlBus] - Updating complete.
KST 07/31/24 14:29:58 INFO [info_mgr] > [updateWeatherInfo] - Start updating . . . 
KST 07/31/24 14:29:58 INFO [info_mgr] > [UpdateWeatherInfo] - Updating . . . [47573](1/2)
KST 07/31/24 14:30:02 INFO [info_mgr] > [UpdateWeatherInfo] - Updated. [47573](1/2)
KST 07/31/24 14:30:02 INFO [info_mgr] > [UpdateWeatherInfo] - Updating . . . [47574](2/2)
KST 07/31/24 14:30:23 INFO [info_mgr] > [UpdateWeatherInfo] - Updated. [47574](2/2)
KST 07/31/24 14:30:23 INFO [info_mgr] > [UpdateWeatherInfo] - Updating complete.
KST 07/31/24 14:30:23 INFO [info_mgr] > [UpdateFineDustInfo] - Start updating . . . 
KST 07/31/24 14:30:23 INFO [info_mgr] > [UpdateFineDustInfo] - Updating . . . [47573](1/2)
KST 07/31/24 14:30:24 INFO [info_mgr] > [UpdateFineDustInfo] - Updated. [47573](1/2)
KST 07/31/24 14:30:24 INFO [info_mgr] > [UpdateFineDustInfo] - Updating . . . [47574](2/2)
KST 07/31/24 14:30:25 INFO [info_mgr] > [UpdateFineDustInfo] - Updated. [47574](2/2)
KST 07/31/24 14:30:25 INFO [info_mgr] > [UpdateFineDustInfo] - Updating complete.
KST 07/31/24 16:04:00 INFO [info_mgr] > Created Logger. (info_mgr)
KST 07/31/24 16:04:00 INFO [info_mgr] > Logging start. <class 'module.info_manager.info_manager'>
KST 07/31/24 16:04:00 INFO [info_mgr] >  * Regi station list : [{'keyword': '47573', 'stationDesc': 'TEST1', 'stationInfo': None, 'arvlBus': None, 'arvlBusInfo': [], 'arvlBusRouteInfo': None, 'weatherInfo': None, 'finedustInfo': None}, {'keyword': '47574', 'stationDesc': 'TEST2', 'stationInfo': None, 'arvlBus': None, 'arvlBusInfo': [], 'arvlBusRouteInfo': None, 'weatherInfo': None, 'finedustInfo': None}]
KST 07/31/24 16:04:00 INFO [info_mgr] > [UpdateStationInfo] - Start updating . . .
KST 07/31/24 16:04:00 INFO [info_mgr] > [UpdateStationInfo] - Updating . . . [47573](1/2)
KST 07/31/24 16:04:00 INFO [info_mgr] > [UpdateStationInfo] - Updated. [47573](1/2)
KST 07/31/24 16:04:00 INFO [info_mgr] > [UpdateStationInfo] - Updating . . . [47574](2/2)
KST 07/31/24 16:04:01 INFO [info_mgr] > [UpdateStationInfo] - Updated. [47574](2/2)
KST 07/31/24 16:04:01 INFO [info_mgr] > [UpdateStationInfo] - Updating complete.
KST 07/31/24 16:04:01 INFO [info_mgr] > [UpdateStationArvlBus] - Start updating . . . 
KST 07/31/24 16:04:01 INFO [info_mgr] > [UpdateStationArvlBus] - Updating . . . [47573](1/2)
KST 07/31/24 16:04:01 INFO [info_mgr] > [UpdateStationArvlBus] - Updated. [47573](1/2)
KST 07/31/24 16:04:01 INFO [info_mgr] > [UpdateStationArvlBus] - Updating . . . [47574](2/2)
KST 07/31/24 16:04:01 INFO [info_mgr] > [UpdateStationArvlBus] - Updated. [47574](2/2)
KST 07/31/24 16:04:01 INFO [info_mgr] > [UpdateStationArvlBus] - Updating complete.
KST 07/31/24 16:04:01 INFO [info_mgr] > [updateWeatherInfo] - Start updating . . . 
KST 07/31/24 16:04:01 INFO [info_mgr] > [UpdateWeatherInfo] - Updating . . . [47573](1/2)
KST 07/31/24 16:04:02 INFO [info_mgr] > [UpdateWeatherInfo] - Updated. [47573](1/2)
KST 07/31/24 16:04:02 INFO [info_mgr] > [UpdateWeatherInfo] - Updating . . . [47574](2/2)
KST 07/31/24 16:04:03 INFO [info_mgr] > [UpdateWeatherInfo] - Updated. [47574](2/2)
KST 07/31/24 16:04:03 INFO [info_mgr] > [UpdateWeatherInfo] - Updating complete.
KST 07/31/24 16:04:03 INFO [info_mgr] > [UpdateFineDustInfo] - Start updating . . . 
KST 07/31/24 16:04:03 INFO [info_mgr] > [UpdateFineDustInfo] - Updating . . . [47573](1/2)
KST 07/31/24 16:04:04 INFO [info_mgr] > [UpdateFineDustInfo] - Updated. [47573](1/2)
KST 07/31/24 16:04:04 INFO [info_mgr] > [UpdateFineDustInfo] - Updating . . . [47574](2/2)
KST 07/31/24 16:04:05 INFO [info_mgr] > [UpdateFineDustInfo] - Updated. [47574](2/2)
KST 07/31/24 16:04:05 INFO [info_mgr] > [UpdateFineDustInfo] - Updating complete.
KST 07/31/24 22:41:00 INFO [info_mgr] > Created Logger. (info_mgr)
KST 07/31/24 22:41:00 INFO [info_mgr] > Logging start. <class 'module.info_manager.info_manager'>
KST 07/31/24 22:41:00 INFO [info_mgr] >  * Regi station list : [{'keyword': '47573', 'stationDesc': 'TEST1', 'stationInfo': None, 'arvlBus': None, 'arvlBusInfo': [], 'arvlBusRouteInfo': None, 'weatherInfo': None, 'finedustInfo': None}, {'keyword': '47574', 'stationDesc': 'TEST2', 'stationInfo': None, 'arvlBus': None, 'arvlBusInfo': [], 'arvlBusRouteInfo': None, 'weatherInfo': None, 'finedustInfo': None}]
KST 07/31/24 22:41:00 INFO [info_mgr] > [UpdateStationInfo] - Start updating . . .
KST 07/31/24 22:41:00 INFO [info_mgr] > [UpdateStationInfo] - Updating . . . [47573](1/2)
KST 07/31/24 22:41:01 INFO [info_mgr] > [UpdateStationInfo] - Updated. [47573](1/2)
KST 07/31/24 22:41:01 INFO [info_mgr] > [UpdateStationInfo] - Updating . . . [47574](2/2)
KST 07/31/24 22:41:01 INFO [info_mgr] > [UpdateStationInfo] - Updated. [47574](2/2)
KST 07/31/24 22:41:01 INFO [info_mgr] > [UpdateStationInfo] - Updating complete.
KST 07/31/24 22:41:01 INFO [info_mgr] > [UpdateStationArvlBus] - Start updating . . . 
KST 07/31/24 22:41:01 INFO [info_mgr] > [UpdateStationArvlBus] - Updating . . . [47573](1/2)
KST 07/31/24 22:41:01 INFO [info_mgr] > [UpdateStationArvlBus] - Update Fail. [47573](1/2)
KST 07/31/24 22:41:01 INFO [info_mgr] > [UpdateStationArvlBus] - Updated. [47573](1/2)
KST 07/31/24 22:41:01 INFO [info_mgr] > [UpdateStationArvlBus] - Updating . . . [47574](2/2)
KST 07/31/24 22:41:01 INFO [info_mgr] > [UpdateStationArvlBus] - Updated. [47574](2/2)
KST 07/31/24 22:41:01 INFO [info_mgr] > [UpdateStationArvlBus] - Updating complete.
KST 07/31/24 22:41:01 INFO [info_mgr] > [updateWeatherInfo] - Start updating . . . 
KST 07/31/24 22:41:01 INFO [info_mgr] > [UpdateWeatherInfo] - Updating . . . [47573](1/2)
KST 07/31/24 22:41:02 INFO [info_mgr] > [UpdateWeatherInfo] - Updated. [47573](1/2)
KST 07/31/24 22:41:02 INFO [info_mgr] > [UpdateWeatherInfo] - Updating . . . [47574](2/2)
KST 07/31/24 22:41:04 INFO [info_mgr] > [UpdateWeatherInfo] - Updated. [47574](2/2)
KST 07/31/24 22:41:04 INFO [info_mgr] > [UpdateWeatherInfo] - Updating complete.
KST 07/31/24 22:41:04 INFO [info_mgr] > [UpdateFineDustInfo] - Start updating . . . 
KST 07/31/24 22:41:04 INFO [info_mgr] > [UpdateFineDustInfo] - Updating . . . [47573](1/2)
KST 07/31/24 22:41:05 INFO [info_mgr] > [UpdateFineDustInfo] - Updated. [47573](1/2)
KST 07/31/24 22:41:05 INFO [info_mgr] > [UpdateFineDustInfo] - Updating . . . [47574](2/2)
KST 07/31/24 22:41:06 INFO [info_mgr] > [UpdateFineDustInfo] - Updated. [47574](2/2)
KST 07/31/24 22:41:06 INFO [info_mgr] > [UpdateFineDustInfo] - Updating complete.
KST 07/31/24 22:45:57 INFO [info_mgr] > Created Logger. (info_mgr)
KST 07/31/24 22:45:57 INFO [info_mgr] > Logging start. <class 'module.info_manager.info_manager'>
KST 07/31/24 22:45:57 INFO [info_mgr] >  * Regi station list : [{'keyword': '47573', 'stationDesc': 'TEST1', 'stationInfo': None, 'arvlBus': None, 'arvlBusInfo': [], 'arvlBusRouteInfo': None, 'weatherInfo': None, 'finedustInfo': None}, {'keyword': '47574', 'stationDesc': 'TEST2', 'stationInfo': None, 'arvlBus': None, 'arvlBusInfo': [], 'arvlBusRouteInfo': None, 'weatherInfo': None, 'finedustInfo': None}]
KST 07/31/24 22:45:57 INFO [info_mgr] > [UpdateStationInfo] - Start updating . . .
KST 07/31/24 22:45:57 INFO [info_mgr] > [UpdateStationInfo] - Updating . . . [47573](1/2)
KST 07/31/24 22:45:58 INFO [info_mgr] > [UpdateStationInfo] - Updated. [47573](1/2)
KST 07/31/24 22:45:58 INFO [info_mgr] > [UpdateStationInfo] - Updating . . . [47574](2/2)
KST 07/31/24 22:45:58 INFO [info_mgr] > [UpdateStationInfo] - Updated. [47574](2/2)
KST 07/31/24 22:45:58 INFO [info_mgr] > [UpdateStationInfo] - Updating complete.
KST 07/31/24 22:45:58 INFO [info_mgr] > [UpdateStationArvlBus] - Start updating . . . 
KST 07/31/24 22:45:58 INFO [info_mgr] > [UpdateStationArvlBus] - Updating . . . [47573](1/2)
KST 07/31/24 22:45:58 INFO [info_mgr] > [UpdateStationArvlBus] - Update Fail. [47573](1/2)
KST 07/31/24 22:45:58 INFO [info_mgr] > [UpdateStationArvlBus] - Updated. [47573](1/2)
KST 07/31/24 22:45:58 INFO [info_mgr] > [UpdateStationArvlBus] - Updating . . . [47574](2/2)
KST 07/31/24 22:45:58 INFO [info_mgr] > [UpdateStationArvlBus] - Updated. [47574](2/2)
KST 07/31/24 22:45:58 INFO [info_mgr] > [UpdateStationArvlBus] - Updating complete.
KST 07/31/24 22:45:58 INFO [info_mgr] > [updateWeatherInfo] - Start updating . . . 
KST 07/31/24 22:45:58 INFO [info_mgr] > [UpdateWeatherInfo] - Updating . . . [47573](1/2)
KST 07/31/24 22:46:11 INFO [info_mgr] > [UpdateWeatherInfo] - Updated. [47573](1/2)
KST 07/31/24 22:46:11 INFO [info_mgr] > [UpdateWeatherInfo] - Updating . . . [47574](2/2)
KST 07/31/24 22:46:13 INFO [info_mgr] > [UpdateWeatherInfo] - Updated. [47574](2/2)
KST 07/31/24 22:46:13 INFO [info_mgr] > [UpdateWeatherInfo] - Updating complete.
KST 07/31/24 22:46:13 INFO [info_mgr] > [UpdateFineDustInfo] - Start updating . . . 
KST 07/31/24 22:46:13 INFO [info_mgr] > [UpdateFineDustInfo] - Updating . . . [47573](1/2)
KST 07/31/24 22:46:14 INFO [info_mgr] > [UpdateFineDustInfo] - Updated. [47573](1/2)
KST 07/31/24 22:46:14 INFO [info_mgr] > [UpdateFineDustInfo] - Updating . . . [47574](2/2)
KST 07/31/24 22:46:15 INFO [info_mgr] > [UpdateFineDustInfo] - Updated. [47574](2/2)
KST 07/31/24 22:46:15 INFO [info_mgr] > [UpdateFineDustInfo] - Updating complete.
KST 07/31/24 22:46:50 INFO [info_mgr] > Created Logger. (info_mgr)
KST 07/31/24 22:46:50 INFO [info_mgr] > Logging start. <class 'module.info_manager.info_manager'>
KST 07/31/24 22:46:50 INFO [info_mgr] >  * Regi station list : [{'keyword': '47573', 'stationDesc': 'TEST1', 'stationInfo': None, 'arvlBus': None, 'arvlBusInfo': [], 'arvlBusRouteInfo': None, 'weatherInfo': None, 'finedustInfo': None}, {'keyword': '47574', 'stationDesc': 'TEST2', 'stationInfo': None, 'arvlBus': None, 'arvlBusInfo': [], 'arvlBusRouteInfo': None, 'weatherInfo': None, 'finedustInfo': None}]
KST 07/31/24 22:46:50 INFO [info_mgr] > [UpdateStationInfo] - Start updating . . .
KST 07/31/24 22:46:50 INFO [info_mgr] > [UpdateStationInfo] - Updating . . . [47573](1/2)
KST 07/31/24 22:46:50 INFO [info_mgr] > [UpdateStationInfo] - Updated. [47573](1/2)
KST 07/31/24 22:46:50 INFO [info_mgr] > [UpdateStationInfo] - Updating . . . [47574](2/2)
KST 07/31/24 22:46:50 INFO [info_mgr] > [UpdateStationInfo] - Updated. [47574](2/2)
KST 07/31/24 22:46:50 INFO [info_mgr] > [UpdateStationInfo] - Updating complete.
KST 07/31/24 22:46:50 INFO [info_mgr] > [UpdateStationArvlBus] - Start updating . . . 
KST 07/31/24 22:46:50 INFO [info_mgr] > [UpdateStationArvlBus] - Updating . . . [47573](1/2)
KST 07/31/24 22:46:50 INFO [info_mgr] > [UpdateStationArvlBus] - Update Fail. [47573](1/2)
KST 07/31/24 22:46:50 INFO [info_mgr] > [UpdateStationArvlBus] - Updated. [47573](1/2)
KST 07/31/24 22:46:50 INFO [info_mgr] > [UpdateStationArvlBus] - Updating . . . [47574](2/2)
KST 07/31/24 22:46:50 INFO [info_mgr] > [UpdateStationArvlBus] - Updated. [47574](2/2)
KST 07/31/24 22:46:50 INFO [info_mgr] > [UpdateStationArvlBus] - Updating complete.
KST 07/31/24 22:46:50 INFO [info_mgr] > [UpdateStationArvlBusInfo] - Start updating . . . 
KST 07/31/24 22:46:50 WARNING [info_mgr] > [UpdateStationArvlBusInfo] - Skip. [47573](1/2)
KST 07/31/24 22:46:50 INFO [info_mgr] > [UpdateStationArvlBusInfo] - Updating . . . [47574](2/2)
KST 07/31/24 22:48:31 INFO [info_mgr] > Created Logger. (info_mgr)
KST 07/31/24 22:48:31 INFO [info_mgr] > Logging start. <class 'module.info_manager.info_manager'>
KST 07/31/24 22:48:31 INFO [info_mgr] >  * Regi station list : [{'keyword': '47573', 'stationDesc': 'TEST1', 'stationInfo': None, 'arvlBus': None, 'arvlBusInfo': [], 'arvlBusRouteInfo': None, 'weatherInfo': None, 'finedustInfo': None}, {'keyword': '47574', 'stationDesc': 'TEST2', 'stationInfo': None, 'arvlBus': None, 'arvlBusInfo': [], 'arvlBusRouteInfo': None, 'weatherInfo': None, 'finedustInfo': None}]
KST 07/31/24 22:48:31 INFO [info_mgr] > [UpdateStationInfo] - Start updating . . .
KST 07/31/24 22:48:31 INFO [info_mgr] > [UpdateStationInfo] - Updating . . . [47573](1/2)
KST 07/31/24 22:48:31 INFO [info_mgr] > [UpdateStationInfo] - Updated. [47573](1/2)
KST 07/31/24 22:48:31 INFO [info_mgr] > [UpdateStationInfo] - Updating . . . [47574](2/2)
KST 07/31/24 22:48:31 INFO [info_mgr] > [UpdateStationInfo] - Updated. [47574](2/2)
KST 07/31/24 22:48:31 INFO [info_mgr] > [UpdateStationInfo] - Updating complete.
KST 07/31/24 22:48:31 INFO [info_mgr] > [UpdateStationArvlBus] - Start updating . . . 
KST 07/31/24 22:48:31 INFO [info_mgr] > [UpdateStationArvlBus] - Updating . . . [47573](1/2)
KST 07/31/24 22:48:31 INFO [info_mgr] > [UpdateStationArvlBus] - Update Fail. [47573](1/2)
KST 07/31/24 22:48:31 INFO [info_mgr] > [UpdateStationArvlBus] - Updated. [47573](1/2)
KST 07/31/24 22:48:31 INFO [info_mgr] > [UpdateStationArvlBus] - Updating . . . [47574](2/2)
KST 07/31/24 22:48:31 INFO [info_mgr] > [UpdateStationArvlBus] - Updated. [47574](2/2)
KST 07/31/24 22:48:31 INFO [info_mgr] > [UpdateStationArvlBus] - Updating complete.
KST 07/31/24 22:48:31 INFO [info_mgr] > [UpdateStationArvlBusInfo] - Start updating . . . 
KST 07/31/24 22:48:31 WARNING [info_mgr] > [UpdateStationArvlBusInfo] - Skip. [47573](1/2)
KST 07/31/24 22:48:31 INFO [info_mgr] > [UpdateStationArvlBusInfo] - Updating . . . [47574](2/2)
KST 07/31/24 22:48:31 INFO [info_mgr] > [UpdateStationArvlBusInfo] - Updated. [47574](2/2)
KST 07/31/24 22:48:31 INFO [info_mgr] > [UpdateStationArvlBusInfo] - Updating complete.
KST 07/31/24 22:48:31 INFO [info_mgr] > [updateWeatherInfo] - Start updating . . . 
KST 07/31/24 22:48:31 INFO [info_mgr] > [UpdateWeatherInfo] - Updating . . . [47573](1/2)
KST 07/31/24 22:48:33 INFO [info_mgr] > [UpdateWeatherInfo] - Updated. [47573](1/2)
KST 07/31/24 22:48:33 INFO [info_mgr] > [UpdateWeatherInfo] - Updating . . . [47574](2/2)
KST 07/31/24 22:48:34 INFO [info_mgr] > [UpdateWeatherInfo] - Updated. [47574](2/2)
KST 07/31/24 22:48:34 INFO [info_mgr] > [UpdateWeatherInfo] - Updating complete.
KST 07/31/24 22:48:34 INFO [info_mgr] > [UpdateFineDustInfo] - Start updating . . . 
KST 07/31/24 22:48:34 INFO [info_mgr] > [UpdateFineDustInfo] - Updating . . . [47573](1/2)
KST 07/31/24 22:48:35 INFO [info_mgr] > [UpdateFineDustInfo] - Updated. [47573](1/2)
KST 07/31/24 22:48:35 INFO [info_mgr] > [UpdateFineDustInfo] - Updating . . . [47574](2/2)
KST 07/31/24 22:48:36 INFO [info_mgr] > [UpdateFineDustInfo] - Updated. [47574](2/2)
KST 07/31/24 22:48:36 INFO [info_mgr] > [UpdateFineDustInfo] - Updating complete.
KST 07/31/24 22:53:52 INFO [info_mgr] > Created Logger. (info_mgr)
KST 07/31/24 22:53:52 INFO [info_mgr] > Logging start. <class 'module.info_manager.info_manager'>
KST 07/31/24 22:53:52 INFO [info_mgr] >  * Regi station list : [{'keyword': '47573', 'stationDesc': 'TEST1', 'stationInfo': None, 'arvlBus': None, 'arvlBusInfo': [], 'arvlBusRouteInfo': None, 'weatherInfo': None, 'finedustInfo': None}, {'keyword': '47574', 'stationDesc': 'TEST2', 'stationInfo': None, 'arvlBus': None, 'arvlBusInfo': [], 'arvlBusRouteInfo': None, 'weatherInfo': None, 'finedustInfo': None}]
KST 07/31/24 22:53:52 INFO [info_mgr] > [UpdateStationInfo] - Start updating . . .
KST 07/31/24 22:53:52 INFO [info_mgr] > [UpdateStationInfo] - Updating . . . [47573](1/2)
KST 07/31/24 22:53:53 INFO [info_mgr] > [UpdateStationInfo] - Updated. [47573](1/2)
KST 07/31/24 22:53:53 INFO [info_mgr] > [UpdateStationInfo] - Updating . . . [47574](2/2)
KST 07/31/24 22:53:53 INFO [info_mgr] > [UpdateStationInfo] - Updated. [47574](2/2)
KST 07/31/24 22:53:53 INFO [info_mgr] > [UpdateStationInfo] - Updating complete.
KST 07/31/24 22:53:53 INFO [info_mgr] > [UpdateStationArvlBus] - Start updating . . . 
KST 07/31/24 22:53:53 INFO [info_mgr] > [UpdateStationArvlBus] - Updating . . . [47573](1/2)
KST 07/31/24 22:53:53 INFO [info_mgr] > [UpdateStationArvlBus] - Update Fail. [47573](1/2)
KST 07/31/24 22:53:53 INFO [info_mgr] > [UpdateStationArvlBus] - Updated. [47573](1/2)
KST 07/31/24 22:53:53 INFO [info_mgr] > [UpdateStationArvlBus] - Updating . . . [47574](2/2)
KST 07/31/24 22:53:53 INFO [info_mgr] > [UpdateStationArvlBus] - Updated. [47574](2/2)
KST 07/31/24 22:53:53 INFO [info_mgr] > [UpdateStationArvlBus] - Updating complete.
KST 07/31/24 22:53:53 INFO [info_mgr] > [UpdateStationArvlBusInfo] - Start updating . . . 
KST 07/31/24 22:53:53 WARNING [info_mgr] > [UpdateStationArvlBusInfo] - Skip. [47573](1/2)
KST 07/31/24 22:53:53 INFO [info_mgr] > [UpdateStationArvlBusInfo] - Updating . . . [47574](2/2)
KST 07/31/24 22:53:53 INFO [info_mgr] > [UpdateStationArvlBusInfo] - Updated. [47574](2/2)
KST 07/31/24 22:53:53 INFO [info_mgr] > [UpdateStationArvlBusInfo] - Updating complete.
KST 07/31/24 22:53:53 INFO [info_mgr] > [updateWeatherInfo] - Start updating . . . 
KST 07/31/24 22:53:53 INFO [info_mgr] > [UpdateWeatherInfo] - Updating . . . [47573](1/2)
KST 07/31/24 22:53:54 INFO [info_mgr] > [UpdateWeatherInfo] - Updated. [47573](1/2)
KST 07/31/24 22:53:54 INFO [info_mgr] > [UpdateWeatherInfo] - Updating . . . [47574](2/2)
KST 07/31/24 22:53:56 INFO [info_mgr] > [UpdateWeatherInfo] - Updated. [47574](2/2)
KST 07/31/24 22:53:56 INFO [info_mgr] > [UpdateWeatherInfo] - Updating complete.
KST 07/31/24 22:53:56 INFO [info_mgr] > [UpdateFineDustInfo] - Start updating . . . 
KST 07/31/24 22:53:56 INFO [info_mgr] > [UpdateFineDustInfo] - Updating . . . [47573](1/2)
KST 07/31/24 22:53:57 INFO [info_mgr] > [UpdateFineDustInfo] - Updated. [47573](1/2)
KST 07/31/24 22:53:57 INFO [info_mgr] > [UpdateFineDustInfo] - Updating . . . [47574](2/2)
KST 07/31/24 22:53:57 INFO [info_mgr] > [UpdateFineDustInfo] - Updated. [47574](2/2)
KST 07/31/24 22:53:57 INFO [info_mgr] > [UpdateFineDustInfo] - Updating complete.
KST 08/04/24 14:26:58 INFO [info_mgr] > Created Logger. (info_mgr)
KST 08/04/24 14:26:58 INFO [info_mgr] > Logging start. <class 'module.info_manager.info_manager'>
KST 08/04/24 14:26:58 INFO [info_mgr] >  * Regi station list : [{'keyword': '47573', 'stationDesc': 'TEST1', 'stationInfo': None, 'arvlBus': None, 'arvlBusInfo': [], 'arvlBusRouteInfo': None, 'weatherInfo': None, 'finedustInfo': None}, {'keyword': '47574', 'stationDesc': 'TEST2', 'stationInfo': None, 'arvlBus': None, 'arvlBusInfo': [], 'arvlBusRouteInfo': None, 'weatherInfo': None, 'finedustInfo': None}]
KST 08/04/24 14:26:58 INFO [info_mgr] > [UpdateStationInfo] - Start updating . . .
KST 08/04/24 14:26:58 INFO [info_mgr] > [UpdateStationInfo] - Updating . . . [47573](1/2)
KST 08/04/24 14:26:58 INFO [info_mgr] > [UpdateStationInfo] - Updated. [47573](1/2)
KST 08/04/24 14:26:58 INFO [info_mgr] > [UpdateStationInfo] - Updating . . . [47574](2/2)
KST 08/04/24 14:26:58 INFO [info_mgr] > [UpdateStationInfo] - Updated. [47574](2/2)
KST 08/04/24 14:26:58 INFO [info_mgr] > [UpdateStationInfo] - Updating complete.
KST 08/04/24 14:26:58 INFO [info_mgr] > [UpdateStationArvlBus] - Start updating . . . 
KST 08/04/24 14:26:58 INFO [info_mgr] > [UpdateStationArvlBus] - Updating . . . [47573](1/2)
KST 08/04/24 14:26:59 INFO [info_mgr] > [UpdateStationArvlBus] - Update Fail. [47573](1/2)
KST 08/04/24 14:26:59 INFO [info_mgr] > [UpdateStationArvlBus] - Updated. [47573](1/2)
KST 08/04/24 14:26:59 INFO [info_mgr] > [UpdateStationArvlBus] - Updating . . . [47574](2/2)
KST 08/04/24 14:26:59 INFO [info_mgr] > [UpdateStationArvlBus] - Updated. [47574](2/2)
KST 08/04/24 14:26:59 INFO [info_mgr] > [UpdateStationArvlBus] - Updating complete.
KST 08/04/24 14:26:59 INFO [info_mgr] > [UpdateStationArvlBusInfo] - Start updating . . . 
KST 08/04/24 14:26:59 WARNING [info_mgr] > [UpdateStationArvlBusInfo] - Skip. [47573](1/2)
KST 08/04/24 14:26:59 INFO [info_mgr] > [UpdateStationArvlBusInfo] - Updating . . . [47574](2/2)
KST 08/04/24 14:26:59 INFO [info_mgr] > [UpdateStationArvlBusInfo] - Updated. [47574](2/2)
KST 08/04/24 14:26:59 INFO [info_mgr] > [UpdateStationArvlBusInfo] - Updating . . . [47574](2/2)
KST 08/04/24 14:26:59 INFO [info_mgr] > [UpdateStationArvlBusInfo] - Updated. [47574](2/2)
KST 08/04/24 14:26:59 INFO [info_mgr] > [UpdateStationArvlBusInfo] - Updating . . . [47574](2/2)
KST 08/04/24 14:26:59 INFO [info_mgr] > [UpdateStationArvlBusInfo] - Updated. [47574](2/2)
KST 08/04/24 14:26:59 INFO [info_mgr] > [UpdateStationArvlBusInfo] - Updating . . . [47574](2/2)
KST 08/04/24 14:26:59 INFO [info_mgr] > [UpdateStationArvlBusInfo] - Updated. [47574](2/2)
KST 08/04/24 14:26:59 INFO [info_mgr] > [UpdateStationArvlBusInfo] - Updating complete.
KST 08/04/24 14:26:59 INFO [info_mgr] > [UpdateStationArvlBusRouteInfo] - Start updating . . . 
KST 08/04/24 14:26:59 WARNING [info_mgr] > [UpdateStationArvlBusRouteInfo] - Skip. [47573](1/2)
KST 08/04/24 14:26:59 INFO [info_mgr] > [UpdateStationArvlBusRouteInfo] - Updating . . . [47574](2/2)
KST 08/04/24 14:27:30 INFO [info_mgr] > Created Logger. (info_mgr)
KST 08/04/24 14:27:30 INFO [info_mgr] > Logging start. <class 'module.info_manager.info_manager'>
KST 08/04/24 14:27:30 INFO [info_mgr] >  * Regi station list : [{'keyword': '47573', 'stationDesc': 'TEST1', 'stationInfo': None, 'arvlBus': None, 'arvlBusInfo': [], 'arvlBusRouteInfo': None, 'weatherInfo': None, 'finedustInfo': None}, {'keyword': '47574', 'stationDesc': 'TEST2', 'stationInfo': None, 'arvlBus': None, 'arvlBusInfo': [], 'arvlBusRouteInfo': None, 'weatherInfo': None, 'finedustInfo': None}]
KST 08/04/24 14:27:30 INFO [info_mgr] > [UpdateStationInfo] - Start updating . . .
KST 08/04/24 14:27:30 INFO [info_mgr] > [UpdateStationInfo] - Updating . . . [47573](1/2)
KST 08/04/24 14:27:30 INFO [info_mgr] > [UpdateStationInfo] - Updated. [47573](1/2)
KST 08/04/24 14:27:30 INFO [info_mgr] > [UpdateStationInfo] - Updating . . . [47574](2/2)
KST 08/04/24 14:27:30 INFO [info_mgr] > [UpdateStationInfo] - Updated. [47574](2/2)
KST 08/04/24 14:27:30 INFO [info_mgr] > [UpdateStationInfo] - Updating complete.
KST 08/04/24 14:27:30 INFO [info_mgr] > [UpdateStationArvlBus] - Start updating . . . 
KST 08/04/24 14:27:30 INFO [info_mgr] > [UpdateStationArvlBus] - Updating . . . [47573](1/2)
KST 08/04/24 14:27:30 INFO [info_mgr] > [UpdateStationArvlBus] - Update Fail. [47573](1/2)
KST 08/04/24 14:27:30 INFO [info_mgr] > [UpdateStationArvlBus] - Updated. [47573](1/2)
KST 08/04/24 14:27:30 INFO [info_mgr] > [UpdateStationArvlBus] - Updating . . . [47574](2/2)
KST 08/04/24 14:27:31 INFO [info_mgr] > [UpdateStationArvlBus] - Updated. [47574](2/2)
KST 08/04/24 14:27:31 INFO [info_mgr] > [UpdateStationArvlBus] - Updating complete.
KST 08/04/24 14:27:31 INFO [info_mgr] > [UpdateStationArvlBusInfo] - Start updating . . . 
KST 08/04/24 14:27:31 WARNING [info_mgr] > [UpdateStationArvlBusInfo] - Skip. [47573](1/2)
KST 08/04/24 14:27:31 INFO [info_mgr] > [UpdateStationArvlBusInfo] - Updating . . . [47574](2/2)
KST 08/04/24 14:27:31 INFO [info_mgr] > [UpdateStationArvlBusInfo] - Updated. [47574](2/2)
KST 08/04/24 14:27:31 INFO [info_mgr] > [UpdateStationArvlBusInfo] - Updating . . . [47574](2/2)
KST 08/04/24 14:27:31 INFO [info_mgr] > [UpdateStationArvlBusInfo] - Updated. [47574](2/2)
KST 08/04/24 14:27:31 INFO [info_mgr] > [UpdateStationArvlBusInfo] - Updating . . . [47574](2/2)
KST 08/04/24 14:27:31 INFO [info_mgr] > [UpdateStationArvlBusInfo] - Updated. [47574](2/2)
KST 08/04/24 14:27:31 INFO [info_mgr] > [UpdateStationArvlBusInfo] - Updating . . . [47574](2/2)
KST 08/04/24 14:27:31 INFO [info_mgr] > [UpdateStationArvlBusInfo] - Updated. [47574](2/2)
KST 08/04/24 14:27:31 INFO [info_mgr] > [UpdateStationArvlBusInfo] - Updating complete.
KST 08/04/24 14:27:31 INFO [info_mgr] > [UpdateStationArvlBusRouteInfo] - Start updating . . . 
KST 08/04/24 14:27:31 WARNING [info_mgr] > [UpdateStationArvlBusRouteInfo] - Skip. [47573](1/2)
KST 08/04/24 14:27:31 INFO [info_mgr] > [UpdateStationArvlBusRouteInfo] - Updating . . . [47574](2/2)
KST 08/04/24 14:29:39 INFO [info_mgr] > Created Logger. (info_mgr)
KST 08/04/24 14:29:39 INFO [info_mgr] > Logging start. <class 'module.info_manager.info_manager'>
KST 08/04/24 14:29:39 INFO [info_mgr] >  * Regi station list : [{'keyword': '47573', 'stationDesc': 'TEST1', 'stationInfo': None, 'arvlBus': None, 'arvlBusInfo': [], 'arvlBusRouteInfo': None, 'weatherInfo': None, 'finedustInfo': None}, {'keyword': '47574', 'stationDesc': 'TEST2', 'stationInfo': None, 'arvlBus': None, 'arvlBusInfo': [], 'arvlBusRouteInfo': None, 'weatherInfo': None, 'finedustInfo': None}]
KST 08/04/24 14:29:39 INFO [info_mgr] > [UpdateStationInfo] - Start updating . . .
KST 08/04/24 14:29:39 INFO [info_mgr] > [UpdateStationInfo] - Updating . . . [47573](1/2)
KST 08/04/24 14:29:39 INFO [info_mgr] > [UpdateStationInfo] - Updated. [47573](1/2)
KST 08/04/24 14:29:39 INFO [info_mgr] > [UpdateStationInfo] - Updating . . . [47574](2/2)
KST 08/04/24 14:29:39 INFO [info_mgr] > [UpdateStationInfo] - Updated. [47574](2/2)
KST 08/04/24 14:29:39 INFO [info_mgr] > [UpdateStationInfo] - Updating complete.
KST 08/04/24 14:29:39 INFO [info_mgr] > [UpdateStationArvlBus] - Start updating . . . 
KST 08/04/24 14:29:39 INFO [info_mgr] > [UpdateStationArvlBus] - Updating . . . [47573](1/2)
KST 08/04/24 14:29:39 INFO [info_mgr] > [UpdateStationArvlBus] - Update Fail. [47573](1/2)
KST 08/04/24 14:29:39 INFO [info_mgr] > [UpdateStationArvlBus] - Updated. [47573](1/2)
KST 08/04/24 14:29:39 INFO [info_mgr] > [UpdateStationArvlBus] - Updating . . . [47574](2/2)
KST 08/04/24 14:29:40 INFO [info_mgr] > [UpdateStationArvlBus] - Updated. [47574](2/2)
KST 08/04/24 14:29:40 INFO [info_mgr] > [UpdateStationArvlBus] - Updating complete.
KST 08/04/24 14:29:40 INFO [info_mgr] > [UpdateStationArvlBusInfo] - Start updating . . . 
KST 08/04/24 14:29:40 WARNING [info_mgr] > [UpdateStationArvlBusInfo] - Skip. [47573](1/2)
KST 08/04/24 14:29:40 INFO [info_mgr] > [UpdateStationArvlBusInfo] - Updating . . . [47574](2/2)
KST 08/04/24 14:29:40 INFO [info_mgr] > [UpdateStationArvlBusInfo] - Updated. [47574](2/2)
KST 08/04/24 14:29:40 INFO [info_mgr] > [UpdateStationArvlBusInfo] - Updating . . . [47574](2/2)
KST 08/04/24 14:29:40 INFO [info_mgr] > [UpdateStationArvlBusInfo] - Updated. [47574](2/2)
KST 08/04/24 14:29:40 INFO [info_mgr] > [UpdateStationArvlBusInfo] - Updating . . . [47574](2/2)
KST 08/04/24 14:29:40 INFO [info_mgr] > [UpdateStationArvlBusInfo] - Updated. [47574](2/2)
KST 08/04/24 14:29:40 INFO [info_mgr] > [UpdateStationArvlBusInfo] - Updating . . . [47574](2/2)
KST 08/04/24 14:29:40 INFO [info_mgr] > [UpdateStationArvlBusInfo] - Updated. [47574](2/2)
KST 08/04/24 14:29:40 INFO [info_mgr] > [UpdateStationArvlBusInfo] - Updating complete.
KST 08/04/24 14:29:40 INFO [info_mgr] > [UpdateStationArvlBusRouteInfo] - Start updating . . . 
KST 08/04/24 14:29:40 WARNING [info_mgr] > [UpdateStationArvlBusRouteInfo] - Skip. [47573](1/2)
KST 08/04/24 14:29:40 INFO [info_mgr] > [UpdateStationArvlBusRouteInfo] - Updating . . . [47574](2/2)
KST 08/04/24 15:17:06 INFO [info_mgr] > Created Logger. (info_mgr)
KST 08/04/24 15:17:06 INFO [info_mgr] > Logging start. <class 'module.info_manager.info_manager'>
KST 08/04/24 15:17:06 INFO [info_mgr] >  * Regi station list : [{'keyword': '47573', 'stationDesc': 'TEST1', 'stationInfo': None, 'arvlBus': None, 'arvlBusInfo': [], 'arvlBusRouteInfo': None, 'weatherInfo': None, 'finedustInfo': None}, {'keyword': '47574', 'stationDesc': 'TEST2', 'stationInfo': None, 'arvlBus': None, 'arvlBusInfo': [], 'arvlBusRouteInfo': None, 'weatherInfo': None, 'finedustInfo': None}]
KST 08/04/24 15:17:06 INFO [info_mgr] > [UpdateStationInfo] - Start updating . . .
KST 08/04/24 15:17:06 INFO [info_mgr] > [UpdateStationInfo] - Updating . . . [47573](1/2)
KST 08/04/24 15:17:06 INFO [info_mgr] > [UpdateStationInfo] - Updated. [47573](1/2)
KST 08/04/24 15:17:06 INFO [info_mgr] > [UpdateStationInfo] - Updating . . . [47574](2/2)
KST 08/04/24 15:17:06 INFO [info_mgr] > [UpdateStationInfo] - Updated. [47574](2/2)
KST 08/04/24 15:17:06 INFO [info_mgr] > [UpdateStationInfo] - Updating complete.
KST 08/04/24 15:17:06 INFO [info_mgr] > [UpdateStationArvlBus] - Start updating . . . 
KST 08/04/24 15:17:06 INFO [info_mgr] > [UpdateStationArvlBus] - Updating . . . [47573](1/2)
KST 08/04/24 15:17:06 INFO [info_mgr] > [UpdateStationArvlBus] - Updated. [47573](1/2)
KST 08/04/24 15:17:06 INFO [info_mgr] > [UpdateStationArvlBus] - Updating . . . [47574](2/2)
KST 08/04/24 15:17:06 INFO [info_mgr] > [UpdateStationArvlBus] - Updated. [47574](2/2)
KST 08/04/24 15:17:06 INFO [info_mgr] > [UpdateStationArvlBus] - Updating complete.
KST 08/04/24 15:17:06 INFO [info_mgr] > [UpdateStationArvlBusInfo] - Start updating . . . 
KST 08/04/24 15:17:06 INFO [info_mgr] > [UpdateStationArvlBusInfo] - Updating . . . [47573](1/2)
KST 08/04/24 15:17:06 INFO [info_mgr] > [UpdateStationArvlBusInfo] - Updated. [47573](1/2)
KST 08/04/24 15:17:06 INFO [info_mgr] > [UpdateStationArvlBusInfo] - Updating . . . [47574](2/2)
KST 08/04/24 15:17:06 INFO [info_mgr] > [UpdateStationArvlBusInfo] - Updated. [47574](2/2)
KST 08/04/24 15:17:06 INFO [info_mgr] > [UpdateStationArvlBusInfo] - Updating . . . [47574](2/2)
KST 08/04/24 15:17:06 INFO [info_mgr] > [UpdateStationArvlBusInfo] - Updated. [47574](2/2)
KST 08/04/24 15:17:06 INFO [info_mgr] > [UpdateStationArvlBusInfo] - Updating . . . [47574](2/2)
KST 08/04/24 15:17:07 INFO [info_mgr] > [UpdateStationArvlBusInfo] - Updated. [47574](2/2)
KST 08/04/24 15:17:07 INFO [info_mgr] > [UpdateStationArvlBusInfo] - Updating . . . [47574](2/2)
KST 08/04/24 15:17:07 INFO [info_mgr] > [UpdateStationArvlBusInfo] - Updated. [47574](2/2)
KST 08/04/24 15:17:07 INFO [info_mgr] > [UpdateStationArvlBusInfo] - Updating complete.
KST 08/04/24 15:17:07 INFO [info_mgr] > [UpdateStationArvlBusRouteInfo] - Start updating . . . 
KST 08/04/24 15:17:07 INFO [info_mgr] > [UpdateStationArvlBusRouteInfo] - Updating . . . [47573](1/2)
KST 08/04/24 15:30:18 INFO [info_mgr] > Created Logger. (info_mgr)
KST 08/04/24 15:30:18 INFO [info_mgr] > Logging start. <class 'module.info_manager.info_manager'>
KST 08/04/24 15:30:18 INFO [info_mgr] >  * Regi station list : [{'keyword': '47573', 'stationDesc': 'TEST1', 'stationInfo': None, 'arvlBus': None, 'arvlBusInfo': [], 'arvlBusRouteInfo': None, 'weatherInfo': None, 'finedustInfo': None}, {'keyword': '47574', 'stationDesc': 'TEST2', 'stationInfo': None, 'arvlBus': None, 'arvlBusInfo': [], 'arvlBusRouteInfo': None, 'weatherInfo': None, 'finedustInfo': None}]
KST 08/04/24 15:30:18 INFO [info_mgr] > [UpdateStationInfo] - Start updating . . .
KST 08/04/24 15:30:18 INFO [info_mgr] > [UpdateStationInfo] - Updating . . . [47573](1/2)
KST 08/04/24 15:30:18 INFO [info_mgr] > [UpdateStationInfo] - Updated. [47573](1/2)
KST 08/04/24 15:30:18 INFO [info_mgr] > [UpdateStationInfo] - Updating . . . [47574](2/2)
KST 08/04/24 15:30:18 INFO [info_mgr] > [UpdateStationInfo] - Updated. [47574](2/2)
KST 08/04/24 15:30:18 INFO [info_mgr] > [UpdateStationInfo] - Updating complete.
KST 08/04/24 15:30:18 INFO [info_mgr] > [UpdateStationArvlBus] - Start updating . . . 
KST 08/04/24 15:30:18 INFO [info_mgr] > [UpdateStationArvlBus] - Updating . . . [47573](1/2)
KST 08/04/24 15:30:18 INFO [info_mgr] > [UpdateStationArvlBus] - Updated. [47573](1/2)
KST 08/04/24 15:30:18 INFO [info_mgr] > [UpdateStationArvlBus] - Updating . . . [47574](2/2)
KST 08/04/24 15:30:18 INFO [info_mgr] > [UpdateStationArvlBus] - Updated. [47574](2/2)
KST 08/04/24 15:30:18 INFO [info_mgr] > [UpdateStationArvlBus] - Updating complete.
KST 08/04/24 15:30:18 INFO [info_mgr] > [UpdateStationArvlBusInfo] - Start updating . . . 
KST 08/04/24 15:30:18 INFO [info_mgr] > [UpdateStationArvlBusInfo] - Updating . . . [47573](1/2)
KST 08/04/24 15:30:18 INFO [info_mgr] > [UpdateStationArvlBusInfo] - Updated. [47573](1/2)
KST 08/04/24 15:30:18 INFO [info_mgr] > [UpdateStationArvlBusInfo] - Updating . . . [47574](2/2)
KST 08/04/24 15:30:18 INFO [info_mgr] > [UpdateStationArvlBusInfo] - Updated. [47574](2/2)
KST 08/04/24 15:30:18 INFO [info_mgr] > [UpdateStationArvlBusInfo] - Updating . . . [47574](2/2)
KST 08/04/24 15:30:18 INFO [info_mgr] > [UpdateStationArvlBusInfo] - Updated. [47574](2/2)
KST 08/04/24 15:30:18 INFO [info_mgr] > [UpdateStationArvlBusInfo] - Updating . . . [47574](2/2)
KST 08/04/24 15:30:19 INFO [info_mgr] > [UpdateStationArvlBusInfo] - Updated. [47574](2/2)
KST 08/04/24 15:30:19 INFO [info_mgr] > [UpdateStationArvlBusInfo] - Updating . . . [47574](2/2)
KST 08/04/24 15:30:19 INFO [info_mgr] > [UpdateStationArvlBusInfo] - Updated. [47574](2/2)
KST 08/04/24 15:30:19 INFO [info_mgr] > [UpdateStationArvlBusInfo] - Updating . . . [47574](2/2)
KST 08/04/24 15:30:19 INFO [info_mgr] > [UpdateStationArvlBusInfo] - Updated. [47574](2/2)
KST 08/04/24 15:30:19 INFO [info_mgr] > [UpdateStationArvlBusInfo] - Updating complete.
KST 08/04/24 15:30:19 INFO [info_mgr] > [UpdateStationArvlBusRouteInfo] - Start updating . . . 
KST 08/04/24 15:30:19 INFO [info_mgr] > [UpdateStationArvlBusRouteInfo] - Updating . . . [47573](1/2)
KST 08/04/24 15:32:55 INFO [info_mgr] > Created Logger. (info_mgr)
KST 08/04/24 15:32:55 INFO [info_mgr] > Logging start. <class 'module.info_manager.info_manager'>
KST 08/04/24 15:32:55 INFO [info_mgr] >  * Regi station list : [{'keyword': '47573', 'stationDesc': 'TEST1', 'stationInfo': None, 'arvlBus': None, 'arvlBusInfo': [], 'arvlBusRouteInfo': None, 'weatherInfo': None, 'finedustInfo': None}, {'keyword': '47574', 'stationDesc': 'TEST2', 'stationInfo': None, 'arvlBus': None, 'arvlBusInfo': [], 'arvlBusRouteInfo': None, 'weatherInfo': None, 'finedustInfo': None}]
KST 08/04/24 15:32:55 INFO [info_mgr] > [UpdateStationInfo] - Start updating . . .
KST 08/04/24 15:32:55 INFO [info_mgr] > [UpdateStationInfo] - Updating . . . [47573](1/2)
KST 08/04/24 15:32:55 INFO [info_mgr] > [UpdateStationInfo] - Updated. [47573](1/2)
KST 08/04/24 15:32:55 INFO [info_mgr] > [UpdateStationInfo] - Updating . . . [47574](2/2)
KST 08/04/24 15:32:55 INFO [info_mgr] > [UpdateStationInfo] - Updated. [47574](2/2)
KST 08/04/24 15:32:55 INFO [info_mgr] > [UpdateStationInfo] - Updating complete.
KST 08/04/24 15:32:55 INFO [info_mgr] > [UpdateStationArvlBus] - Start updating . . . 
KST 08/04/24 15:32:55 INFO [info_mgr] > [UpdateStationArvlBus] - Updating . . . [47573](1/2)
KST 08/04/24 15:32:55 INFO [info_mgr] > [UpdateStationArvlBus] - Update Fail. [47573](1/2)
KST 08/04/24 15:32:55 INFO [info_mgr] > [UpdateStationArvlBus] - Updated. [47573](1/2)
KST 08/04/24 15:32:55 INFO [info_mgr] > [UpdateStationArvlBus] - Updating . . . [47574](2/2)
KST 08/04/24 15:32:55 INFO [info_mgr] > [UpdateStationArvlBus] - Updated. [47574](2/2)
KST 08/04/24 15:32:55 INFO [info_mgr] > [UpdateStationArvlBus] - Updating complete.
KST 08/04/24 15:32:55 INFO [info_mgr] > [UpdateStationArvlBusInfo] - Start updating . . . 
KST 08/04/24 15:32:55 WARNING [info_mgr] > [UpdateStationArvlBusInfo] - Skip. [47573](1/2)
KST 08/04/24 15:32:55 INFO [info_mgr] > [UpdateStationArvlBusInfo] - Updating . . . [47574](2/2)
KST 08/04/24 15:32:55 INFO [info_mgr] > [UpdateStationArvlBusInfo] - Updated. [47574](2/2)
KST 08/04/24 15:32:55 INFO [info_mgr] > [UpdateStationArvlBusInfo] - Updating . . . [47574](2/2)
KST 08/04/24 15:32:55 INFO [info_mgr] > [UpdateStationArvlBusInfo] - Updated. [47574](2/2)
KST 08/04/24 15:32:55 INFO [info_mgr] > [UpdateStationArvlBusInfo] - Updating . . . [47574](2/2)
KST 08/04/24 15:32:55 INFO [info_mgr] > [UpdateStationArvlBusInfo] - Updated. [47574](2/2)
KST 08/04/24 15:32:55 INFO [info_mgr] > [UpdateStationArvlBusInfo] - Updating . . . [47574](2/2)
KST 08/04/24 15:32:55 INFO [info_mgr] > [UpdateStationArvlBusInfo] - Updated. [47574](2/2)
KST 08/04/24 15:32:55 INFO [info_mgr] > [UpdateStationArvlBusInfo] - Updating . . . [47574](2/2)
KST 08/04/24 15:32:55 INFO [info_mgr] > [UpdateStationArvlBusInfo] - Updated. [47574](2/2)
KST 08/04/24 15:32:55 INFO [info_mgr] > [UpdateStationArvlBusInfo] - Updating complete.
KST 08/04/24 15:32:55 INFO [info_mgr] > [UpdateStationArvlBusRouteInfo] - Start updating . . . 
KST 08/04/24 15:32:55 WARNING [info_mgr] > [UpdateStationArvlBusRouteInfo] - Skip. [47573](1/2)
KST 08/04/24 15:33:35 INFO [info_mgr] > Created Logger. (info_mgr)
KST 08/04/24 15:33:35 INFO [info_mgr] > Logging start. <class 'module.info_manager.info_manager'>
KST 08/04/24 15:33:35 INFO [info_mgr] >  * Regi station list : [{'keyword': '47573', 'stationDesc': 'TEST1', 'stationInfo': None, 'arvlBus': None, 'arvlBusInfo': [], 'arvlBusRouteInfo': None, 'weatherInfo': None, 'finedustInfo': None}, {'keyword': '47574', 'stationDesc': 'TEST2', 'stationInfo': None, 'arvlBus': None, 'arvlBusInfo': [], 'arvlBusRouteInfo': None, 'weatherInfo': None, 'finedustInfo': None}]
KST 08/04/24 15:33:35 INFO [info_mgr] > [UpdateStationInfo] - Start updating . . .
KST 08/04/24 15:33:35 INFO [info_mgr] > [UpdateStationInfo] - Updating . . . [47573](1/2)
KST 08/04/24 15:33:35 INFO [info_mgr] > [UpdateStationInfo] - Updated. [47573](1/2)
KST 08/04/24 15:33:35 INFO [info_mgr] > [UpdateStationInfo] - Updating . . . [47574](2/2)
KST 08/04/24 15:33:35 INFO [info_mgr] > [UpdateStationInfo] - Updated. [47574](2/2)
KST 08/04/24 15:33:35 INFO [info_mgr] > [UpdateStationInfo] - Updating complete.
KST 08/04/24 15:33:35 INFO [info_mgr] > [UpdateStationArvlBus] - Start updating . . . 
KST 08/04/24 15:33:35 INFO [info_mgr] > [UpdateStationArvlBus] - Updating . . . [47573](1/2)
KST 08/04/24 15:33:36 INFO [info_mgr] > [UpdateStationArvlBus] - Update Fail. [47573](1/2)
KST 08/04/24 15:33:36 INFO [info_mgr] > [UpdateStationArvlBus] - Updated. [47573](1/2)
KST 08/04/24 15:33:36 INFO [info_mgr] > [UpdateStationArvlBus] - Updating . . . [47574](2/2)
KST 08/04/24 15:33:36 INFO [info_mgr] > [UpdateStationArvlBus] - Updated. [47574](2/2)
KST 08/04/24 15:33:36 INFO [info_mgr] > [UpdateStationArvlBus] - Updating complete.
KST 08/04/24 15:33:36 INFO [info_mgr] > [UpdateStationArvlBusInfo] - Start updating . . . 
KST 08/04/24 15:33:36 WARNING [info_mgr] > [UpdateStationArvlBusInfo] - Skip. [47573](1/2)
KST 08/04/24 15:33:36 INFO [info_mgr] > [UpdateStationArvlBusInfo] - Updating . . . [47574](2/2)
KST 08/04/24 15:33:40 INFO [info_mgr] > [UpdateStationArvlBusInfo] - Updated. [47574](2/2)
KST 08/04/24 15:33:40 INFO [info_mgr] > [UpdateStationArvlBusInfo] - Updating . . . [47574](2/2)
KST 08/04/24 15:33:40 INFO [info_mgr] > [UpdateStationArvlBusInfo] - Updated. [47574](2/2)
KST 08/04/24 15:33:40 INFO [info_mgr] > [UpdateStationArvlBusInfo] - Updating . . . [47574](2/2)
KST 08/04/24 15:33:40 INFO [info_mgr] > [UpdateStationArvlBusInfo] - Updated. [47574](2/2)
KST 08/04/24 15:33:40 INFO [info_mgr] > [UpdateStationArvlBusInfo] - Updating . . . [47574](2/2)
KST 08/04/24 15:33:40 INFO [info_mgr] > [UpdateStationArvlBusInfo] - Updated. [47574](2/2)
KST 08/04/24 15:33:40 INFO [info_mgr] > [UpdateStationArvlBusInfo] - Updating complete.
KST 08/04/24 15:33:40 INFO [info_mgr] > [UpdateStationArvlBusRouteInfo] - Start updating . . . 
KST 08/04/24 15:33:40 WARNING [info_mgr] > [UpdateStationArvlBusRouteInfo] - Skip. [47573](1/2)
KST 08/04/24 15:53:00 INFO [info_mgr] > Created Logger. (info_mgr)
KST 08/04/24 15:53:00 INFO [info_mgr] > Logging start. <class 'module.info_manager.info_manager'>
KST 08/04/24 15:53:00 INFO [info_mgr] >  * Regi station list : [{'keyword': '47573', 'stationDesc': 'TEST1', 'stationInfo': None, 'arvlBus': None, 'arvlBusInfo': [], 'arvlBusRouteInfo': None, 'weatherInfo': None, 'finedustInfo': None}, {'keyword': '47574', 'stationDesc': 'TEST2', 'stationInfo': None, 'arvlBus': None, 'arvlBusInfo': [], 'arvlBusRouteInfo': None, 'weatherInfo': None, 'finedustInfo': None}]
KST 08/04/24 15:53:00 INFO [info_mgr] > [UpdateStationInfo] - Start updating . . .
KST 08/04/24 15:53:00 INFO [info_mgr] > [UpdateStationInfo] - Updating . . . [47573](1/2)
KST 08/04/24 15:53:00 INFO [info_mgr] > [UpdateStationInfo] - Updated. [47573](1/2)
KST 08/04/24 15:53:00 INFO [info_mgr] > [UpdateStationInfo] - Updating . . . [47574](2/2)
KST 08/04/24 15:53:01 INFO [info_mgr] > [UpdateStationInfo] - Updated. [47574](2/2)
KST 08/04/24 15:53:01 INFO [info_mgr] > [UpdateStationInfo] - Updating complete.
KST 08/04/24 15:53:01 INFO [info_mgr] > [UpdateStationArvlBus] - Start updating . . . 
KST 08/04/24 15:53:01 INFO [info_mgr] > [UpdateStationArvlBus] - Updating . . . [47573](1/2)
KST 08/04/24 15:53:01 INFO [info_mgr] > [UpdateStationArvlBus] - Updated. [47573](1/2)
KST 08/04/24 15:53:01 INFO [info_mgr] > [UpdateStationArvlBus] - Updating . . . [47574](2/2)
KST 08/04/24 15:53:01 INFO [info_mgr] > [UpdateStationArvlBus] - Updated. [47574](2/2)
KST 08/04/24 15:53:01 INFO [info_mgr] > [UpdateStationArvlBus] - Updating complete.
KST 08/04/24 15:53:01 INFO [info_mgr] > [UpdateStationArvlBusInfo] - Start updating . . . 
KST 08/04/24 15:53:01 INFO [info_mgr] > [UpdateStationArvlBusInfo] - Updating . . . [47573](1/2)
KST 08/04/24 15:53:01 INFO [info_mgr] > [UpdateStationArvlBusInfo] - Updated. [47573](1/2)
KST 08/04/24 15:53:01 INFO [info_mgr] > [UpdateStationArvlBusInfo] - Updating . . . [47574](2/2)
KST 08/04/24 15:53:01 INFO [info_mgr] > [UpdateStationArvlBusInfo] - Updated. [47574](2/2)
KST 08/04/24 15:53:01 INFO [info_mgr] > [UpdateStationArvlBusInfo] - Updating . . . [47574](2/2)
KST 08/04/24 15:53:01 INFO [info_mgr] > [UpdateStationArvlBusInfo] - Updated. [47574](2/2)
KST 08/04/24 15:53:01 INFO [info_mgr] > [UpdateStationArvlBusInfo] - Updating complete.
KST 08/04/24 15:53:01 INFO [info_mgr] > [UpdateStationArvlBusRouteInfo] - Start updating . . . 
KST 08/04/24 20:47:28 INFO [info_mgr] > Created Logger. (info_mgr)
KST 08/04/24 20:47:28 INFO [info_mgr] > Logging start. <class 'module.info_manager.info_manager'>
KST 08/04/24 20:47:28 INFO [info_mgr] >  * Regi station list : [{'keyword': '47573', 'stationDesc': 'TEST1', 'stationInfo': None, 'arvlBus': None, 'arvlBusInfo': [], 'arvlBusRouteInfo': None, 'weatherInfo': None, 'finedustInfo': None}, {'keyword': '47574', 'stationDesc': 'TEST2', 'stationInfo': None, 'arvlBus': None, 'arvlBusInfo': [], 'arvlBusRouteInfo': None, 'weatherInfo': None, 'finedustInfo': None}]
KST 08/04/24 20:47:28 INFO [info_mgr] > [UpdateStationInfo] - Start updating . . .
KST 08/04/24 20:47:28 INFO [info_mgr] > [UpdateStationInfo] - Updating . . . [47573](1/2)
KST 08/04/24 20:47:28 INFO [info_mgr] > [UpdateStationInfo] - Updated. [47573](1/2)
KST 08/04/24 20:47:28 INFO [info_mgr] > [UpdateStationInfo] - Updating . . . [47574](2/2)
KST 08/04/24 20:47:28 INFO [info_mgr] > [UpdateStationInfo] - Updated. [47574](2/2)
KST 08/04/24 20:47:28 INFO [info_mgr] > [UpdateStationInfo] - Updating complete.
KST 08/04/24 20:47:28 INFO [info_mgr] > [UpdateStationArvlBus] - Start updating . . . 
KST 08/04/24 20:47:28 INFO [info_mgr] > [UpdateStationArvlBus] - Updating . . . [47573](1/2)
KST 08/04/24 20:47:28 INFO [info_mgr] > [UpdateStationArvlBus] - Update Fail. [47573](1/2)
KST 08/04/24 20:47:28 INFO [info_mgr] > [UpdateStationArvlBus] - Updated. [47573](1/2)
KST 08/04/24 20:47:28 INFO [info_mgr] > [UpdateStationArvlBus] - Updating . . . [47574](2/2)
KST 08/04/24 20:47:28 INFO [info_mgr] > [UpdateStationArvlBus] - Updated. [47574](2/2)
KST 08/04/24 20:47:28 INFO [info_mgr] > [UpdateStationArvlBus] - Updating complete.
KST 08/04/24 20:47:28 INFO [info_mgr] > [UpdateStationArvlBusInfo] - Start updating . . . 
KST 08/04/24 20:47:28 WARNING [info_mgr] > [UpdateStationArvlBusInfo] - Skip. [47573](1/2)
KST 08/04/24 20:47:28 INFO [info_mgr] > [UpdateStationArvlBusInfo] - Updating . . . [47574](2/2)
KST 08/04/24 20:47:28 INFO [info_mgr] > [UpdateStationArvlBusInfo] - Updated. [47574](2/2)
KST 08/04/24 20:47:28 INFO [info_mgr] > [UpdateStationArvlBusInfo] - Updating . . . [47574](2/2)
KST 08/04/24 20:47:28 INFO [info_mgr] > [UpdateStationArvlBusInfo] - Updated. [47574](2/2)
KST 08/04/24 20:47:28 INFO [info_mgr] > [UpdateStationArvlBusInfo] - Updating . . . [47574](2/2)
KST 08/04/24 20:47:29 INFO [info_mgr] > [UpdateStationArvlBusInfo] - Updated. [47574](2/2)
KST 08/04/24 20:47:29 INFO [info_mgr] > [UpdateStationArvlBusInfo] - Updating . . . [47574](2/2)
KST 08/04/24 20:47:29 INFO [info_mgr] > [UpdateStationArvlBusInfo] - Updated. [47574](2/2)
KST 08/04/24 20:47:29 INFO [info_mgr] > [UpdateStationArvlBusInfo] - Updating complete.
KST 08/04/24 20:47:29 INFO [info_mgr] > [UpdateStationArvlBusRouteInfo] - Start updating . . . 
KST 08/04/24 20:47:29 WARNING [info_mgr] > [UpdateStationArvlBusRouteInfo] - Skip. [47573](1/2)
KST 08/04/24 20:54:27 INFO [info_mgr] > Created Logger. (info_mgr)
KST 08/04/24 20:54:27 INFO [info_mgr] > Logging start. <class 'module.info_manager.info_manager'>
KST 08/04/24 20:54:27 INFO [info_mgr] >  * Regi station list : [{'keyword': '47573', 'stationDesc': 'TEST1', 'stationInfo': None, 'arvlBus': None, 'arvlBusInfo': [], 'arvlBusRouteInfo': None, 'weatherInfo': None, 'finedustInfo': None}, {'keyword': '47574', 'stationDesc': 'TEST2', 'stationInfo': None, 'arvlBus': None, 'arvlBusInfo': [], 'arvlBusRouteInfo': None, 'weatherInfo': None, 'finedustInfo': None}]
KST 08/04/24 20:54:27 INFO [info_mgr] > [UpdateStationInfo] - Start updating . . .
KST 08/04/24 20:54:27 INFO [info_mgr] > [UpdateStationInfo] - Updating . . . [47573](1/2)
KST 08/04/24 20:54:27 INFO [info_mgr] > [UpdateStationInfo] - Updated. [47573](1/2)
KST 08/04/24 20:54:27 INFO [info_mgr] > [UpdateStationInfo] - Updating . . . [47574](2/2)
KST 08/04/24 20:54:27 INFO [info_mgr] > [UpdateStationInfo] - Updated. [47574](2/2)
KST 08/04/24 20:54:27 INFO [info_mgr] > [UpdateStationInfo] - Updating complete.
KST 08/04/24 20:54:27 INFO [info_mgr] > [UpdateStationArvlBus] - Start updating . . . 
KST 08/04/24 20:54:27 INFO [info_mgr] > [UpdateStationArvlBus] - Updating . . . [47573](1/2)
KST 08/04/24 20:54:27 INFO [info_mgr] > [UpdateStationArvlBus] - Update Fail. [47573](1/2)
KST 08/04/24 20:54:27 INFO [info_mgr] > [UpdateStationArvlBus] - Updated. [47573](1/2)
KST 08/04/24 20:54:27 INFO [info_mgr] > [UpdateStationArvlBus] - Updating . . . [47574](2/2)
KST 08/04/24 20:54:28 INFO [info_mgr] > [UpdateStationArvlBus] - Updated. [47574](2/2)
KST 08/04/24 20:54:28 INFO [info_mgr] > [UpdateStationArvlBus] - Updating complete.
KST 08/04/24 20:54:28 INFO [info_mgr] > [UpdateStationArvlBusInfo] - Start updating . . . 
KST 08/04/24 20:54:28 WARNING [info_mgr] > [UpdateStationArvlBusInfo] - Skip. [47573](1/2)
KST 08/04/24 20:54:28 INFO [info_mgr] > [UpdateStationArvlBusInfo] - Updating . . . [47574](2/2)
KST 08/04/24 20:54:28 INFO [info_mgr] > [UpdateStationArvlBusInfo] - Updated. [47574](2/2)
KST 08/04/24 20:54:28 INFO [info_mgr] > [UpdateStationArvlBusInfo] - Updating . . . [47574](2/2)
KST 08/04/24 20:54:28 INFO [info_mgr] > [UpdateStationArvlBusInfo] - Updated. [47574](2/2)
KST 08/04/24 20:54:28 INFO [info_mgr] > [UpdateStationArvlBusInfo] - Updating . . . [47574](2/2)
KST 08/04/24 20:54:28 INFO [info_mgr] > [UpdateStationArvlBusInfo] - Updated. [47574](2/2)
KST 08/04/24 20:54:28 INFO [info_mgr] > [UpdateStationArvlBusInfo] - Updating complete.
KST 08/04/24 20:54:28 INFO [info_mgr] > [UpdateStationArvlBusRouteInfo] - Start updating . . . 
KST 08/04/24 20:54:28 WARNING [info_mgr] > [UpdateStationArvlBusRouteInfo] - Skip. Not a good status code(None). [47573](1/2)
KST 08/04/24 20:56:01 INFO [info_mgr] > Created Logger. (info_mgr)
KST 08/04/24 20:56:01 INFO [info_mgr] > Logging start. <class 'module.info_manager.info_manager'>
KST 08/04/24 20:56:01 INFO [info_mgr] >  * Regi station list : [{'keyword': '47573', 'stationDesc': 'TEST1', 'stationInfo': None, 'arvlBus': None, 'arvlBusInfo': [], 'arvlBusRouteInfo': None, 'weatherInfo': None, 'finedustInfo': None}, {'keyword': '47574', 'stationDesc': 'TEST2', 'stationInfo': None, 'arvlBus': None, 'arvlBusInfo': [], 'arvlBusRouteInfo': None, 'weatherInfo': None, 'finedustInfo': None}]
KST 08/04/24 20:56:01 INFO [info_mgr] > [UpdateStationInfo] - Start updating . . .
KST 08/04/24 20:56:01 INFO [info_mgr] > [UpdateStationInfo] - Updating . . . [47573](1/2)
KST 08/04/24 20:56:01 INFO [info_mgr] > [UpdateStationInfo] - Updated. [47573](1/2)
KST 08/04/24 20:56:01 INFO [info_mgr] > [UpdateStationInfo] - Updating . . . [47574](2/2)
KST 08/04/24 20:56:01 INFO [info_mgr] > [UpdateStationInfo] - Updated. [47574](2/2)
KST 08/04/24 20:56:01 INFO [info_mgr] > [UpdateStationInfo] - Updating complete.
KST 08/04/24 20:56:01 INFO [info_mgr] > [UpdateStationArvlBus] - Start updating . . . 
KST 08/04/24 20:56:01 INFO [info_mgr] > [UpdateStationArvlBus] - Updating . . . [47573](1/2)
KST 08/04/24 20:56:02 INFO [info_mgr] > [UpdateStationArvlBus] - Update Fail. [47573](1/2)
KST 08/04/24 20:56:02 INFO [info_mgr] > [UpdateStationArvlBus] - Updated. [47573](1/2)
KST 08/04/24 20:56:02 INFO [info_mgr] > [UpdateStationArvlBus] - Updating . . . [47574](2/2)
KST 08/04/24 20:56:02 INFO [info_mgr] > [UpdateStationArvlBus] - Updated. [47574](2/2)
KST 08/04/24 20:56:02 INFO [info_mgr] > [UpdateStationArvlBus] - Updating complete.
KST 08/04/24 20:56:02 INFO [info_mgr] > [UpdateStationArvlBusInfo] - Start updating . . . 
KST 08/04/24 20:56:02 WARNING [info_mgr] > [UpdateStationArvlBusInfo] - Skip. [47573](1/2)
KST 08/04/24 20:56:02 INFO [info_mgr] > [UpdateStationArvlBusInfo] - Updating . . . [47574](2/2)
KST 08/04/24 20:56:02 INFO [info_mgr] > [UpdateStationArvlBusInfo] - Updated. [47574](2/2)
KST 08/04/24 20:56:02 INFO [info_mgr] > [UpdateStationArvlBusInfo] - Updating . . . [47574](2/2)
KST 08/04/24 20:56:02 INFO [info_mgr] > [UpdateStationArvlBusInfo] - Updated. [47574](2/2)
KST 08/04/24 20:56:02 INFO [info_mgr] > [UpdateStationArvlBusInfo] - Updating . . . [47574](2/2)
KST 08/04/24 20:56:02 INFO [info_mgr] > [UpdateStationArvlBusInfo] - Updated. [47574](2/2)
KST 08/04/24 20:56:02 INFO [info_mgr] > [UpdateStationArvlBusInfo] - Updating complete.
KST 08/04/24 20:56:02 INFO [info_mgr] > [UpdateStationArvlBusRouteInfo] - Start updating . . . 
KST 08/04/24 20:56:02 WARNING [info_mgr] > [UpdateStationArvlBusRouteInfo] - Skip. Not a good status code(4). [47573](1/2)
KST 08/04/24 21:00:59 INFO [info_mgr] > Created Logger. (info_mgr)
KST 08/04/24 21:00:59 INFO [info_mgr] > Logging start. <class 'module.info_manager.info_manager'>
KST 08/04/24 21:00:59 INFO [info_mgr] >  * Regi station list : [{'keyword': '47573', 'stationDesc': 'TEST1', 'stationInfo': None, 'arvlBus': None, 'arvlBusInfo': [], 'arvlBusRouteInfo': None, 'weatherInfo': None, 'finedustInfo': None}, {'keyword': '47574', 'stationDesc': 'TEST2', 'stationInfo': None, 'arvlBus': None, 'arvlBusInfo': [], 'arvlBusRouteInfo': None, 'weatherInfo': None, 'finedustInfo': None}]
KST 08/04/24 21:00:59 INFO [info_mgr] > [UpdateStationInfo] - Start updating . . .
KST 08/04/24 21:00:59 INFO [info_mgr] > [UpdateStationInfo] - Updating . . . [47573](1/2)
KST 08/04/24 21:00:59 INFO [info_mgr] > [UpdateStationInfo] - Updated. [47573](1/2)
KST 08/04/24 21:00:59 INFO [info_mgr] > [UpdateStationInfo] - Updating . . . [47574](2/2)
KST 08/04/24 21:00:59 INFO [info_mgr] > [UpdateStationInfo] - Updated. [47574](2/2)
KST 08/04/24 21:00:59 INFO [info_mgr] > [UpdateStationInfo] - Updating complete.
KST 08/04/24 21:00:59 INFO [info_mgr] > [UpdateStationArvlBus] - Start updating . . . 
KST 08/04/24 21:00:59 INFO [info_mgr] > [UpdateStationArvlBus] - Updating . . . [47573](1/2)
KST 08/04/24 21:00:59 INFO [info_mgr] > [UpdateStationArvlBus] - Update Fail. [47573](1/2)
KST 08/04/24 21:00:59 INFO [info_mgr] > [UpdateStationArvlBus] - Updated. [47573](1/2)
KST 08/04/24 21:00:59 INFO [info_mgr] > [UpdateStationArvlBus] - Updating . . . [47574](2/2)
KST 08/04/24 21:00:59 INFO [info_mgr] > [UpdateStationArvlBus] - Updated. [47574](2/2)
KST 08/04/24 21:00:59 INFO [info_mgr] > [UpdateStationArvlBus] - Updating complete.
KST 08/04/24 21:00:59 INFO [info_mgr] > [UpdateStationArvlBusInfo] - Start updating . . . 
KST 08/04/24 21:00:59 WARNING [info_mgr] > [UpdateStationArvlBusInfo] - Skip. [47573](1/2)
KST 08/04/24 21:00:59 INFO [info_mgr] > [UpdateStationArvlBusInfo] - Updating . . . [47574](2/2)
KST 08/04/24 21:00:59 INFO [info_mgr] > [UpdateStationArvlBusInfo] - Updated. [47574](2/2)
KST 08/04/24 21:00:59 INFO [info_mgr] > [UpdateStationArvlBusInfo] - Updating . . . [47574](2/2)
KST 08/04/24 21:01:00 INFO [info_mgr] > [UpdateStationArvlBusInfo] - Updated. [47574](2/2)
KST 08/04/24 21:01:00 INFO [info_mgr] > [UpdateStationArvlBusInfo] - Updating . . . [47574](2/2)
KST 08/04/24 21:01:00 INFO [info_mgr] > [UpdateStationArvlBusInfo] - Updated. [47574](2/2)
KST 08/04/24 21:01:00 INFO [info_mgr] > [UpdateStationArvlBusInfo] - Updating complete.
KST 08/04/24 21:01:00 INFO [info_mgr] > [UpdateStationArvlBusRouteInfo] - Start updating . . . 
KST 08/04/24 21:01:00 WARNING [info_mgr] > [UpdateStationArvlBusRouteInfo] - Skip. Not a good status code(4). [47573](1/2)
KST 08/04/24 21:02:41 INFO [info_mgr] > Created Logger. (info_mgr)
KST 08/04/24 21:02:41 INFO [info_mgr] > Logging start. <class 'module.info_manager.info_manager'>
KST 08/04/24 21:02:41 INFO [info_mgr] >  * Regi station list : [{'keyword': '47573', 'stationDesc': 'TEST1', 'stationInfo': None, 'arvlBus': None, 'arvlBusInfo': [], 'arvlBusRouteInfo': None, 'weatherInfo': None, 'finedustInfo': None}, {'keyword': '47574', 'stationDesc': 'TEST2', 'stationInfo': None, 'arvlBus': None, 'arvlBusInfo': [], 'arvlBusRouteInfo': None, 'weatherInfo': None, 'finedustInfo': None}]
KST 08/04/24 21:02:41 INFO [info_mgr] > [UpdateStationInfo] - Start updating . . .
KST 08/04/24 21:02:41 INFO [info_mgr] > [UpdateStationInfo] - Updating . . . [47573](1/2)
KST 08/04/24 21:02:41 INFO [info_mgr] > [UpdateStationInfo] - Updated. [47573](1/2)
KST 08/04/24 21:02:41 INFO [info_mgr] > [UpdateStationInfo] - Updating . . . [47574](2/2)
KST 08/04/24 21:02:41 INFO [info_mgr] > [UpdateStationInfo] - Updated. [47574](2/2)
KST 08/04/24 21:02:41 INFO [info_mgr] > [UpdateStationInfo] - Updating complete.
KST 08/04/24 21:02:41 INFO [info_mgr] > [UpdateStationArvlBus] - Start updating . . . 
KST 08/04/24 21:02:41 INFO [info_mgr] > [UpdateStationArvlBus] - Updating . . . [47573](1/2)
KST 08/04/24 21:02:41 INFO [info_mgr] > [UpdateStationArvlBus] - Updated. [47573](1/2)
KST 08/04/24 21:02:41 INFO [info_mgr] > [UpdateStationArvlBus] - Updating . . . [47574](2/2)
KST 08/04/24 21:02:41 INFO [info_mgr] > [UpdateStationArvlBus] - Updated. [47574](2/2)
KST 08/04/24 21:02:41 INFO [info_mgr] > [UpdateStationArvlBus] - Updating complete.
KST 08/04/24 21:02:41 INFO [info_mgr] > [UpdateStationArvlBusInfo] - Start updating . . . 
KST 08/04/24 21:02:41 INFO [info_mgr] > [UpdateStationArvlBusInfo] - Updating . . . [47573](1/2)
KST 08/04/24 21:02:42 INFO [info_mgr] > [UpdateStationArvlBusInfo] - Updated. [47573](1/2)
KST 08/04/24 21:02:42 INFO [info_mgr] > [UpdateStationArvlBusInfo] - Updating . . . [47573](1/2)
KST 08/04/24 21:02:42 INFO [info_mgr] > [UpdateStationArvlBusInfo] - Updated. [47573](1/2)
KST 08/04/24 21:02:42 INFO [info_mgr] > [UpdateStationArvlBusInfo] - Updating . . . [47574](2/2)
KST 08/04/24 21:02:42 INFO [info_mgr] > [UpdateStationArvlBusInfo] - Updated. [47574](2/2)
KST 08/04/24 21:02:42 INFO [info_mgr] > [UpdateStationArvlBusInfo] - Updating . . . [47574](2/2)
KST 08/04/24 21:02:42 INFO [info_mgr] > [UpdateStationArvlBusInfo] - Updated. [47574](2/2)
KST 08/04/24 21:02:42 INFO [info_mgr] > [UpdateStationArvlBusInfo] - Updating . . . [47574](2/2)
KST 08/04/24 21:02:42 INFO [info_mgr] > [UpdateStationArvlBusInfo] - Updated. [47574](2/2)
KST 08/04/24 21:02:42 INFO [info_mgr] > [UpdateStationArvlBusInfo] - Updating complete.
KST 08/04/24 21:02:42 INFO [info_mgr] > [UpdateStationArvlBusRouteInfo] - Start updating . . . 
KST 08/04/24 21:03:02 INFO [info_mgr] > Created Logger. (info_mgr)
KST 08/04/24 21:03:02 INFO [info_mgr] > Logging start. <class 'module.info_manager.info_manager'>
KST 08/04/24 21:03:02 INFO [info_mgr] >  * Regi station list : [{'keyword': '47573', 'stationDesc': 'TEST1', 'stationInfo': None, 'arvlBus': None, 'arvlBusInfo': [], 'arvlBusRouteInfo': None, 'weatherInfo': None, 'finedustInfo': None}, {'keyword': '47574', 'stationDesc': 'TEST2', 'stationInfo': None, 'arvlBus': None, 'arvlBusInfo': [], 'arvlBusRouteInfo': None, 'weatherInfo': None, 'finedustInfo': None}]
KST 08/04/24 21:03:02 INFO [info_mgr] > [UpdateStationInfo] - Start updating . . .
KST 08/04/24 21:03:02 INFO [info_mgr] > [UpdateStationInfo] - Updating . . . [47573](1/2)
KST 08/04/24 21:03:02 INFO [info_mgr] > [UpdateStationInfo] - Updated. [47573](1/2)
KST 08/04/24 21:03:02 INFO [info_mgr] > [UpdateStationInfo] - Updating . . . [47574](2/2)
KST 08/04/24 21:03:02 INFO [info_mgr] > [UpdateStationInfo] - Updated. [47574](2/2)
KST 08/04/24 21:03:02 INFO [info_mgr] > [UpdateStationInfo] - Updating complete.
KST 08/04/24 21:03:02 INFO [info_mgr] > [UpdateStationArvlBus] - Start updating . . . 
KST 08/04/24 21:03:02 INFO [info_mgr] > [UpdateStationArvlBus] - Updating . . . [47573](1/2)
KST 08/04/24 21:03:02 INFO [info_mgr] > [UpdateStationArvlBus] - Updated. [47573](1/2)
KST 08/04/24 21:03:02 INFO [info_mgr] > [UpdateStationArvlBus] - Updating . . . [47574](2/2)
KST 08/04/24 21:03:02 INFO [info_mgr] > [UpdateStationArvlBus] - Updated. [47574](2/2)
KST 08/04/24 21:03:02 INFO [info_mgr] > [UpdateStationArvlBus] - Updating complete.
KST 08/04/24 21:03:02 INFO [info_mgr] > [UpdateStationArvlBusInfo] - Start updating . . . 
KST 08/04/24 21:03:02 INFO [info_mgr] > [UpdateStationArvlBusInfo] - Updating . . . [47573](1/2)
KST 08/04/24 21:03:03 INFO [info_mgr] > [UpdateStationArvlBusInfo] - Updated. [47573](1/2)
KST 08/04/24 21:03:03 INFO [info_mgr] > [UpdateStationArvlBusInfo] - Updating . . . [47573](1/2)
KST 08/04/24 21:03:03 INFO [info_mgr] > [UpdateStationArvlBusInfo] - Updated. [47573](1/2)
KST 08/04/24 21:03:03 INFO [info_mgr] > [UpdateStationArvlBusInfo] - Updating . . . [47574](2/2)
KST 08/04/24 21:03:03 INFO [info_mgr] > [UpdateStationArvlBusInfo] - Updated. [47574](2/2)
KST 08/04/24 21:03:03 INFO [info_mgr] > [UpdateStationArvlBusInfo] - Updating . . . [47574](2/2)
KST 08/04/24 21:03:03 INFO [info_mgr] > [UpdateStationArvlBusInfo] - Updated. [47574](2/2)
KST 08/04/24 21:03:03 INFO [info_mgr] > [UpdateStationArvlBusInfo] - Updating . . . [47574](2/2)
KST 08/04/24 21:03:03 INFO [info_mgr] > [UpdateStationArvlBusInfo] - Updated. [47574](2/2)
KST 08/04/24 21:03:03 INFO [info_mgr] > [UpdateStationArvlBusInfo] - Updating complete.
KST 08/04/24 21:03:03 INFO [info_mgr] > [UpdateStationArvlBusRouteInfo] - Start updating . . . 
KST 08/04/24 21:03:35 INFO [info_mgr] > Created Logger. (info_mgr)
KST 08/04/24 21:03:35 INFO [info_mgr] > Logging start. <class 'module.info_manager.info_manager'>
KST 08/04/24 21:03:35 INFO [info_mgr] >  * Regi station list : [{'keyword': '47573', 'stationDesc': 'TEST1', 'stationInfo': None, 'arvlBus': None, 'arvlBusInfo': [], 'arvlBusRouteInfo': None, 'weatherInfo': None, 'finedustInfo': None}, {'keyword': '47574', 'stationDesc': 'TEST2', 'stationInfo': None, 'arvlBus': None, 'arvlBusInfo': [], 'arvlBusRouteInfo': None, 'weatherInfo': None, 'finedustInfo': None}]
KST 08/04/24 21:03:35 INFO [info_mgr] > [UpdateStationInfo] - Start updating . . .
KST 08/04/24 21:03:35 INFO [info_mgr] > [UpdateStationInfo] - Updating . . . [47573](1/2)
KST 08/04/24 21:03:35 INFO [info_mgr] > [UpdateStationInfo] - Updated. [47573](1/2)
KST 08/04/24 21:03:35 INFO [info_mgr] > [UpdateStationInfo] - Updating . . . [47574](2/2)
KST 08/04/24 21:03:35 INFO [info_mgr] > [UpdateStationInfo] - Updated. [47574](2/2)
KST 08/04/24 21:03:35 INFO [info_mgr] > [UpdateStationInfo] - Updating complete.
KST 08/04/24 21:03:35 INFO [info_mgr] > [UpdateStationArvlBus] - Start updating . . . 
KST 08/04/24 21:03:35 INFO [info_mgr] > [UpdateStationArvlBus] - Updating . . . [47573](1/2)
KST 08/04/24 21:03:35 INFO [info_mgr] > [UpdateStationArvlBus] - Updated. [47573](1/2)
KST 08/04/24 21:03:35 INFO [info_mgr] > [UpdateStationArvlBus] - Updating . . . [47574](2/2)
KST 08/04/24 21:03:35 INFO [info_mgr] > [UpdateStationArvlBus] - Updated. [47574](2/2)
KST 08/04/24 21:03:35 INFO [info_mgr] > [UpdateStationArvlBus] - Updating complete.
KST 08/04/24 21:03:35 INFO [info_mgr] > [UpdateStationArvlBusInfo] - Start updating . . . 
KST 08/04/24 21:03:35 INFO [info_mgr] > [UpdateStationArvlBusInfo] - Updating . . . [47573](1/2)
KST 08/04/24 21:03:35 INFO [info_mgr] > [UpdateStationArvlBusInfo] - Updated. [47573](1/2)
KST 08/04/24 21:03:35 INFO [info_mgr] > [UpdateStationArvlBusInfo] - Updating . . . [47573](1/2)
KST 08/04/24 21:03:35 INFO [info_mgr] > [UpdateStationArvlBusInfo] - Updated. [47573](1/2)
KST 08/04/24 21:03:35 INFO [info_mgr] > [UpdateStationArvlBusInfo] - Updating . . . [47574](2/2)
KST 08/04/24 21:03:35 INFO [info_mgr] > [UpdateStationArvlBusInfo] - Updated. [47574](2/2)
KST 08/04/24 21:03:35 INFO [info_mgr] > [UpdateStationArvlBusInfo] - Updating . . . [47574](2/2)
KST 08/04/24 21:03:35 INFO [info_mgr] > [UpdateStationArvlBusInfo] - Updated. [47574](2/2)
KST 08/04/24 21:03:35 INFO [info_mgr] > [UpdateStationArvlBusInfo] - Updating . . . [47574](2/2)
KST 08/04/24 21:03:35 INFO [info_mgr] > [UpdateStationArvlBusInfo] - Updated. [47574](2/2)
KST 08/04/24 21:03:35 INFO [info_mgr] > [UpdateStationArvlBusInfo] - Updating complete.
KST 08/04/24 21:03:35 INFO [info_mgr] > [UpdateStationArvlBusRouteInfo] - Start updating . . . 
KST 08/04/24 21:03:35 INFO [info_mgr] > [UpdateStationArvlBusRouteInfo] - Updating . . . [](/)
KST 08/04/24 22:09:27 INFO [info_mgr] > Created Logger. (info_mgr)
KST 08/04/24 22:09:27 INFO [info_mgr] > Logging start. <class 'module.info_manager.info_manager'>
KST 08/04/24 22:09:27 INFO [info_mgr] >  * Regi station list : [{'keyword': '47573', 'stationDesc': 'TEST1', 'stationInfo': None, 'arvlBus': None, 'arvlBusInfo': [], 'arvlBusRouteInfo': None, 'weatherInfo': None, 'finedustInfo': None}, {'keyword': '47574', 'stationDesc': 'TEST2', 'stationInfo': None, 'arvlBus': None, 'arvlBusInfo': [], 'arvlBusRouteInfo': None, 'weatherInfo': None, 'finedustInfo': None}]
KST 08/04/24 22:09:27 INFO [info_mgr] > [UpdateStationInfo] - Start updating . . .
KST 08/04/24 22:09:27 INFO [info_mgr] > [UpdateStationInfo] - Updating . . . [47573](1/2)
KST 08/04/24 22:09:37 WARNING [info_mgr] > [UpdateStationInfo] - API Request fail. retry . . . (1/10)[47573]
KST 08/04/24 22:09:37 INFO [info_mgr] > [UpdateStationInfo] - Updating . . . [47573](1/2)
KST 08/04/24 22:09:47 WARNING [info_mgr] > [UpdateStationInfo] - API Request fail. retry . . . (2/10)[47573]
KST 08/04/24 22:09:47 INFO [info_mgr] > [UpdateStationInfo] - Updating . . . [47573](1/2)
KST 08/04/24 22:09:57 WARNING [info_mgr] > [UpdateStationInfo] - API Request fail. retry . . . (3/10)[47573]
KST 08/04/24 22:09:57 INFO [info_mgr] > [UpdateStationInfo] - Updating . . . [47573](1/2)
KST 08/04/24 22:10:07 WARNING [info_mgr] > [UpdateStationInfo] - API Request fail. retry . . . (4/10)[47573]
KST 08/04/24 22:10:07 INFO [info_mgr] > [UpdateStationInfo] - Updating . . . [47573](1/2)
KST 08/04/24 22:10:17 WARNING [info_mgr] > [UpdateStationInfo] - API Request fail. retry . . . (5/10)[47573]
KST 08/04/24 22:10:17 INFO [info_mgr] > [UpdateStationInfo] - Updating . . . [47573](1/2)
KST 08/04/24 22:10:27 WARNING [info_mgr] > [UpdateStationInfo] - API Request fail. retry . . . (6/10)[47573]
KST 08/04/24 22:10:27 INFO [info_mgr] > [UpdateStationInfo] - Updating . . . [47573](1/2)
KST 08/04/24 22:10:37 WARNING [info_mgr] > [UpdateStationInfo] - API Request fail. retry . . . (7/10)[47573]
KST 08/04/24 22:10:37 INFO [info_mgr] > [UpdateStationInfo] - Updating . . . [47573](1/2)
KST 08/04/24 22:10:47 WARNING [info_mgr] > [UpdateStationInfo] - API Request fail. retry . . . (8/10)[47573]
KST 08/04/24 22:10:47 INFO [info_mgr] > [UpdateStationInfo] - Updating . . . [47573](1/2)
KST 08/04/24 22:10:57 WARNING [info_mgr] > [UpdateStationInfo] - API Request fail. retry . . . (9/10)[47573]
KST 08/04/24 22:10:57 INFO [info_mgr] > [UpdateStationInfo] - Updating . . . [47573](1/2)
KST 08/04/24 22:11:07 WARNING [info_mgr] > [UpdateStationInfo] - API Request fail. retry . . . (10/10)[47573]
KST 08/04/24 22:11:07 ERROR [info_mgr] > [UpdateStationInfo] - API Request fail. [47573]
KST 08/04/24 22:11:07 INFO [info_mgr] > [UpdateStationInfo] - Update Fail. [47573](1/2)
KST 08/04/24 22:11:07 INFO [info_mgr] > [UpdateStationInfo] - Updating . . . [47574](2/2)
KST 08/04/24 22:11:17 WARNING [info_mgr] > [UpdateStationInfo] - API Request fail. retry . . . (1/10)[47574]
KST 08/04/24 22:11:17 INFO [info_mgr] > [UpdateStationInfo] - Updating . . . [47574](2/2)
KST 08/04/24 22:11:27 WARNING [info_mgr] > [UpdateStationInfo] - API Request fail. retry . . . (2/10)[47574]
KST 08/04/24 22:11:27 INFO [info_mgr] > [UpdateStationInfo] - Updating . . . [47574](2/2)
KST 08/04/24 22:11:37 WARNING [info_mgr] > [UpdateStationInfo] - API Request fail. retry . . . (3/10)[47574]
KST 08/04/24 22:11:37 INFO [info_mgr] > [UpdateStationInfo] - Updating . . . [47574](2/2)
KST 08/04/24 22:11:47 WARNING [info_mgr] > [UpdateStationInfo] - API Request fail. retry . . . (4/10)[47574]
KST 08/04/24 22:11:47 INFO [info_mgr] > [UpdateStationInfo] - Updating . . . [47574](2/2)
KST 08/04/24 22:11:57 WARNING [info_mgr] > [UpdateStationInfo] - API Request fail. retry . . . (5/10)[47574]
KST 08/04/24 22:11:57 INFO [info_mgr] > [UpdateStationInfo] - Updating . . . [47574](2/2)
KST 08/04/24 22:12:07 WARNING [info_mgr] > [UpdateStationInfo] - API Request fail. retry . . . (6/10)[47574]
KST 08/04/24 22:12:07 INFO [info_mgr] > [UpdateStationInfo] - Updating . . . [47574](2/2)
KST 08/04/24 22:12:17 WARNING [info_mgr] > [UpdateStationInfo] - API Request fail. retry . . . (7/10)[47574]
KST 08/04/24 22:12:17 INFO [info_mgr] > [UpdateStationInfo] - Updating . . . [47574](2/2)
KST 08/04/24 23:35:36 WARNING [info_mgr] > [UpdateStationInfo] - API Request fail. retry . . . (8/10)[47574]
KST 08/04/24 23:35:36 INFO [info_mgr] > [UpdateStationInfo] - Updating . . . [47574](2/2)
KST 08/04/24 23:35:42 INFO [info_mgr] > [UpdateStationInfo] - Updated. [47574](2/2)
KST 08/04/24 23:35:42 INFO [info_mgr] > [UpdateStationInfo] - Updating complete.
KST 08/04/24 23:35:42 INFO [info_mgr] > [UpdateStationArvlBus] - Start updating . . . 
KST 08/04/24 23:35:42 INFO [info_mgr] > [UpdateStationArvlBus] - Updating . . . [47574](2/2)
KST 08/04/24 23:35:42 INFO [info_mgr] > [UpdateStationArvlBus] - Updated. [47574](2/2)
KST 08/04/24 23:35:42 INFO [info_mgr] > [UpdateStationArvlBus] - Updating complete.
KST 08/04/24 23:35:42 INFO [info_mgr] > [UpdateStationArvlBusInfo] - Start updating . . . 
KST 08/04/24 23:35:42 WARNING [info_mgr] > [UpdateStationArvlBusInfo] - Skip. [47573](1/2)
KST 08/04/24 23:35:42 INFO [info_mgr] > [UpdateStationArvlBusInfo] - Updating . . . [47574](2/2)
KST 08/04/24 23:35:42 INFO [info_mgr] > [UpdateStationArvlBusInfo] - Updated. [47574](2/2)
KST 08/04/24 23:35:42 INFO [info_mgr] > [UpdateStationArvlBusInfo] - Updating complete.
KST 08/04/24 23:35:42 INFO [info_mgr] > [UpdateStationArvlBusRouteInfo] - Start updating . . . 
KST 08/04/24 23:35:42 WARNING [info_mgr] > [UpdateStationArvlBusRouteInfo] - Skip. [47573](1/2)
KST 08/04/24 23:35:42 INFO [info_mgr] > [UpdateStationArvlBusRouteInfo] - Updating . . . [](/)
