{
    "keyword": "47574",
    "stationDesc": "TEST2",
    "stationInfo": {
        "queryTime": "20240805142959",
        "apiSuccess": true,
        "apiParam": "keyword=47574",
        "rstCode": "0",
        "rstMsg": "\uc815\uc0c1\uc801\uc73c\ub85c \ucc98\ub9ac\ub418\uc5c8\uc2b5\ub2c8\ub2e4.",
        "result": {
            "centerYn": "N",
            "districtCd": "2",
            "mobileNo": "47574",
            "regionName": "\uc6a9\uc778",
            "stationId": "228000434",
            "stationName": "\uc11c\uc6b8\ubcd1\uc6d0",
            "x": "127.21465",
            "y": "37.23995"
        }
    },
    "arvlBus": {
        "queryTime": "20240805142959",
        "apiSuccess": true,
        "apiParams": "stationId=228000434",
        "rstCode": "0",
        "rstMsg": "\uc815\uc0c1\uc801\uc73c\ub85c \ucc98\ub9ac\ub418\uc5c8\uc2b5\ub2c8\ub2e4.",
        "result": [
            {
                "flag": "PASS",
                "locationNo1": "7",
                "locationNo2": "30",
                "lowPlate1": "0",
                "lowPlate2": "0",
                "plateNo1": "\uacbd\uae3078\uc5448627",
                "plateNo2": "\uacbd\uae3078\uc5449563",
                "predictTime1": "8",
                "predictTime2": "31",
                "remainSeatCnt1": "-1",
                "remainSeatCnt2": "-1",
                "routeId": "228000021",
                "staOrder": "45",
                "stationId": "228000434"
            },
            {
                "flag": "PASS",
                "locationNo1": "24",
                "locationNo2": null,
                "lowPlate1": "0",
                "lowPlate2": "0",
                "plateNo1": "\uacbd\uae3078\uc5441617",
                "plateNo2": null,
                "predictTime1": "27",
                "predictTime2": null,
                "remainSeatCnt1": "-1",
                "remainSeatCnt2": "-1",
                "routeId": "228000108",
                "staOrder": "49",
                "stationId": "228000434"
            },
            {
                "flag": "PASS",
                "locationNo1": "3",
                "locationNo2": null,
                "lowPlate1": "0",
                "lowPlate2": "0",
                "plateNo1": "\uacbd\uae3078\uc5448678",
                "plateNo2": null,
                "predictTime1": "3",
                "predictTime2": null,
                "remainSeatCnt1": "-1",
                "remainSeatCnt2": "-1",
                "routeId": "228000133",
                "staOrder": "57",
                "stationId": "228000434"
            },
            {
                "flag": "PASS",
                "locationNo1": "8",
                "locationNo2": "52",
                "lowPlate1": "0",
                "lowPlate2": "0",
                "plateNo1": "\uacbd\uae3078\uc5441626",
                "plateNo2": "\uacbd\uae3078\uc5441624",
                "predictTime1": "9",
                "predictTime2": "53",
                "remainSeatCnt1": "-1",
                "remainSeatCnt2": "-1",
                "routeId": "228000136",
                "staOrder": "76",
                "stationId": "228000434"
            }
        ]
    },
    "arvlBusInfo": [
        {
            "queryTime": "20240805142959",
            "apiSuccess": true,
            "apiParams": "routeId=228000021",
            "rstCode": "0",
            "rstMsg": "\uc815\uc0c1\uc801\uc73c\ub85c \ucc98\ub9ac\ub418\uc5c8\uc2b5\ub2c8\ub2e4.",
            "result": {
                "companyId": "4100600",
                "companyName": "\uacbd\ub0a8\uc5ec\uac1d",
                "companyTel": "031-321-3721",
                "districtCd": "2",
                "downFirstTime": "06:30",
                "downLastTime": "21:30",
                "endMobileNo": "29465",
                "endStationId": "228001150",
                "endStationName": "\uc2e0\uc6d0\uc544\ud30c\ud2b8",
                "peekAlloc": "15",
                "regionName": "\uc6a9\uc778",
                "routeId": "228000021",
                "routeName": "8",
                "routeTypeCd": "13",
                "routeTypeName": "\uc77c\ubc18\ud615\uc2dc\ub0b4\ubc84\uc2a4",
                "startMobileNo": "47634",
                "startStationId": "228001552",
                "startStationName": "(\uc784\uc2dc)\uc6a9\uc778\ud130\ubbf8\ub110",
                "upFirstTime": "06:00",
                "upLastTime": "21:00",
                "nPeekAlloc": "35"
            }
        },
        {
            "queryTime": "20240805142959",
            "apiSuccess": true,
            "apiParams": "routeId=228000108",
            "rstCode": "0",
            "rstMsg": "\uc815\uc0c1\uc801\uc73c\ub85c \ucc98\ub9ac\ub418\uc5c8\uc2b5\ub2c8\ub2e4.",
            "result": {
                "companyId": "4100600",
                "companyName": "\uacbd\ub0a8\uc5ec\uac1d",
                "companyTel": "031-321-3721",
                "districtCd": "2",
                "downFirstTime": "06:40",
                "downLastTime": "22:05",
                "endMobileNo": "38587",
                "endStationId": "234000785",
                "endStationName": "\ucd94\uace1\ub9ac\uc885\uc810",
                "peekAlloc": "70",
                "regionName": "\uad11\uc8fc,\uc6a9\uc778",
                "routeId": "228000108",
                "routeName": "95",
                "routeTypeCd": "13",
                "routeTypeName": "\uc77c\ubc18\ud615\uc2dc\ub0b4\ubc84\uc2a4",
                "startMobileNo": "47634",
                "startStationId": "228001552",
                "startStationName": "(\uc784\uc2dc)\uc6a9\uc778\ud130\ubbf8\ub110",
                "upFirstTime": "06:10",
                "upLastTime": "21:30",
                "nPeekAlloc": "240"
            }
        },
        {
            "queryTime": "20240805142959",
            "apiSuccess": true,
            "apiParams": "routeId=228000133",
            "rstCode": "0",
            "rstMsg": "\uc815\uc0c1\uc801\uc73c\ub85c \ucc98\ub9ac\ub418\uc5c8\uc2b5\ub2c8\ub2e4.",
            "result": {
                "companyId": "4100600",
                "companyName": "\uacbd\ub0a8\uc5ec\uac1d",
                "companyTel": "031-321-3721",
                "districtCd": "2",
                "downFirstTime": "06:50",
                "downLastTime": "22:10",
                "endMobileNo": "47832",
                "endStationId": "228001882",
                "endStationName": "\ub300\ub3003\ub9ac\ub9c8\uc744\ud68c\uad00",
                "peekAlloc": "30",
                "regionName": "\uc6a9\uc778",
                "routeId": "228000133",
                "routeName": "82",
                "routeTypeCd": "13",
                "routeTypeName": "\uc77c\ubc18\ud615\uc2dc\ub0b4\ubc84\uc2a4",
                "startMobileNo": "47634",
                "startStationId": "228001552",
                "startStationName": "(\uc784\uc2dc)\uc6a9\uc778\ud130\ubbf8\ub110",
                "upFirstTime": "06:20",
                "upLastTime": "21:40",
                "nPeekAlloc": "105"
            }
        },
        {
            "queryTime": "20240805143000",
            "apiSuccess": true,
            "apiParams": "routeId=228000136",
            "rstCode": "0",
            "rstMsg": "\uc815\uc0c1\uc801\uc73c\ub85c \ucc98\ub9ac\ub418\uc5c8\uc2b5\ub2c8\ub2e4.",
            "result": {
                "companyId": "4100600",
                "companyName": "\uacbd\ub0a8\uc5ec\uac1d",
                "companyTel": "031-321-3721",
                "districtCd": "2",
                "downFirstTime": "06:30",
                "downLastTime": "23:10",
                "endMobileNo": "47675",
                "endStationId": "228000384",
                "endStationName": "\ub9c8\uc131\ub9ac",
                "peekAlloc": "20",
                "regionName": "\uc6a9\uc778",
                "routeId": "228000136",
                "routeName": "2",
                "routeTypeCd": "13",
                "routeTypeName": "\uc77c\ubc18\ud615\uc2dc\ub0b4\ubc84\uc2a4",
                "startMobileNo": "47634",
                "startStationId": "228001552",
                "startStationName": "(\uc784\uc2dc)\uc6a9\uc778\ud130\ubbf8\ub110",
                "upFirstTime": "06:05",
                "upLastTime": "22:20",
                "nPeekAlloc": "120"
            }
        }
    ],
    "arvlBusRouteInfo": [],
    "weatherInfo": null,
    "finedustInfo": null
}